#
# There is insufficient memory for the Java Runtime Environment to continue.
# Native memory allocation (malloc) failed to allocate 272496 bytes for Chunk::new
# Possible reasons:
#   The system is out of physical RAM or swap space
#   The process is running with CompressedOops enabled, and the Java Heap may be blocking the growth of the native heap
# Possible solutions:
#   Reduce memory load on the system
#   Increase physical memory or swap space
#   Check if swap backing store is full
#   Decrease Java heap size (-Xmx/-Xms)
#   Decrease number of Java threads
#   Decrease Java thread stack sizes (-Xss)
#   Set larger code cache with -XX:ReservedCodeCacheSize=
#   JVM is running with Unscaled Compressed Oops mode in which the Java heap is
#     placed in the first 4GB address space. The Java Heap base address is the
#     maximum limit for the native heap growth. Please use -XX:HeapBaseMinAddress
#     to set the Java Heap base and to place the Java Heap above 4GB virtual address.
# This output file may be truncated or incomplete.
#
#  Out of Memory Error (./open/src/hotspot/share/memory/arena.cpp:197), pid=5136, tid=19132
#
# JRE version: Java(TM) SE Runtime Environment 18.9 (11.0.15.1+2) (build 11.0.15.1+2-LTS-10)
# Java VM: Java HotSpot(TM) 64-Bit Server VM 18.9 (11.0.15.1+2-LTS-10, mixed mode, tiered, compressed oops, g1 gc, windows-amd64)
# No core dump will be written. Minidumps are not enabled by default on client versions of Windows
#

---------------  S U M M A R Y ------------

Command Line: -Dfile.encoding=UTF-8 com.rays.ORSProject10Application

Host: Intel(R) Core(TM) i5-9300H CPU @ 2.40GHz, 8 cores, 7G,  Windows 11 , 64 bit Build 26100 (10.0.26100.8115)
Time: Thu Apr  2 16:45:27 2026 India Standard Time elapsed time: 1777.403545 seconds (0d 0h 29m 37s)

---------------  T H R E A D  ---------------

Current thread (0x0000014820754000):  JavaThread "C2 CompilerThread1" daemon [_thread_in_native, id=19132, stack(0x0000002578700000,0x0000002578800000)]


Current CompileTask:
C2:1777404 8903       4       sun.security.util.AlgorithmDecomposer::decomposeImpl (128 bytes)

Stack: [0x0000002578700000,0x0000002578800000]
Native frames: (J=compiled Java code, j=interpreted, Vv=VM code, C=native code)
V  [jvm.dll+0x629d8a]
V  [jvm.dll+0x7638ff]
V  [jvm.dll+0x764fa9]
V  [jvm.dll+0x765633]
V  [jvm.dll+0x23d9c8]
V  [jvm.dll+0xb2a1c]
V  [jvm.dll+0xb2fdc]
V  [jvm.dll+0x341002]
V  [jvm.dll+0x18c7be]
V  [jvm.dll+0x1f8672]
V  [jvm.dll+0x1f774d]
V  [jvm.dll+0x177c51]
V  [jvm.dll+0x207026]
V  [jvm.dll+0x2051bb]
V  [jvm.dll+0x729820]
V  [jvm.dll+0x7223f4]
V  [jvm.dll+0x628c26]
C  [ucrtbase.dll+0x37b0]
C  [KERNEL32.DLL+0x2e8d7]
C  [ntdll.dll+0x8c3fc]


---------------  P R O C E S S  ---------------

Threads class SMR info:
_java_thread_list=0x00000148222f8f70, length=34, elements={
0x000001481e61b800, 0x000001481e61c000, 0x000001481ef7a800, 0x000001481ef7b800,
0x000001481ef7d000, 0x000001481ef8b000, 0x000001481efa1800, 0x000001481efa9000,
0x000001481f124000, 0x00000148220f5000, 0x000001481f1ca000, 0x0000014825edc000,
0x0000014826044000, 0x0000014825171800, 0x00000148262a2000, 0x00000148262a3000,
0x00000148262a4000, 0x00000148262a1800, 0x0000014825fdd800, 0x0000014825fdc000,
0x0000014825fde800, 0x0000014825fdf000, 0x0000014825fdc800, 0x0000014825fe0000,
0x0000014825fe2800, 0x0000014825fe3000, 0x0000014825fe0800, 0x0000014825fe4000,
0x0000014825fe1800, 0x0000014825fe7800, 0x0000014825fe8000, 0x0000014820754000,
0x0000014820755000, 0x0000014825fe5800
}

Java Threads: ( => current thread )
  0x000001481e61b800 JavaThread "Reference Handler" daemon [_thread_blocked, id=24108, stack(0x0000002577c00000,0x0000002577d00000)]
  0x000001481e61c000 JavaThread "Finalizer" daemon [_thread_blocked, id=7580, stack(0x0000002577d00000,0x0000002577e00000)]
  0x000001481ef7a800 JavaThread "Signal Dispatcher" daemon [_thread_blocked, id=12276, stack(0x0000002577e00000,0x0000002577f00000)]
  0x000001481ef7b800 JavaThread "Attach Listener" daemon [_thread_blocked, id=1028, stack(0x0000002577f00000,0x0000002578000000)]
  0x000001481ef7d000 JavaThread "Service Thread" daemon [_thread_blocked, id=12984, stack(0x0000002578000000,0x0000002578100000)]
  0x000001481ef8b000 JavaThread "C2 CompilerThread0" daemon [_thread_in_native, id=3112, stack(0x0000002578100000,0x0000002578200000)]
  0x000001481efa1800 JavaThread "C1 CompilerThread0" daemon [_thread_blocked, id=6204, stack(0x0000002578200000,0x0000002578300000)]
  0x000001481efa9000 JavaThread "Sweeper thread" daemon [_thread_blocked, id=24336, stack(0x0000002578300000,0x0000002578400000)]
  0x000001481f124000 JavaThread "Common-Cleaner" daemon [_thread_blocked, id=144, stack(0x0000002578500000,0x0000002578600000)]
  0x00000148220f5000 JavaThread "mysql-cj-abandoned-connection-cleanup" daemon [_thread_blocked, id=3324, stack(0x0000002578900000,0x0000002578a00000)]
  0x000001481f1ca000 JavaThread "HikariPool-1 housekeeper" daemon [_thread_blocked, id=5212, stack(0x0000002578600000,0x0000002578700000)]
  0x0000014825edc000 JavaThread "Catalina-utility-1" [_thread_blocked, id=22028, stack(0x0000002579700000,0x0000002579800000)]
  0x0000014826044000 JavaThread "container-0" [_thread_blocked, id=5700, stack(0x0000002579800000,0x0000002579900000)]
  0x0000014825171800 JavaThread "Live Reload Server" daemon [_thread_in_native, id=23236, stack(0x0000002579a00000,0x0000002579b00000)]
  0x00000148262a2000 JavaThread "File Watcher" daemon [_thread_blocked, id=2672, stack(0x0000002579900000,0x0000002579a00000)]
  0x00000148262a3000 JavaThread "NioBlockingSelector.BlockPoller-1" daemon [_thread_in_native, id=12284, stack(0x0000002579b00000,0x0000002579c00000)]
  0x00000148262a4000 JavaThread "http-nio-8080-exec-1" daemon [_thread_blocked, id=16908, stack(0x0000002579c00000,0x0000002579d00000)]
  0x00000148262a1800 JavaThread "http-nio-8080-exec-2" daemon [_thread_blocked, id=9860, stack(0x0000002579d00000,0x0000002579e00000)]
  0x0000014825fdd800 JavaThread "http-nio-8080-exec-3" daemon [_thread_blocked, id=3244, stack(0x0000002579e00000,0x0000002579f00000)]
  0x0000014825fdc000 JavaThread "http-nio-8080-exec-4" daemon [_thread_blocked, id=18176, stack(0x0000002579f00000,0x000000257a000000)]
  0x0000014825fde800 JavaThread "http-nio-8080-exec-5" daemon [_thread_blocked, id=3676, stack(0x000000257a000000,0x000000257a100000)]
  0x0000014825fdf000 JavaThread "http-nio-8080-exec-6" daemon [_thread_blocked, id=14620, stack(0x000000257a100000,0x000000257a200000)]
  0x0000014825fdc800 JavaThread "http-nio-8080-exec-7" daemon [_thread_blocked, id=17236, stack(0x000000257a200000,0x000000257a300000)]
  0x0000014825fe0000 JavaThread "http-nio-8080-exec-8" daemon [_thread_blocked, id=23616, stack(0x000000257a300000,0x000000257a400000)]
  0x0000014825fe2800 JavaThread "http-nio-8080-exec-9" daemon [_thread_blocked, id=17280, stack(0x000000257a400000,0x000000257a500000)]
  0x0000014825fe3000 JavaThread "http-nio-8080-exec-10" daemon [_thread_blocked, id=14360, stack(0x000000257a500000,0x000000257a600000)]
  0x0000014825fe0800 JavaThread "http-nio-8080-ClientPoller-0" daemon [_thread_in_native, id=19416, stack(0x000000257a600000,0x000000257a700000)]
  0x0000014825fe4000 JavaThread "http-nio-8080-ClientPoller-1" daemon [_thread_in_native, id=18788, stack(0x000000257a700000,0x000000257a800000)]
  0x0000014825fe1800 JavaThread "http-nio-8080-Acceptor-0" daemon [_thread_in_native, id=23480, stack(0x000000257a800000,0x000000257a900000)]
  0x0000014825fe7800 JavaThread "DestroyJavaVM" [_thread_blocked, id=22920, stack(0x0000002577500000,0x0000002577600000)]
  0x0000014825fe8000 JavaThread "HikariPool-1 connection adder" daemon [_thread_blocked, id=4800, stack(0x0000002577300000,0x0000002577400000)]
=>0x0000014820754000 JavaThread "C2 CompilerThread1" daemon [_thread_in_native, id=19132, stack(0x0000002578700000,0x0000002578800000)]
  0x0000014820755000 JavaThread "C2 CompilerThread2" daemon [_thread_in_native, id=20000, stack(0x0000002578800000,0x0000002578900000)]
  0x0000014825fe5800 JavaThread "HikariPool-1 connection closer" daemon [_thread_blocked, id=21356, stack(0x0000002577200000,0x0000002577300000)]

Other Threads:
  0x000001481e5e7000 VMThread "VM Thread" [stack: 0x0000002577b00000,0x0000002577c00000] [id=18840]
  0x000001481f126800 WatcherThread [stack: 0x0000002578400000,0x0000002578500000] [id=9192]
  0x000001487cde4000 GCTaskThread "GC Thread#0" [stack: 0x0000002577600000,0x0000002577700000] [id=12488]
  0x0000014820373000 GCTaskThread "GC Thread#1" [stack: 0x0000002578a00000,0x0000002578b00000] [id=22220]
  0x0000014820374000 GCTaskThread "GC Thread#2" [stack: 0x0000002578b00000,0x0000002578c00000] [id=22344]
  0x00000148202b1800 GCTaskThread "GC Thread#3" [stack: 0x0000002578c00000,0x0000002578d00000] [id=2160]
  0x00000148202b2000 GCTaskThread "GC Thread#4" [stack: 0x0000002578d00000,0x0000002578e00000] [id=15992]
  0x00000148202c1000 GCTaskThread "GC Thread#5" [stack: 0x0000002578e00000,0x0000002578f00000] [id=9748]
  0x00000148202c2000 GCTaskThread "GC Thread#6" [stack: 0x0000002578f00000,0x0000002579000000] [id=9324]
  0x00000148202c2800 GCTaskThread "GC Thread#7" [stack: 0x0000002579000000,0x0000002579100000] [id=1696]
  0x000001487ce13800 ConcurrentGCThread "G1 Main Marker" [stack: 0x0000002577700000,0x0000002577800000] [id=21512]
  0x000001487ce1c000 ConcurrentGCThread "G1 Conc#0" [stack: 0x0000002577800000,0x0000002577900000] [id=1912]
  0x00000148204ac800 ConcurrentGCThread "G1 Conc#1" [stack: 0x0000002579200000,0x0000002579300000] [id=13824]
  0x000001487ce15000 ConcurrentGCThread "G1 Refine#0" [stack: 0x0000002577900000,0x0000002577a00000] [id=22780]
  0x000001481ef9b800 ConcurrentGCThread "G1 Refine#1" [stack: 0x0000002579100000,0x0000002579200000] [id=14800]
  0x000001481e452800 ConcurrentGCThread "G1 Young RemSet Sampling" [stack: 0x0000002577a00000,0x0000002577b00000] [id=23528]

Threads with active compile tasks:
C2 CompilerThread01779590 8901       4       sun.security.util.AbstractAlgorithmConstraints::checkAlgorithm (140 bytes)
C2 CompilerThread11779590 8903       4       sun.security.util.AlgorithmDecomposer::decomposeImpl (128 bytes)
C2 CompilerThread21779590 8902       4       sun.security.util.AlgorithmDecomposer::decompose (336 bytes)

VM state:not at safepoint (normal execution)

VM Mutex/Monitor currently owned by a thread: None

Heap address: 0x0000000082400000, size: 2012 MB, Compressed Oops mode: 32-bit
Narrow klass base: 0x0000000000000000, Narrow klass shift: 3
Compressed class space size: 1073741824 Address: 0x0000000100000000

Heap:
 garbage-first heap   total 155648K, used 88131K [0x0000000082400000, 0x0000000100000000)
  region size 1024K, 57 young (58368K), 6 survivors (6144K)
 Metaspace       used 76828K, capacity 78358K, committed 78468K, reserved 1118208K
  class space    used 9536K, capacity 10131K, committed 10196K, reserved 1048576K
Heap Regions: E=young(eden), S=young(survivor), O=old, HS=humongous(starts), HC=humongous(continues), CS=collection set, F=free, A=archive, TAMS=top-at-mark-start (previous, next)
|   0|0x0000000082400000, 0x0000000082500000, 0x0000000082500000|100%|HS|  |TAMS 0x0000000082500000, 0x0000000082400000| Complete 
|   1|0x0000000082500000, 0x0000000082600000, 0x0000000082600000|100%| O|  |TAMS 0x0000000082600000, 0x0000000082500000| Untracked 
|   2|0x0000000082600000, 0x0000000082700000, 0x0000000082700000|100%| O|  |TAMS 0x0000000082700000, 0x0000000082600000| Untracked 
|   3|0x0000000082700000, 0x0000000082800000, 0x0000000082800000|100%| O|  |TAMS 0x0000000082800000, 0x0000000082700000| Untracked 
|   4|0x0000000082800000, 0x0000000082900000, 0x0000000082900000|100%| O|  |TAMS 0x0000000082900000, 0x0000000082800000| Untracked 
|   5|0x0000000082900000, 0x0000000082a00000, 0x0000000082a00000|100%| O|  |TAMS 0x0000000082a00000, 0x0000000082900000| Untracked 
|   6|0x0000000082a00000, 0x0000000082b00000, 0x0000000082b00000|100%| O|  |TAMS 0x0000000082b00000, 0x0000000082a00000| Untracked 
|   7|0x0000000082b00000, 0x0000000082c00000, 0x0000000082c00000|100%| O|  |TAMS 0x0000000082c00000, 0x0000000082b00000| Untracked 
|   8|0x0000000082c00000, 0x0000000082d00000, 0x0000000082d00000|100%| O|  |TAMS 0x0000000082d00000, 0x0000000082c00000| Untracked 
|   9|0x0000000082d00000, 0x0000000082e00000, 0x0000000082e00000|100%| O|  |TAMS 0x0000000082e00000, 0x0000000082d00000| Untracked 
|  10|0x0000000082e00000, 0x0000000082f00000, 0x0000000082f00000|100%| O|  |TAMS 0x0000000082f00000, 0x0000000082e00000| Untracked 
|  11|0x0000000082f00000, 0x0000000083000000, 0x0000000083000000|100%| O|  |TAMS 0x0000000083000000, 0x0000000082f00000| Untracked 
|  12|0x0000000083000000, 0x0000000083100000, 0x0000000083100000|100%| O|  |TAMS 0x0000000083100000, 0x0000000083000000| Untracked 
|  13|0x0000000083100000, 0x0000000083200000, 0x0000000083200000|100%| O|  |TAMS 0x0000000083200000, 0x0000000083100000| Untracked 
|  14|0x0000000083200000, 0x0000000083300000, 0x0000000083300000|100%| O|  |TAMS 0x0000000083300000, 0x0000000083200000| Untracked 
|  15|0x0000000083300000, 0x0000000083400000, 0x0000000083400000|100%| O|  |TAMS 0x0000000083400000, 0x0000000083300000| Untracked 
|  16|0x0000000083400000, 0x0000000083500000, 0x0000000083500000|100%| O|  |TAMS 0x0000000083500000, 0x0000000083400000| Untracked 
|  17|0x0000000083500000, 0x0000000083600000, 0x0000000083600000|100%| O|  |TAMS 0x0000000083600000, 0x0000000083500000| Untracked 
|  18|0x0000000083600000, 0x0000000083700000, 0x0000000083700000|100%| O|  |TAMS 0x0000000083700000, 0x0000000083600000| Untracked 
|  19|0x0000000083700000, 0x0000000083800000, 0x0000000083800000|100%| O|  |TAMS 0x0000000083800000, 0x0000000083700000| Untracked 
|  20|0x0000000083800000, 0x0000000083900000, 0x0000000083900000|100%| O|  |TAMS 0x0000000083900000, 0x0000000083800000| Untracked 
|  21|0x0000000083900000, 0x0000000083a00000, 0x0000000083a00000|100%| O|  |TAMS 0x0000000083a00000, 0x0000000083900000| Untracked 
|  22|0x0000000083a00000, 0x0000000083b00000, 0x0000000083b00000|100%| O|  |TAMS 0x0000000083b00000, 0x0000000083a00000| Untracked 
|  23|0x0000000083b00000, 0x0000000083c00000, 0x0000000083c00000|100%| O|  |TAMS 0x0000000083c00000, 0x0000000083b00000| Untracked 
|  24|0x0000000083c00000, 0x0000000083d00000, 0x0000000083d00000|100%| O|  |TAMS 0x0000000083cef400, 0x0000000083c00000| Untracked 
|  25|0x0000000083d00000, 0x0000000083e00000, 0x0000000083e00000|100%| O|  |TAMS 0x0000000083d00000, 0x0000000083d00000| Untracked 
|  26|0x0000000083e00000, 0x0000000083f00000, 0x0000000083f00000|100%| O|  |TAMS 0x0000000083e00000, 0x0000000083e00000| Untracked 
|  27|0x0000000083f00000, 0x0000000084000000, 0x0000000084000000|100%| O|  |TAMS 0x0000000083f00000, 0x0000000083f00000| Untracked 
|  28|0x0000000084000000, 0x0000000084100000, 0x0000000084100000|100%| O|  |TAMS 0x0000000084000000, 0x0000000084000000| Untracked 
|  29|0x0000000084100000, 0x0000000084200000, 0x0000000084200000|100%| O|  |TAMS 0x0000000084100000, 0x0000000084100000| Untracked 
|  30|0x0000000084200000, 0x0000000084210c00, 0x0000000084300000|  6%| O|  |TAMS 0x0000000084200000, 0x0000000084200000| Untracked 
|  31|0x0000000084300000, 0x0000000084300000, 0x0000000084400000|  0%| F|  |TAMS 0x0000000084300000, 0x0000000084300000| Untracked 
|  32|0x0000000084400000, 0x0000000084400000, 0x0000000084500000|  0%| F|  |TAMS 0x0000000084400000, 0x0000000084400000| Untracked 
|  33|0x0000000084500000, 0x0000000084500000, 0x0000000084600000|  0%| F|  |TAMS 0x0000000084500000, 0x0000000084500000| Untracked 
|  34|0x0000000084600000, 0x0000000084600000, 0x0000000084700000|  0%| F|  |TAMS 0x0000000084600000, 0x0000000084600000| Untracked 
|  35|0x0000000084700000, 0x0000000084700000, 0x0000000084800000|  0%| F|  |TAMS 0x0000000084700000, 0x0000000084700000| Untracked 
|  36|0x0000000084800000, 0x0000000084800000, 0x0000000084900000|  0%| F|  |TAMS 0x0000000084800000, 0x0000000084800000| Untracked 
|  37|0x0000000084900000, 0x0000000084900000, 0x0000000084a00000|  0%| F|  |TAMS 0x0000000084900000, 0x0000000084900000| Untracked 
|  38|0x0000000084a00000, 0x0000000084a00000, 0x0000000084b00000|  0%| F|  |TAMS 0x0000000084a00000, 0x0000000084a00000| Untracked 
|  39|0x0000000084b00000, 0x0000000084b00000, 0x0000000084c00000|  0%| F|  |TAMS 0x0000000084b00000, 0x0000000084b00000| Untracked 
|  40|0x0000000084c00000, 0x0000000084c00000, 0x0000000084d00000|  0%| F|  |TAMS 0x0000000084c00000, 0x0000000084c00000| Untracked 
|  41|0x0000000084d00000, 0x0000000084d00000, 0x0000000084e00000|  0%| F|  |TAMS 0x0000000084d00000, 0x0000000084d00000| Untracked 
|  42|0x0000000084e00000, 0x0000000084e00000, 0x0000000084f00000|  0%| F|  |TAMS 0x0000000084e00000, 0x0000000084e00000| Untracked 
|  43|0x0000000084f00000, 0x0000000084f00000, 0x0000000085000000|  0%| F|  |TAMS 0x0000000084f00000, 0x0000000084f00000| Untracked 
|  44|0x0000000085000000, 0x0000000085000000, 0x0000000085100000|  0%| F|  |TAMS 0x0000000085000000, 0x0000000085000000| Untracked 
|  45|0x0000000085100000, 0x0000000085100000, 0x0000000085200000|  0%| F|  |TAMS 0x0000000085100000, 0x0000000085100000| Untracked 
|  46|0x0000000085200000, 0x0000000085200000, 0x0000000085300000|  0%| F|  |TAMS 0x0000000085200000, 0x0000000085200000| Untracked 
|  47|0x0000000085300000, 0x0000000085300000, 0x0000000085400000|  0%| F|  |TAMS 0x0000000085300000, 0x0000000085300000| Untracked 
|  48|0x0000000085400000, 0x0000000085400000, 0x0000000085500000|  0%| F|  |TAMS 0x0000000085400000, 0x0000000085400000| Untracked 
|  49|0x0000000085500000, 0x0000000085500000, 0x0000000085600000|  0%| F|  |TAMS 0x0000000085500000, 0x0000000085500000| Untracked 
|  50|0x0000000085600000, 0x0000000085600000, 0x0000000085700000|  0%| F|  |TAMS 0x0000000085600000, 0x0000000085600000| Untracked 
|  51|0x0000000085700000, 0x0000000085700000, 0x0000000085800000|  0%| F|  |TAMS 0x0000000085700000, 0x0000000085700000| Untracked 
|  52|0x0000000085800000, 0x0000000085800000, 0x0000000085900000|  0%| F|  |TAMS 0x0000000085800000, 0x0000000085800000| Untracked 
|  53|0x0000000085900000, 0x0000000085900000, 0x0000000085a00000|  0%| F|  |TAMS 0x0000000085900000, 0x0000000085900000| Untracked 
|  54|0x0000000085a00000, 0x0000000085a00000, 0x0000000085b00000|  0%| F|  |TAMS 0x0000000085a00000, 0x0000000085a00000| Untracked 
|  55|0x0000000085b00000, 0x0000000085b00000, 0x0000000085c00000|  0%| F|  |TAMS 0x0000000085b00000, 0x0000000085b00000| Untracked 
|  56|0x0000000085c00000, 0x0000000085c00000, 0x0000000085d00000|  0%| F|  |TAMS 0x0000000085c00000, 0x0000000085c00000| Untracked 
|  57|0x0000000085d00000, 0x0000000085d00000, 0x0000000085e00000|  0%| F|  |TAMS 0x0000000085d00000, 0x0000000085d00000| Untracked 
|  58|0x0000000085e00000, 0x0000000085e00000, 0x0000000085f00000|  0%| F|  |TAMS 0x0000000085e00000, 0x0000000085e00000| Untracked 
|  59|0x0000000085f00000, 0x0000000085f00000, 0x0000000086000000|  0%| F|  |TAMS 0x0000000085f00000, 0x0000000085f00000| Untracked 
|  60|0x0000000086000000, 0x0000000086000000, 0x0000000086100000|  0%| F|  |TAMS 0x0000000086000000, 0x0000000086000000| Untracked 
|  61|0x0000000086100000, 0x0000000086100000, 0x0000000086200000|  0%| F|  |TAMS 0x0000000086100000, 0x0000000086100000| Untracked 
|  62|0x0000000086200000, 0x0000000086200000, 0x0000000086300000|  0%| F|  |TAMS 0x0000000086200000, 0x0000000086200000| Untracked 
|  63|0x0000000086300000, 0x0000000086400000, 0x0000000086400000|100%| S|CS|TAMS 0x0000000086300000, 0x0000000086300000| Complete 
|  64|0x0000000086400000, 0x0000000086500000, 0x0000000086500000|100%| S|CS|TAMS 0x0000000086400000, 0x0000000086400000| Complete 
|  65|0x0000000086500000, 0x0000000086500000, 0x0000000086600000|  0%| F|  |TAMS 0x0000000086500000, 0x0000000086500000| Untracked 
|  66|0x0000000086600000, 0x0000000086600000, 0x0000000086700000|  0%| F|  |TAMS 0x0000000086600000, 0x0000000086600000| Untracked 
|  67|0x0000000086700000, 0x0000000086700000, 0x0000000086800000|  0%| F|  |TAMS 0x0000000086700000, 0x0000000086700000| Untracked 
|  68|0x0000000086800000, 0x0000000086800000, 0x0000000086900000|  0%| F|  |TAMS 0x0000000086800000, 0x0000000086800000| Untracked 
|  69|0x0000000086900000, 0x0000000086900000, 0x0000000086a00000|  0%| F|  |TAMS 0x0000000086900000, 0x0000000086900000| Untracked 
|  70|0x0000000086a00000, 0x0000000086b00000, 0x0000000086b00000|100%| S|CS|TAMS 0x0000000086a00000, 0x0000000086a00000| Complete 
|  71|0x0000000086b00000, 0x0000000086c00000, 0x0000000086c00000|100%| S|CS|TAMS 0x0000000086b00000, 0x0000000086b00000| Complete 
|  72|0x0000000086c00000, 0x0000000086d00000, 0x0000000086d00000|100%| S|CS|TAMS 0x0000000086c00000, 0x0000000086c00000| Complete 
|  73|0x0000000086d00000, 0x0000000086e00000, 0x0000000086e00000|100%| S|CS|TAMS 0x0000000086d00000, 0x0000000086d00000| Complete 
|  74|0x0000000086e00000, 0x0000000086e00000, 0x0000000086f00000|  0%| F|  |TAMS 0x0000000086e00000, 0x0000000086e00000| Untracked 
|  75|0x0000000086f00000, 0x0000000086f00000, 0x0000000087000000|  0%| F|  |TAMS 0x0000000086f00000, 0x0000000086f00000| Untracked 
|  76|0x0000000087000000, 0x0000000087000000, 0x0000000087100000|  0%| F|  |TAMS 0x0000000087000000, 0x0000000087000000| Untracked 
|  77|0x0000000087100000, 0x0000000087100000, 0x0000000087200000|  0%| F|  |TAMS 0x0000000087100000, 0x0000000087100000| Untracked 
|  78|0x0000000087200000, 0x0000000087200000, 0x0000000087300000|  0%| F|  |TAMS 0x0000000087200000, 0x0000000087200000| Untracked 
|  79|0x0000000087300000, 0x0000000087300000, 0x0000000087400000|  0%| F|  |TAMS 0x0000000087300000, 0x0000000087300000| Untracked 
|  80|0x0000000087400000, 0x0000000087400000, 0x0000000087500000|  0%| F|  |TAMS 0x0000000087400000, 0x0000000087400000| Untracked 
|  81|0x0000000087500000, 0x0000000087500000, 0x0000000087600000|  0%| F|  |TAMS 0x0000000087500000, 0x0000000087500000| Untracked 
|  82|0x0000000087600000, 0x0000000087600000, 0x0000000087700000|  0%| F|  |TAMS 0x0000000087600000, 0x0000000087600000| Untracked 
|  83|0x0000000087700000, 0x0000000087700000, 0x0000000087800000|  0%| F|  |TAMS 0x0000000087700000, 0x0000000087700000| Untracked 
|  84|0x0000000087800000, 0x0000000087800000, 0x0000000087900000|  0%| F|  |TAMS 0x0000000087800000, 0x0000000087800000| Untracked 
|  85|0x0000000087900000, 0x0000000087900000, 0x0000000087a00000|  0%| F|  |TAMS 0x0000000087900000, 0x0000000087900000| Untracked 
|  86|0x0000000087a00000, 0x0000000087a00000, 0x0000000087b00000|  0%| F|  |TAMS 0x0000000087a00000, 0x0000000087a00000| Untracked 
|  87|0x0000000087b00000, 0x0000000087b00000, 0x0000000087c00000|  0%| F|  |TAMS 0x0000000087b00000, 0x0000000087b00000| Untracked 
|  88|0x0000000087c00000, 0x0000000087c00000, 0x0000000087d00000|  0%| F|  |TAMS 0x0000000087c00000, 0x0000000087c00000| Untracked 
|  89|0x0000000087d00000, 0x0000000087d00000, 0x0000000087e00000|  0%| F|  |TAMS 0x0000000087d00000, 0x0000000087d00000| Untracked 
|  90|0x0000000087e00000, 0x0000000087e00000, 0x0000000087f00000|  0%| F|  |TAMS 0x0000000087e00000, 0x0000000087e00000| Untracked 
|  91|0x0000000087f00000, 0x0000000087f00000, 0x0000000088000000|  0%| F|  |TAMS 0x0000000087f00000, 0x0000000087f00000| Untracked 
|  92|0x0000000088000000, 0x0000000088000000, 0x0000000088100000|  0%| F|  |TAMS 0x0000000088000000, 0x0000000088000000| Untracked 
|  93|0x0000000088100000, 0x0000000088100000, 0x0000000088200000|  0%| F|  |TAMS 0x0000000088100000, 0x0000000088100000| Untracked 
|  94|0x0000000088200000, 0x0000000088200000, 0x0000000088300000|  0%| F|  |TAMS 0x0000000088200000, 0x0000000088200000| Untracked 
|  95|0x0000000088300000, 0x0000000088300000, 0x0000000088400000|  0%| F|  |TAMS 0x0000000088300000, 0x0000000088300000| Untracked 
|  96|0x0000000088400000, 0x0000000088400000, 0x0000000088500000|  0%| F|  |TAMS 0x0000000088400000, 0x0000000088400000| Untracked 
|  97|0x0000000088500000, 0x0000000088500000, 0x0000000088600000|  0%| F|  |TAMS 0x0000000088500000, 0x0000000088500000| Untracked 
|  98|0x0000000088600000, 0x0000000088600000, 0x0000000088700000|  0%| F|  |TAMS 0x0000000088600000, 0x0000000088600000| Untracked 
|  99|0x0000000088700000, 0x0000000088700000, 0x0000000088800000|  0%| F|  |TAMS 0x0000000088700000, 0x0000000088700000| Untracked 
| 100|0x0000000088800000, 0x0000000088800000, 0x0000000088900000|  0%| F|  |TAMS 0x0000000088800000, 0x0000000088800000| Untracked 
| 101|0x0000000088900000, 0x00000000889b4748, 0x0000000088a00000| 70%| E|  |TAMS 0x0000000088900000, 0x0000000088900000| Complete 
| 102|0x0000000088a00000, 0x0000000088b00000, 0x0000000088b00000|100%| E|CS|TAMS 0x0000000088a00000, 0x0000000088a00000| Complete 
| 103|0x0000000088b00000, 0x0000000088c00000, 0x0000000088c00000|100%| E|CS|TAMS 0x0000000088b00000, 0x0000000088b00000| Complete 
| 104|0x0000000088c00000, 0x0000000088d00000, 0x0000000088d00000|100%| E|CS|TAMS 0x0000000088c00000, 0x0000000088c00000| Complete 
| 105|0x0000000088d00000, 0x0000000088e00000, 0x0000000088e00000|100%| E|CS|TAMS 0x0000000088d00000, 0x0000000088d00000| Complete 
| 106|0x0000000088e00000, 0x0000000088f00000, 0x0000000088f00000|100%| E|CS|TAMS 0x0000000088e00000, 0x0000000088e00000| Complete 
| 107|0x0000000088f00000, 0x0000000089000000, 0x0000000089000000|100%| E|CS|TAMS 0x0000000088f00000, 0x0000000088f00000| Complete 
| 108|0x0000000089000000, 0x0000000089100000, 0x0000000089100000|100%| E|CS|TAMS 0x0000000089000000, 0x0000000089000000| Complete 
| 109|0x0000000089100000, 0x0000000089200000, 0x0000000089200000|100%| E|CS|TAMS 0x0000000089100000, 0x0000000089100000| Complete 
| 110|0x0000000089200000, 0x0000000089300000, 0x0000000089300000|100%| E|CS|TAMS 0x0000000089200000, 0x0000000089200000| Complete 
| 111|0x0000000089300000, 0x0000000089400000, 0x0000000089400000|100%| E|CS|TAMS 0x0000000089300000, 0x0000000089300000| Complete 
| 112|0x0000000089400000, 0x0000000089500000, 0x0000000089500000|100%| E|CS|TAMS 0x0000000089400000, 0x0000000089400000| Complete 
| 113|0x0000000089500000, 0x0000000089600000, 0x0000000089600000|100%| E|CS|TAMS 0x0000000089500000, 0x0000000089500000| Complete 
| 114|0x0000000089600000, 0x0000000089700000, 0x0000000089700000|100%| E|CS|TAMS 0x0000000089600000, 0x0000000089600000| Complete 
| 115|0x0000000089700000, 0x0000000089800000, 0x0000000089800000|100%| E|CS|TAMS 0x0000000089700000, 0x0000000089700000| Complete 
| 116|0x0000000089800000, 0x0000000089900000, 0x0000000089900000|100%| E|CS|TAMS 0x0000000089800000, 0x0000000089800000| Complete 
| 117|0x0000000089900000, 0x0000000089a00000, 0x0000000089a00000|100%| E|CS|TAMS 0x0000000089900000, 0x0000000089900000| Complete 
| 118|0x0000000089a00000, 0x0000000089b00000, 0x0000000089b00000|100%| E|CS|TAMS 0x0000000089a00000, 0x0000000089a00000| Complete 
| 119|0x0000000089b00000, 0x0000000089c00000, 0x0000000089c00000|100%| E|CS|TAMS 0x0000000089b00000, 0x0000000089b00000| Complete 
| 120|0x0000000089c00000, 0x0000000089d00000, 0x0000000089d00000|100%| E|CS|TAMS 0x0000000089c00000, 0x0000000089c00000| Complete 
| 121|0x0000000089d00000, 0x0000000089e00000, 0x0000000089e00000|100%| E|CS|TAMS 0x0000000089d00000, 0x0000000089d00000| Complete 
| 122|0x0000000089e00000, 0x0000000089f00000, 0x0000000089f00000|100%| E|CS|TAMS 0x0000000089e00000, 0x0000000089e00000| Complete 
| 123|0x0000000089f00000, 0x000000008a000000, 0x000000008a000000|100%| E|CS|TAMS 0x0000000089f00000, 0x0000000089f00000| Complete 
| 124|0x000000008a000000, 0x000000008a100000, 0x000000008a100000|100%| E|CS|TAMS 0x000000008a000000, 0x000000008a000000| Complete 
| 125|0x000000008a100000, 0x000000008a200000, 0x000000008a200000|100%| E|CS|TAMS 0x000000008a100000, 0x000000008a100000| Complete 
| 126|0x000000008a200000, 0x000000008a300000, 0x000000008a300000|100%| E|CS|TAMS 0x000000008a200000, 0x000000008a200000| Complete 
| 127|0x000000008a300000, 0x000000008a400000, 0x000000008a400000|100%| E|CS|TAMS 0x000000008a300000, 0x000000008a300000| Complete 
| 128|0x000000008a400000, 0x000000008a500000, 0x000000008a500000|100%| E|CS|TAMS 0x000000008a400000, 0x000000008a400000| Complete 
| 129|0x000000008a500000, 0x000000008a600000, 0x000000008a600000|100%| E|CS|TAMS 0x000000008a500000, 0x000000008a500000| Complete 
| 130|0x000000008a600000, 0x000000008a700000, 0x000000008a700000|100%| E|CS|TAMS 0x000000008a600000, 0x000000008a600000| Complete 
| 131|0x000000008a700000, 0x000000008a800000, 0x000000008a800000|100%| E|CS|TAMS 0x000000008a700000, 0x000000008a700000| Complete 
| 132|0x000000008a800000, 0x000000008a900000, 0x000000008a900000|100%| E|CS|TAMS 0x000000008a800000, 0x000000008a800000| Complete 
| 133|0x000000008a900000, 0x000000008aa00000, 0x000000008aa00000|100%| E|CS|TAMS 0x000000008a900000, 0x000000008a900000| Complete 
| 134|0x000000008aa00000, 0x000000008ab00000, 0x000000008ab00000|100%| E|CS|TAMS 0x000000008aa00000, 0x000000008aa00000| Complete 
| 135|0x000000008ab00000, 0x000000008ac00000, 0x000000008ac00000|100%| E|CS|TAMS 0x000000008ab00000, 0x000000008ab00000| Complete 
| 136|0x000000008ac00000, 0x000000008ad00000, 0x000000008ad00000|100%| E|CS|TAMS 0x000000008ac00000, 0x000000008ac00000| Complete 
| 137|0x000000008ad00000, 0x000000008ae00000, 0x000000008ae00000|100%| E|CS|TAMS 0x000000008ad00000, 0x000000008ad00000| Complete 
| 138|0x000000008ae00000, 0x000000008af00000, 0x000000008af00000|100%| E|CS|TAMS 0x000000008ae00000, 0x000000008ae00000| Complete 
| 139|0x000000008af00000, 0x000000008b000000, 0x000000008b000000|100%| E|CS|TAMS 0x000000008af00000, 0x000000008af00000| Complete 
| 140|0x000000008b000000, 0x000000008b100000, 0x000000008b100000|100%| E|CS|TAMS 0x000000008b000000, 0x000000008b000000| Complete 
| 141|0x000000008b100000, 0x000000008b200000, 0x000000008b200000|100%| E|CS|TAMS 0x000000008b100000, 0x000000008b100000| Complete 
| 142|0x000000008b200000, 0x000000008b300000, 0x000000008b300000|100%| E|CS|TAMS 0x000000008b200000, 0x000000008b200000| Complete 
| 143|0x000000008b300000, 0x000000008b400000, 0x000000008b400000|100%| E|CS|TAMS 0x000000008b300000, 0x000000008b300000| Complete 
| 144|0x000000008b400000, 0x000000008b500000, 0x000000008b500000|100%| E|CS|TAMS 0x000000008b400000, 0x000000008b400000| Complete 
| 145|0x000000008b500000, 0x000000008b600000, 0x000000008b600000|100%| E|CS|TAMS 0x000000008b500000, 0x000000008b500000| Complete 
| 146|0x000000008b600000, 0x000000008b700000, 0x000000008b700000|100%| E|CS|TAMS 0x000000008b600000, 0x000000008b600000| Complete 
| 147|0x000000008b700000, 0x000000008b800000, 0x000000008b800000|100%| E|CS|TAMS 0x000000008b700000, 0x000000008b700000| Complete 
| 148|0x000000008b800000, 0x000000008b900000, 0x000000008b900000|100%| E|CS|TAMS 0x000000008b800000, 0x000000008b800000| Complete 
| 149|0x000000008b900000, 0x000000008ba00000, 0x000000008ba00000|100%| E|CS|TAMS 0x000000008b900000, 0x000000008b900000| Complete 
| 150|0x000000008ba00000, 0x000000008bb00000, 0x000000008bb00000|100%| E|CS|TAMS 0x000000008ba00000, 0x000000008ba00000| Complete 
| 151|0x000000008bb00000, 0x000000008bc00000, 0x000000008bc00000|100%| E|CS|TAMS 0x000000008bb00000, 0x000000008bb00000| Complete 

Card table byte_map: [0x0000014817450000,0x0000014817840000] _byte_map_base: 0x000001481703e000

Marking Bits (Prev, Next): (CMBitMap*) 0x000001487c95dbc0, (CMBitMap*) 0x000001487c95db88
 Prev Bits: [0x0000014819ba0000, 0x000001481bb10000)
 Next Bits: [0x0000014817c30000, 0x0000014819ba0000)

Polling page: 0x0000014800000000

Metaspace:

Usage:
  Non-class:     66.63 MB capacity,    65.71 MB ( 99%) used,   741.52 KB (  1%) free+waste,   193.94 KB ( <1%) overhead. 
      Class:      9.89 MB capacity,     9.31 MB ( 94%) used,   505.23 KB (  5%) free+waste,    89.00 KB ( <1%) overhead. 
       Both:     76.52 MB capacity,    75.03 MB ( 98%) used,     1.22 MB (  2%) free+waste,   282.94 KB ( <1%) overhead. 

Virtual space:
  Non-class space:       68.00 MB reserved,      66.67 MB ( 98%) committed 
      Class space:        1.00 GB reserved,       9.96 MB ( <1%) committed 
             Both:        1.07 GB reserved,      76.63 MB (  7%) committed 

Chunk freelists:
   Non-Class:  5.63 KB
       Class:  1.63 KB
        Both:  7.25 KB

CodeHeap 'non-profiled nmethods': size=120000Kb used=6404Kb max_used=6404Kb free=113596Kb
 bounds [0x000001480f0c0000, 0x000001480f710000, 0x00000148165f0000]
CodeHeap 'profiled nmethods': size=120000Kb used=19345Kb max_used=19345Kb free=100654Kb
 bounds [0x0000014807b90000, 0x0000014808e80000, 0x000001480f0c0000]
CodeHeap 'non-nmethods': size=5760Kb used=1284Kb max_used=1300Kb free=4475Kb
 bounds [0x00000148075f0000, 0x0000014807860000, 0x0000014807b90000]
 total_blobs=9468 nmethods=8825 adapters=551
 compilation: enabled
              stopped_count=0, restarted_count=0
 full_count=0

Compilation events (10 events):
Event: 1775.366 Thread 0x000001481efa1800 8929       3       java.nio.ByteBuffer::put (9 bytes)
Event: 1775.368 Thread 0x000001481efa1800 nmethod 8929 0x0000014808e6fc10 code [0x0000014808e6fdc0, 0x0000014808e6ff88]
Event: 1775.368 Thread 0x000001481efa1800 8930   !   3       java.security.MessageDigest::getInstance (144 bytes)
Event: 1775.371 Thread 0x000001481efa1800 nmethod 8930 0x0000014808e70090 code [0x0000014808e703c0, 0x0000014808e71948]
Event: 1775.371 Thread 0x000001481efa1800 8931       3       sun.security.ssl.Record::putBytes8 (43 bytes)
Event: 1775.373 Thread 0x000001481efa1800 nmethod 8931 0x0000014808e72090 code [0x0000014808e72340, 0x0000014808e73128]
Event: 1775.375 Thread 0x0000014820755000 nmethod 8908 0x000001480f700410 code [0x000001480f7005e0, 0x000001480f700a08]
Event: 1775.375 Thread 0x0000014820755000 8922       4       java.lang.Integer::stringSize (47 bytes)
Event: 1775.376 Thread 0x0000014820755000 nmethod 8922 0x000001480f700d90 code [0x000001480f700f00, 0x000001480f700fb8]
Event: 1775.377 Thread 0x0000014820755000 8902       4       sun.security.util.AlgorithmDecomposer::decompose (336 bytes)

GC Heap History (10 events):
Event: 6.649 GC heap before
{Heap before GC invocations=12 (full 0):
 garbage-first heap   total 155648K, used 102447K [0x0000000082400000, 0x0000000100000000)
  region size 1024K, 76 young (77824K), 4 survivors (4096K)
 Metaspace       used 63617K, capacity 64809K, committed 65028K, reserved 1105920K
  class space    used 8006K, capacity 8490K, committed 8532K, reserved 1048576K
}
Event: 6.655 GC heap after
{Heap after GC invocations=13 (full 0):
 garbage-first heap   total 155648K, used 31025K [0x0000000082400000, 0x0000000100000000)
  region size 1024K, 6 young (6144K), 6 survivors (6144K)
 Metaspace       used 63617K, capacity 64809K, committed 65028K, reserved 1105920K
  class space    used 8006K, capacity 8490K, committed 8532K, reserved 1048576K
}
Event: 7.423 GC heap before
{Heap before GC invocations=13 (full 0):
 garbage-first heap   total 155648K, used 106801K [0x0000000082400000, 0x0000000100000000)
  region size 1024K, 80 young (81920K), 6 survivors (6144K)
 Metaspace       used 68510K, capacity 69921K, committed 70148K, reserved 1110016K
  class space    used 8651K, capacity 9211K, committed 9300K, reserved 1048576K
}
Event: 7.429 GC heap after
{Heap after GC invocations=14 (full 0):
 garbage-first heap   total 155648K, used 35195K [0x0000000082400000, 0x0000000100000000)
  region size 1024K, 8 young (8192K), 8 survivors (8192K)
 Metaspace       used 68510K, capacity 69921K, committed 70148K, reserved 1110016K
  class space    used 8651K, capacity 9211K, committed 9300K, reserved 1048576K
}
Event: 149.529 GC heap before
{Heap before GC invocations=14 (full 0):
 garbage-first heap   total 155648K, used 111995K [0x0000000082400000, 0x0000000100000000)
  region size 1024K, 83 young (84992K), 8 survivors (8192K)
 Metaspace       used 76710K, capacity 78220K, committed 78468K, reserved 1118208K
  class space    used 9532K, capacity 10129K, committed 10196K, reserved 1048576K
}
Event: 149.535 GC heap after
{Heap after GC invocations=15 (full 0):
 garbage-first heap   total 155648K, used 36858K [0x0000000082400000, 0x0000000100000000)
  region size 1024K, 6 young (6144K), 6 survivors (6144K)
 Metaspace       used 76710K, capacity 78220K, committed 78468K, reserved 1118208K
  class space    used 9532K, capacity 10129K, committed 10196K, reserved 1048576K
}
Event: 799.859 GC heap before
{Heap before GC invocations=15 (full 0):
 garbage-first heap   total 155648K, used 114682K [0x0000000082400000, 0x0000000100000000)
  region size 1024K, 82 young (83968K), 6 survivors (6144K)
 Metaspace       used 76784K, capacity 78348K, committed 78468K, reserved 1118208K
  class space    used 9532K, capacity 10129K, committed 10196K, reserved 1048576K
}
Event: 799.871 GC heap after
{Heap after GC invocations=16 (full 0):
 garbage-first heap   total 155648K, used 36931K [0x0000000082400000, 0x0000000100000000)
  region size 1024K, 6 young (6144K), 6 survivors (6144K)
 Metaspace       used 76784K, capacity 78348K, committed 78468K, reserved 1118208K
  class space    used 9532K, capacity 10129K, committed 10196K, reserved 1048576K
}
Event: 1466.934 GC heap before
{Heap before GC invocations=16 (full 0):
 garbage-first heap   total 155648K, used 115779K [0x0000000082400000, 0x0000000100000000)
  region size 1024K, 83 young (84992K), 6 survivors (6144K)
 Metaspace       used 76787K, capacity 78348K, committed 78468K, reserved 1118208K
  class space    used 9532K, capacity 10129K, committed 10196K, reserved 1048576K
}
Event: 1466.956 GC heap after
{Heap after GC invocations=17 (full 0):
 garbage-first heap   total 155648K, used 36931K [0x0000000082400000, 0x0000000100000000)
  region size 1024K, 6 young (6144K), 6 survivors (6144K)
 Metaspace       used 76787K, capacity 78348K, committed 78468K, reserved 1118208K
  class space    used 9532K, capacity 10129K, committed 10196K, reserved 1048576K
}

Deoptimization events (10 events):
Event: 53.805 Thread 0x0000014825fdc000 Uncommon trap: reason=unstable_if action=reinterpret pc=0x000001480f3565c0 method=java.util.regex.Pattern$BmpCharProperty.match(Ljava/util/regex/Matcher;ILjava/lang/CharSequence;)Z @ 39 c2
Event: 53.805 Thread 0x0000014825fdc000 Uncommon trap: reason=unstable_if action=reinterpret pc=0x000001480f16453c method=java.util.regex.Matcher.reset()Ljava/util/regex/Matcher; @ 71 c2
Event: 53.805 Thread 0x0000014825fdc000 Uncommon trap: reason=unstable_if action=reinterpret pc=0x000001480f35af40 method=java.util.regex.Matcher.search(I)Z @ 76 c2
Event: 65.139 Thread 0x0000014825fdf000 Uncommon trap: reason=profile_predicate action=maybe_recompile pc=0x000001480f63ae68 method=org.springframework.web.util.UrlPathHelper.getRemainingPath(Ljava/lang/String;Ljava/lang/String;Z)Ljava/lang/String; @ 12 c2
Event: 65.139 Thread 0x0000014825fdf000 Uncommon trap: reason=profile_predicate action=maybe_recompile pc=0x000001480f63ae68 method=org.springframework.web.util.UrlPathHelper.getRemainingPath(Ljava/lang/String;Ljava/lang/String;Z)Ljava/lang/String; @ 12 c2
Event: 65.139 Thread 0x0000014825fdf000 Uncommon trap: reason=profile_predicate action=maybe_recompile pc=0x000001480f63ae68 method=org.springframework.web.util.UrlPathHelper.getRemainingPath(Ljava/lang/String;Ljava/lang/String;Z)Ljava/lang/String; @ 12 c2
Event: 65.139 Thread 0x0000014825fdf000 Uncommon trap: reason=profile_predicate action=maybe_recompile pc=0x000001480f63ae68 method=org.springframework.web.util.UrlPathHelper.getRemainingPath(Ljava/lang/String;Ljava/lang/String;Z)Ljava/lang/String; @ 12 c2
Event: 74.776 Thread 0x00000148262a1800 Uncommon trap: reason=predicate action=maybe_recompile pc=0x000001480f61fae8 method=com.mysql.cj.util.StringInspector.indexOfNextChar(Ljava/util/Set;)I @ 76 c2
Event: 1773.295 Thread 0x0000014825fe8000 Uncommon trap: reason=unstable_if action=reinterpret pc=0x000001480f6bd8f0 method=com.mysql.cj.util.StringUtils.toString([BIILjava/lang/String;)Ljava/lang/String; @ 1 c2
Event: 1773.352 Thread 0x0000014825fe8000 Uncommon trap: reason=unstable_if action=reinterpret pc=0x000001480f6acad4 method=sun.nio.cs.UTF_8$Encoder.encodeArrayLoop(Ljava/nio/CharBuffer;Ljava/nio/ByteBuffer;)Ljava/nio/charset/CoderResult; @ 87 c2

Classes redefined (0 events):
No events

Internal exceptions (10 events):
Event: 7.435 Thread 0x000001482001a000 Exception <a 'java/lang/NoSuchMethodError'{0x000000008b924868}: java.lang.invoke.DirectMethodHandle$Holder.newInvokeSpecial(Ljava/lang/Object;I)Ljava/lang/Object;> (0x000000008b924868) thrown at [./open/src/hotspot/share/interpreter/linkResolver.cpp, line
Event: 48.285 Thread 0x00000148262a4000 Exception <a 'java/lang/NoSuchMethodError'{0x000000008aaad198}: java.lang.invoke.DirectMethodHandle$Holder.invokeStaticInit(Ljava/lang/Object;ILjava/lang/Object;)V> (0x000000008aaad198) thrown at [./open/src/hotspot/share/interpreter/linkResolver.cpp, lin
Event: 48.401 Thread 0x00000148262a4000 Implicit null exception at 0x000001480f0e50d7 to 0x000001480f0e55d0
Event: 57.247 Thread 0x0000014825fe2800 Exception <a 'java/lang/NoSuchMethodError'{0x0000000088c2c170}: java.lang.invoke.Invokers$Holder.linkToTargetMethod(Ljava/lang/Object;Ljava/lang/Object;Ljava/lang/Object;Ljava/lang/Object;Ljava/lang/Object;Ljava/lang/Object;Ljava/lang/Object;)Ljava/lang/O
Event: 57.265 Thread 0x0000014825fe2800 Exception <a 'java/lang/ClassNotFoundException'{0x0000000088b6c368}: java/lang/ObjectCustomizer> (0x0000000088b6c368) thrown at [./open/src/hotspot/share/classfile/systemDictionary.cpp, line 226]
Event: 57.267 Thread 0x0000014825fe2800 Exception <a 'java/lang/ClassNotFoundException'{0x0000000088b7e638}: com/rays/common/BaseFormCustomizer> (0x0000000088b7e638) thrown at [./open/src/hotspot/share/classfile/systemDictionary.cpp, line 226]
Event: 57.269 Thread 0x0000014825fe2800 Exception <a 'java/lang/ClassNotFoundException'{0x0000000088b91958}: com/rays/form/SubscriptionFormCustomizer> (0x0000000088b91958) thrown at [./open/src/hotspot/share/classfile/systemDictionary.cpp, line 226]
Event: 1772.041 Thread 0x0000014825fe6800 Exception <a 'java/net/SocketException'{0x00000000898b0408}: Software caused connection abort: socket write error> (0x00000000898b0408) thrown at [./open/src/hotspot/share/prims/jni.cpp, line 632]
Event: 1772.044 Thread 0x0000014825fe6800 Exception <a 'java/net/SocketException'{0x00000000898b0ab0}: Software caused connection abort: recv failed> (0x00000000898b0ab0) thrown at [./open/src/hotspot/share/prims/jni.cpp, line 632]
Event: 1773.295 Thread 0x0000014825fe8000 Implicit null exception at 0x000001480f6baf83 to 0x000001480f6bd8d8

Events (10 events):
Event: 1773.262 Executing VM operation: RevokeBias done
Event: 1773.293 Thread 0x0000014825fe8000 DEOPT PACKING pc=0x00000148086b9564 sp=0x00000025773fd950
Event: 1773.294 Thread 0x0000014825fe8000 DEOPT UNPACKING pc=0x0000014807616dde sp=0x00000025773fcdd0 mode 0
Event: 1773.295 Thread 0x0000014825fe8000 Uncommon trap: trap_request=0xffffff4d fr.pc=0x000001480f6bd8f0 relative=0x0000000000002990
Event: 1773.295 Thread 0x0000014825fe8000 DEOPT PACKING pc=0x000001480f6bd8f0 sp=0x00000025773fe2a0
Event: 1773.295 Thread 0x0000014825fe8000 DEOPT UNPACKING pc=0x000001480761662f sp=0x00000025773fe298 mode 2
Event: 1773.352 Thread 0x0000014825fe8000 Uncommon trap: trap_request=0xffffff4d fr.pc=0x000001480f6acad4 relative=0x0000000000000314
Event: 1773.352 Thread 0x0000014825fe8000 DEOPT PACKING pc=0x000001480f6acad4 sp=0x00000025773fe490
Event: 1773.352 Thread 0x0000014825fe8000 DEOPT UNPACKING pc=0x000001480761662f sp=0x00000025773fe3f8 mode 2
Event: 1774.348 Thread 0x0000014820755000 Thread added: 0x0000014820755000


Dynamic libraries:
0x00007ff7fa970000 - 0x00007ff7fa97f000 	C:\Program Files\Java\jdk-11.0.15.1\bin\javaw.exe
0x00007ffb2d160000 - 0x00007ffb2d3c7000 	C:\WINDOWS\SYSTEM32\ntdll.dll
0x00007ffb2ce50000 - 0x00007ffb2cf19000 	C:\WINDOWS\System32\KERNEL32.DLL
0x00007ffb2aa00000 - 0x00007ffb2adf4000 	C:\WINDOWS\System32\KERNELBASE.dll
0x00007ffb2a820000 - 0x00007ffb2a96b000 	C:\WINDOWS\System32\ucrtbase.dll
0x00007ffb24810000 - 0x00007ffb24825000 	C:\Program Files\Java\jdk-11.0.15.1\bin\VCRUNTIME140.dll
0x00007ffb247f0000 - 0x00007ffb24808000 	C:\Program Files\Java\jdk-11.0.15.1\bin\jli.dll
0x00007ffb2c990000 - 0x00007ffb2ca46000 	C:\WINDOWS\System32\ADVAPI32.dll
0x00007ffb2aef0000 - 0x00007ffb2af99000 	C:\WINDOWS\System32\msvcrt.dll
0x00007ffb2d040000 - 0x00007ffb2d0e7000 	C:\WINDOWS\System32\sechost.dll
0x00007ffb2cca0000 - 0x00007ffb2cdb8000 	C:\WINDOWS\System32\RPCRT4.dll
0x00007ffb2b910000 - 0x00007ffb2bad5000 	C:\WINDOWS\System32\USER32.dll
0x00007ffb158c0000 - 0x00007ffb15b53000 	C:\WINDOWS\WinSxS\amd64_microsoft.windows.common-controls_6595b64144ccf1df_6.0.26100.8115_none_3e075c82e3354f9c\COMCTL32.dll
0x00007ffb2ae00000 - 0x00007ffb2ae27000 	C:\WINDOWS\System32\win32u.dll
0x00007ffb2bae0000 - 0x00007ffb2bb0b000 	C:\WINDOWS\System32\GDI32.dll
0x00007ffb2a2a0000 - 0x00007ffb2a3ca000 	C:\WINDOWS\System32\gdi32full.dll
0x00007ffb2a540000 - 0x00007ffb2a5e3000 	C:\WINDOWS\System32\msvcp_win.dll
0x00007ffb23540000 - 0x00007ffb2354b000 	C:\WINDOWS\SYSTEM32\VERSION.dll
0x00007ffb2c950000 - 0x00007ffb2c982000 	C:\WINDOWS\System32\IMM32.DLL
0x00007ffb1b410000 - 0x00007ffb1b4ab000 	C:\Program Files\Java\jdk-11.0.15.1\bin\msvcp140.dll
0x00007ffaa5520000 - 0x00007ffaa6036000 	C:\Program Files\Java\jdk-11.0.15.1\bin\server\jvm.dll
0x00007ffb2bff0000 - 0x00007ffb2bff8000 	C:\WINDOWS\System32\PSAPI.DLL
0x00007ffb19620000 - 0x00007ffb19656000 	C:\WINDOWS\SYSTEM32\WINMM.dll
0x00007ffb08410000 - 0x00007ffb0841a000 	C:\WINDOWS\SYSTEM32\WSOCK32.dll
0x00007ffb2cdc0000 - 0x00007ffb2ce40000 	C:\WINDOWS\System32\WS2_32.dll
0x00007ffb28780000 - 0x00007ffb2879b000 	C:\WINDOWS\SYSTEM32\kernel.appcore.dll
0x00007ffb26630000 - 0x00007ffb26640000 	C:\Program Files\Java\jdk-11.0.15.1\bin\verify.dll
0x00007ffb27920000 - 0x00007ffb27b62000 	C:\WINDOWS\SYSTEM32\DBGHELP.DLL
0x00007ffb2bc60000 - 0x00007ffb2bfe2000 	C:\WINDOWS\System32\combase.dll
0x00007ffb2c7e0000 - 0x00007ffb2c8b7000 	C:\WINDOWS\System32\OLEAUT32.dll
0x00007ffb15190000 - 0x00007ffb151cb000 	C:\WINDOWS\SYSTEM32\dbgcore.DLL
0x00007ffb2a770000 - 0x00007ffb2a815000 	C:\WINDOWS\System32\bcryptPrimitives.dll
0x00007ffb16f80000 - 0x00007ffb16fa8000 	C:\Program Files\Java\jdk-11.0.15.1\bin\java.dll
0x00007ffb1ac90000 - 0x00007ffb1ac9a000 	C:\Program Files\Java\jdk-11.0.15.1\bin\jimage.dll
0x00007ffb16f60000 - 0x00007ffb16f76000 	C:\Program Files\Java\jdk-11.0.15.1\bin\zip.dll
0x00007ffb2c000000 - 0x00007ffb2c766000 	C:\WINDOWS\System32\SHELL32.dll
0x00007ffb2a3d0000 - 0x00007ffb2a53a000 	C:\WINDOWS\System32\wintypes.dll
0x00007ffb29a30000 - 0x00007ffb2a295000 	C:\WINDOWS\System32\windows.storage.dll
0x00007ffb2cf20000 - 0x00007ffb2d017000 	C:\WINDOWS\System32\SHCORE.dll
0x00007ffb2ca50000 - 0x00007ffb2cab6000 	C:\WINDOWS\System32\shlwapi.dll
0x00007ffb29950000 - 0x00007ffb29979000 	C:\WINDOWS\SYSTEM32\profapi.dll
0x00007ffb16f40000 - 0x00007ffb16f59000 	C:\Program Files\Java\jdk-11.0.15.1\bin\net.dll
0x00007ffb22890000 - 0x00007ffb229bd000 	C:\WINDOWS\SYSTEM32\WINHTTP.dll
0x00007ffb28cd0000 - 0x00007ffb28d3c000 	C:\WINDOWS\system32\mswsock.dll
0x00007ffb09180000 - 0x00007ffb09192000 	C:\Program Files\Java\jdk-11.0.15.1\bin\nio.dll
0x00007ffb247e0000 - 0x00007ffb247e9000 	C:\Program Files\Java\jdk-11.0.15.1\bin\management.dll
0x00007ffb247d0000 - 0x00007ffb247db000 	C:\Program Files\Java\jdk-11.0.15.1\bin\management_ext.dll
0x00007ffb0dc00000 - 0x00007ffb0dc18000 	C:\WINDOWS\system32\napinsp.dll
0x00007ffb281f0000 - 0x00007ffb28322000 	C:\WINDOWS\SYSTEM32\DNSAPI.dll
0x00007ffb28080000 - 0x00007ffb280b2000 	C:\WINDOWS\SYSTEM32\IPHLPAPI.DLL
0x00007ffb2b440000 - 0x00007ffb2b44a000 	C:\WINDOWS\System32\NSI.dll
0x00007ffb0ce00000 - 0x00007ffb0ce13000 	C:\WINDOWS\System32\winrnr.dll
0x00007ffb0cdd0000 - 0x00007ffb0cdf2000 	C:\WINDOWS\system32\nlansp_c.dll
0x00007ffb0cdb0000 - 0x00007ffb0cdc6000 	C:\WINDOWS\system32\wshbth.dll
0x00007ffb1b8a0000 - 0x00007ffb1b8ab000 	C:\Windows\System32\rasadhlp.dll
0x00007ffb213b0000 - 0x00007ffb21436000 	C:\WINDOWS\System32\fwpuclnt.dll
0x00007ffb29050000 - 0x00007ffb2906b000 	C:\WINDOWS\SYSTEM32\CRYPTSP.dll
0x00007ffb286e0000 - 0x00007ffb28719000 	C:\WINDOWS\system32\rsaenh.dll
0x00007ffb28d80000 - 0x00007ffb28db3000 	C:\WINDOWS\SYSTEM32\USERENV.dll
0x00007ffb29920000 - 0x00007ffb2994a000 	C:\WINDOWS\SYSTEM32\bcrypt.dll
0x00007ffb28f30000 - 0x00007ffb28f3c000 	C:\WINDOWS\SYSTEM32\CRYPTBASE.dll
0x00007ffb23580000 - 0x00007ffb2359d000 	C:\WINDOWS\SYSTEM32\dhcpcsvc6.DLL
0x00007ffb23550000 - 0x00007ffb23575000 	C:\WINDOWS\SYSTEM32\dhcpcsvc.DLL
0x00007ffb16f30000 - 0x00007ffb16f3d000 	C:\Program Files\Java\jdk-11.0.15.1\bin\sunmscapi.dll
0x00007ffb2a5f0000 - 0x00007ffb2a767000 	C:\WINDOWS\System32\CRYPT32.dll
0x00007ffb291b0000 - 0x00007ffb291e0000 	C:\WINDOWS\SYSTEM32\ncrypt.dll
0x00007ffb29160000 - 0x00007ffb2919f000 	C:\WINDOWS\SYSTEM32\NTASN1.dll
0x00007ffb07370000 - 0x00007ffb07395000 	C:\Program Files\Java\jdk-11.0.15.1\bin\sunec.dll

dbghelp: loaded successfully - version: 4.0.5 - missing functions: none
symbol engine: initialized successfully - sym options: 0x614 - pdb path: .;C:\Program Files\Java\jdk-11.0.15.1\bin;C:\WINDOWS\SYSTEM32;C:\WINDOWS\WinSxS\amd64_microsoft.windows.common-controls_6595b64144ccf1df_6.0.26100.8115_none_3e075c82e3354f9c;C:\Program Files\Java\jdk-11.0.15.1\bin\server

VM Arguments:
jvm_args: -Dfile.encoding=UTF-8 
java_command: com.rays.ORSProject10Application
java_class_path (initial): C:\project-10-Jwt\ORSProject-10 JWT\target\classes;C:\Users\DELL\.m2\repository\org\springframework\boot\spring-boot-devtools\2.1.2.RELEASE\spring-boot-devtools-2.1.2.RELEASE.jar;C:\Users\DELL\.m2\repository\org\springframework\boot\spring-boot\2.1.2.RELEASE\spring-boot-2.1.2.RELEASE.jar;C:\Users\DELL\.m2\repository\org\springframework\spring-core\5.1.4.RELEASE\spring-core-5.1.4.RELEASE.jar;C:\Users\DELL\.m2\repository\org\springframework\spring-jcl\5.1.4.RELEASE\spring-jcl-5.1.4.RELEASE.jar;C:\Users\DELL\.m2\repository\org\springframework\spring-context\5.1.4.RELEASE\spring-context-5.1.4.RELEASE.jar;C:\Users\DELL\.m2\repository\org\springframework\boot\spring-boot-autoconfigure\2.1.2.RELEASE\spring-boot-autoconfigure-2.1.2.RELEASE.jar;C:\Users\DELL\.m2\repository\org\springframework\boot\spring-boot-starter-web\2.1.2.RELEASE\spring-boot-starter-web-2.1.2.RELEASE.jar;C:\Users\DELL\.m2\repository\org\springframework\boot\spring-boot-starter\2.1.2.RELEASE\spring-boot-starter-2.1.2.RELEASE.jar;C:\Users\DELL\.m2\repository\org\springframework\boot\spring-boot-starter-logging\2.1.2.RELEASE\spring-boot-starter-logging-2.1.2.RELEASE.jar;C:\Users\DELL\.m2\repository\ch\qos\logback\logback-classic\1.2.3\logback-classic-1.2.3.jar;C:\Users\DELL\.m2\repository\ch\qos\logback\logback-core\1.2.3\logback-core-1.2.3.jar;C:\Users\DELL\.m2\repository\org\apache\logging\log4j\log4j-to-slf4j\2.11.1\log4j-to-slf4j-2.11.1.jar;C:\Users\DELL\.m2\repository\org\apache\logging\log4j\log4j-api\2.11.1\log4j-api-2.11.1.jar;C:\Users\DELL\.m2\repository\org\slf4j\jul-to-slf4j\1.7.25\jul-to-slf4j-1.7.25.jar;C:\Users\DELL\.m2\repository\javax\annotation\javax.annotation-api\1.3.2\javax.annotation-api-1.3.2.jar;C:\Users\DELL\.m2\repository\org\yaml\snakeyaml\1.23\snakeyaml-1.23.jar;C:\Users\DELL\.m2\repository\org\springframework\boot\spring-boot-starter-json\2.1.2.RELEASE\spring-boot-starter-json-2.1.2.RELEASE.jar;C:\Users\DELL\.m2\repository\com\fasterxml\jackson\datat
Launcher Type: SUN_STANDARD

[Global flags]
     intx CICompilerCount                          = 4                                         {product} {ergonomic}
     uint ConcGCThreads                            = 2                                         {product} {ergonomic}
     uint G1ConcRefinementThreads                  = 8                                         {product} {ergonomic}
   size_t G1HeapRegionSize                         = 1048576                                   {product} {ergonomic}
    uintx GCDrainStackTargetSize                   = 64                                        {product} {ergonomic}
   size_t InitialHeapSize                          = 132120576                                 {product} {ergonomic}
   size_t MarkStackSize                            = 4194304                                   {product} {ergonomic}
   size_t MaxHeapSize                              = 2109734912                                {product} {ergonomic}
   size_t MaxNewSize                               = 1265631232                                {product} {ergonomic}
   size_t MinHeapDeltaBytes                        = 1048576                                   {product} {ergonomic}
    uintx NonNMethodCodeHeapSize                   = 5836300                                {pd product} {ergonomic}
    uintx NonProfiledCodeHeapSize                  = 122910970                              {pd product} {ergonomic}
    uintx ProfiledCodeHeapSize                     = 122910970                              {pd product} {ergonomic}
    uintx ReservedCodeCacheSize                    = 251658240                              {pd product} {ergonomic}
     bool SegmentedCodeCache                       = true                                      {product} {ergonomic}
     bool UseCompressedClassPointers               = true                                 {lp64_product} {ergonomic}
     bool UseCompressedOops                        = true                                 {lp64_product} {ergonomic}
     bool UseG1GC                                  = true                                      {product} {ergonomic}
     bool UseLargePagesIndividualAllocation        = false                                  {pd product} {ergonomic}

Logging:
Log output configuration:
 #0: stdout all=warning uptime,level,tags
 #1: stderr all=off uptime,level,tags

Environment Variables:
JAVA_HOME=C:\Program Files\Java\jdk-11.0.15.1
PATH=C:/Program Files/Java/jdk-11.0.15.1/bin/server;C:/Program Files/Java/jdk-11.0.15.1/bin;C:\WINDOWS\system32;C:\WINDOWS;C:\WINDOWS\System32\Wbem;C:\WINDOWS\System32\WindowsPowerShell\v1.0\;C:\WINDOWS\System32\OpenSSH\;C:\Program Files\Git\cmd;C:\Program Files\dotnet\;C:\Program Files\Docker\Docker\resources\bin;C:\Program Files\nodejs\;C:\Program Files (x86)\NVIDIA Corporation\PhysX\Common;C:\Program Files\NVIDIA Corporation\NVIDIA App\NvDLISR;C:\Program Files\Apache\Maven\bin;C:\WINDOWS\system32;C:\WINDOWS;C:\WINDOWS\System32\Wbem;C:\WINDOWS\System32\WindowsPowerShell\v1.0\;C:\WINDOWS\System32\OpenSSH\;C:\Program Files\Git\cmd;C:\Program Files\dotnet\;C:\Program Files\Docker\Docker\resources\bin;C:\Program Files\nodejs\;C:\Program Files (x86)\NVIDIA Corporation\PhysX\Common;C:\Program Files\NVIDIA Corporation\NVIDIA App\NvDLISR;C:\WINDOWS\system32;C:\WINDOWS;C:\WINDOWS\System32\Wbem;C:\WINDOWS\System32\WindowsPowerShell\v1.0\;C:\WINDOWS\System32\OpenSSH\;C:\Program Files\Git\cmd;C:\Program Files\dotnet\;C:\Program Files\Docker\Docker\resources\bin;C:\Program Files\nodejs\;C:\Program Files (x86)\NVIDIA Corporation\PhysX\Common;C:\Program Files\NVIDIA Corporation\NVIDIA App\NvDLISR;C:\Program Files\Java\jdk-11.0.15.1\bin;C:\Users\DELL\AppData\Roaming\npm;C:\Users\DELL\AppData\Local\Microsoft\WindowsApps;;C:\Users\DELL\AppData\Local\Programs\Microsoft VS Code\bin;C:\Users\DELL\AppData\Local\Programs\mongosh\;C:\Users\DELL\Downloads\eclipse-jee-2019-03-R-win32-x86_64\eclipse;
USERNAME=DELL
OS=Windows_NT
PROCESSOR_IDENTIFIER=Intel64 Family 6 Model 158 Stepping 10, GenuineIntel



---------------  S Y S T E M  ---------------

OS: Windows 11 , 64 bit Build 26100 (10.0.26100.8115)
Hyper-V role detected

CPU:total 8 (initial active 8) (4 cores per cpu, 2 threads per core) family 6 model 158 stepping 10 microcode 0xde, cmov, cx8, fxsr, mmx, sse, sse2, sse3, ssse3, sse4.1, sse4.2, popcnt, avx, avx2, aes, clmul, erms, 3dnowpref, lzcnt, ht, tsc, tscinvbit, bmi1, bmi2, adx, fma

Memory: 4k page, system-wide physical 8044M (1221M free)
TotalPageFile size 32620M (AvailPageFile size 418M)
current process WorkingSet (physical memory assigned to process): 148M, peak: 378M
current process commit charge ("private bytes"): 403M, peak: 438M

vm_info: Java HotSpot(TM) 64-Bit Server VM (11.0.15.1+2-LTS-10) for windows-amd64 JRE (11.0.15.1+2-LTS-10), built on Apr 25 2022 21:51:57 by "mach5one" with MS VC++ 15.9 (VS2017)

END.
