#
# There is insufficient memory for the Java Runtime Environment to continue.
# Native memory allocation (malloc) failed to allocate 1247216 bytes for Chunk::new
# Possible reasons:
#   The system is out of physical RAM or swap space
#   The process is running with CompressedOops enabled, and the Java Heap may be blocking the growth of the native heap
# Possible solutions:
#   Reduce memory load on the system
#   Increase physical memory or swap space
#   Check if swap backing store is full
#   Decrease Java heap size (-Xmx/-Xms)
#   Decrease number of Java threads
#   Decrease Java thread stack sizes (-Xss)
#   Set larger code cache with -XX:ReservedCodeCacheSize=
#   JVM is running with Unscaled Compressed Oops mode in which the Java heap is
#     placed in the first 4GB address space. The Java Heap base address is the
#     maximum limit for the native heap growth. Please use -XX:HeapBaseMinAddress
#     to set the Java Heap base and to place the Java Heap above 4GB virtual address.
# This output file may be truncated or incomplete.
#
#  Out of Memory Error (./open/src/hotspot/share/memory/arena.cpp:197), pid=22476, tid=22600
#
# JRE version: Java(TM) SE Runtime Environment 18.9 (11.0.15.1+2) (build 11.0.15.1+2-LTS-10)
# Java VM: Java HotSpot(TM) 64-Bit Server VM 18.9 (11.0.15.1+2-LTS-10, mixed mode, tiered, compressed oops, g1 gc, windows-amd64)
# No core dump will be written. Minidumps are not enabled by default on client versions of Windows
#

---------------  S U M M A R Y ------------

Command Line: -Dfile.encoding=UTF-8 com.rays.ORSProject10Application

Host: Intel(R) Core(TM) i5-9300H CPU @ 2.40GHz, 8 cores, 7G,  Windows 11 , 64 bit Build 26100 (10.0.26100.7920)
Time: Sat Mar 28 17:16:43 2026 India Standard Time elapsed time: 7.641225 seconds (0d 0h 0m 7s)

---------------  T H R E A D  ---------------

Current thread (0x00000247fb091000):  JavaThread "C2 CompilerThread1" daemon [_thread_in_native, id=22600, stack(0x000000c340a00000,0x000000c340b00000)]


Current CompileTask:
C2:   7641 2608       4       org.springframework.asm.ClassReader::readCode (5085 bytes)

Stack: [0x000000c340a00000,0x000000c340b00000]
Native frames: (J=compiled Java code, j=interpreted, Vv=VM code, C=native code)
V  [jvm.dll+0x629d8a]
V  [jvm.dll+0x7638ff]
V  [jvm.dll+0x764fa9]
V  [jvm.dll+0x765633]
V  [jvm.dll+0x23d9c8]
V  [jvm.dll+0xb2a1c]
V  [jvm.dll+0xb2fdc]
V  [jvm.dll+0x341002]
V  [jvm.dll+0x18cb19]
V  [jvm.dll+0x1f8672]
V  [jvm.dll+0x1f774d]
V  [jvm.dll+0x177c51]
V  [jvm.dll+0x207026]
V  [jvm.dll+0x2051bb]
V  [jvm.dll+0x729820]
V  [jvm.dll+0x7223f4]
V  [jvm.dll+0x628c26]
C  [ucrtbase.dll+0x37b0]
C  [KERNEL32.DLL+0x2e8d7]
C  [ntdll.dll+0x8c48c]


---------------  P R O C E S S  ---------------

Threads class SMR info:
_java_thread_list=0x0000024781821c50, length=13, elements={
0x00000247dc724000, 0x00000247fa62b000, 0x00000247fa62c000, 0x00000247fae8d800,
0x00000247fae8e800, 0x00000247fae92000, 0x00000247fae96000, 0x00000247faeb0000,
0x00000247fa63d000, 0x00000247fb060000, 0x00000247fb091000, 0x00000247fb061000,
0x00000247fb062000
}

Java Threads: ( => current thread )
  0x00000247dc724000 JavaThread "main" [_thread_blocked, id=7984, stack(0x000000c33f900000,0x000000c33fa00000)]
  0x00000247fa62b000 JavaThread "Reference Handler" daemon [_thread_blocked, id=1088, stack(0x000000c340000000,0x000000c340100000)]
  0x00000247fa62c000 JavaThread "Finalizer" daemon [_thread_blocked, id=15872, stack(0x000000c340100000,0x000000c340200000)]
  0x00000247fae8d800 JavaThread "Signal Dispatcher" daemon [_thread_blocked, id=23452, stack(0x000000c340200000,0x000000c340300000)]
  0x00000247fae8e800 JavaThread "Attach Listener" daemon [_thread_blocked, id=23224, stack(0x000000c340300000,0x000000c340400000)]
  0x00000247fae92000 JavaThread "Service Thread" daemon [_thread_blocked, id=15656, stack(0x000000c340400000,0x000000c340500000)]
  0x00000247fae96000 JavaThread "C2 CompilerThread0" daemon [_thread_in_native, id=7052, stack(0x000000c340500000,0x000000c340600000)]
  0x00000247faeb0000 JavaThread "C1 CompilerThread0" daemon [_thread_in_native, id=15524, stack(0x000000c340600000,0x000000c340700000)]
  0x00000247fa63d000 JavaThread "Sweeper thread" daemon [_thread_blocked, id=5740, stack(0x000000c340700000,0x000000c340800000)]
  0x00000247fb060000 JavaThread "Common-Cleaner" daemon [_thread_blocked, id=14476, stack(0x000000c340900000,0x000000c340a00000)]
=>0x00000247fb091000 JavaThread "C2 CompilerThread1" daemon [_thread_in_native, id=22600, stack(0x000000c340a00000,0x000000c340b00000)]
  0x00000247fb061000 JavaThread "Thread-0" [_thread_blocked, id=15316, stack(0x000000c340b00000,0x000000c340c00000)]
  0x00000247fb062000 JavaThread "restartedMain" [_thread_in_native, id=23244, stack(0x000000c340c00000,0x000000c340d00000)]

Other Threads:
  0x00000247fa629000 VMThread "VM Thread" [stack: 0x000000c33ff00000,0x000000c340000000] [id=5528]
  0x00000247fb054800 WatcherThread [stack: 0x000000c340800000,0x000000c340900000] [id=6908]
  0x00000247dc738800 GCTaskThread "GC Thread#0" [stack: 0x000000c33fa00000,0x000000c33fb00000] [id=16636]
  0x00000247fc147000 GCTaskThread "GC Thread#1" [stack: 0x000000c340e00000,0x000000c340f00000] [id=22796]
  0x00000247fbf56000 GCTaskThread "GC Thread#2" [stack: 0x000000c340f00000,0x000000c341000000] [id=9120]
  0x00000247fb9fb800 GCTaskThread "GC Thread#3" [stack: 0x000000c341000000,0x000000c341100000] [id=5792]
  0x00000247fc0ce800 GCTaskThread "GC Thread#4" [stack: 0x000000c341100000,0x000000c341200000] [id=14784]
  0x00000247fc52d000 GCTaskThread "GC Thread#5" [stack: 0x000000c341200000,0x000000c341300000] [id=23312]
  0x00000247fc52d800 GCTaskThread "GC Thread#6" [stack: 0x000000c341300000,0x000000c341400000] [id=10672]
  0x00000247fc52e800 GCTaskThread "GC Thread#7" [stack: 0x000000c341400000,0x000000c341500000] [id=17192]
  0x00000247dc771000 ConcurrentGCThread "G1 Main Marker" [stack: 0x000000c33fb00000,0x000000c33fc00000] [id=16376]
  0x00000247dc777800 ConcurrentGCThread "G1 Conc#0" [stack: 0x000000c33fc00000,0x000000c33fd00000] [id=12176]
  0x00000247fc8d6000 ConcurrentGCThread "G1 Conc#1" [stack: 0x000000c341600000,0x000000c341700000] [id=22208]
  0x00000247dc76e800 ConcurrentGCThread "G1 Refine#0" [stack: 0x000000c33fd00000,0x000000c33fe00000] [id=22708]
  0x00000247faea3800 ConcurrentGCThread "G1 Refine#1" [stack: 0x000000c341500000,0x000000c341600000] [id=21472]
  0x00000247fa46e800 ConcurrentGCThread "G1 Young RemSet Sampling" [stack: 0x000000c33fe00000,0x000000c33ff00000] [id=2688]

Threads with active compile tasks:
C2 CompilerThread0   7670 2876       4       java.util.concurrent.ConcurrentHashMap::containsKey (14 bytes)
C1 CompilerThread0   7670 2890       3       org.springframework.beans.factory.support.AbstractBeanFactory::isTypeMatch (547 bytes)
C2 CompilerThread1   7670 2608       4       org.springframework.asm.ClassReader::readCode (5085 bytes)

VM state:not at safepoint (normal execution)

VM Mutex/Monitor currently owned by a thread: None

Heap address: 0x0000000082400000, size: 2012 MB, Compressed Oops mode: 32-bit
Narrow klass base: 0x0000000000000000, Narrow klass shift: 3
Compressed class space size: 1073741824 Address: 0x0000000100000000

Heap:
 garbage-first heap   total 129024K, used 46870K [0x0000000082400000, 0x0000000100000000)
  region size 1024K, 40 young (40960K), 5 survivors (5120K)
 Metaspace       used 30111K, capacity 30890K, committed 31104K, reserved 1077248K
  class space    used 3538K, capacity 3843K, committed 3968K, reserved 1048576K
Heap Regions: E=young(eden), S=young(survivor), O=old, HS=humongous(starts), HC=humongous(continues), CS=collection set, F=free, A=archive, TAMS=top-at-mark-start (previous, next)
|   0|0x0000000082400000, 0x0000000082500000, 0x0000000082500000|100%|HS|  |TAMS 0x0000000082500000, 0x0000000082400000| Complete 
|   1|0x0000000082500000, 0x0000000082600000, 0x0000000082600000|100%| O|  |TAMS 0x0000000082600000, 0x0000000082500000| Untracked 
|   2|0x0000000082600000, 0x0000000082700000, 0x0000000082700000|100%| O|  |TAMS 0x0000000082700000, 0x0000000082600000| Untracked 
|   3|0x0000000082700000, 0x0000000082800000, 0x0000000082800000|100%| O|  |TAMS 0x0000000082800000, 0x0000000082700000| Untracked 
|   4|0x0000000082800000, 0x0000000082900000, 0x0000000082900000|100%| O|  |TAMS 0x0000000082900000, 0x0000000082800000| Untracked 
|   5|0x0000000082900000, 0x0000000082a00000, 0x0000000082a00000|100%| O|  |TAMS 0x0000000082a00000, 0x0000000082900000| Untracked 
|   6|0x0000000082a00000, 0x0000000082b00000, 0x0000000082b00000|100%| O|  |TAMS 0x0000000082b00000, 0x0000000082a00000| Untracked 
|   7|0x0000000082b00000, 0x0000000082b8f000, 0x0000000082c00000| 55%| O|  |TAMS 0x0000000082b8f000, 0x0000000082b00000| Untracked 
|   8|0x0000000082c00000, 0x0000000082c00000, 0x0000000082d00000|  0%| F|  |TAMS 0x0000000082c00000, 0x0000000082c00000| Untracked 
|   9|0x0000000082d00000, 0x0000000082d00000, 0x0000000082e00000|  0%| F|  |TAMS 0x0000000082d00000, 0x0000000082d00000| Untracked 
|  10|0x0000000082e00000, 0x0000000082e00000, 0x0000000082f00000|  0%| F|  |TAMS 0x0000000082e00000, 0x0000000082e00000| Untracked 
|  11|0x0000000082f00000, 0x0000000082f00000, 0x0000000083000000|  0%| F|  |TAMS 0x0000000082f00000, 0x0000000082f00000| Untracked 
|  12|0x0000000083000000, 0x0000000083000000, 0x0000000083100000|  0%| F|  |TAMS 0x0000000083000000, 0x0000000083000000| Untracked 
|  13|0x0000000083100000, 0x0000000083100000, 0x0000000083200000|  0%| F|  |TAMS 0x0000000083100000, 0x0000000083100000| Untracked 
|  14|0x0000000083200000, 0x0000000083200000, 0x0000000083300000|  0%| F|  |TAMS 0x0000000083200000, 0x0000000083200000| Untracked 
|  15|0x0000000083300000, 0x0000000083300000, 0x0000000083400000|  0%| F|  |TAMS 0x0000000083300000, 0x0000000083300000| Untracked 
|  16|0x0000000083400000, 0x0000000083400000, 0x0000000083500000|  0%| F|  |TAMS 0x0000000083400000, 0x0000000083400000| Untracked 
|  17|0x0000000083500000, 0x0000000083500000, 0x0000000083600000|  0%| F|  |TAMS 0x0000000083500000, 0x0000000083500000| Untracked 
|  18|0x0000000083600000, 0x0000000083600000, 0x0000000083700000|  0%| F|  |TAMS 0x0000000083600000, 0x0000000083600000| Untracked 
|  19|0x0000000083700000, 0x0000000083700000, 0x0000000083800000|  0%| F|  |TAMS 0x0000000083700000, 0x0000000083700000| Untracked 
|  20|0x0000000083800000, 0x0000000083800000, 0x0000000083900000|  0%| F|  |TAMS 0x0000000083800000, 0x0000000083800000| Untracked 
|  21|0x0000000083900000, 0x0000000083900000, 0x0000000083a00000|  0%| F|  |TAMS 0x0000000083900000, 0x0000000083900000| Untracked 
|  22|0x0000000083a00000, 0x0000000083a00000, 0x0000000083b00000|  0%| F|  |TAMS 0x0000000083a00000, 0x0000000083a00000| Untracked 
|  23|0x0000000083b00000, 0x0000000083b00000, 0x0000000083c00000|  0%| F|  |TAMS 0x0000000083b00000, 0x0000000083b00000| Untracked 
|  24|0x0000000083c00000, 0x0000000083c00000, 0x0000000083d00000|  0%| F|  |TAMS 0x0000000083c00000, 0x0000000083c00000| Untracked 
|  25|0x0000000083d00000, 0x0000000083d00000, 0x0000000083e00000|  0%| F|  |TAMS 0x0000000083d00000, 0x0000000083d00000| Untracked 
|  26|0x0000000083e00000, 0x0000000083e00000, 0x0000000083f00000|  0%| F|  |TAMS 0x0000000083e00000, 0x0000000083e00000| Untracked 
|  27|0x0000000083f00000, 0x0000000083f00000, 0x0000000084000000|  0%| F|  |TAMS 0x0000000083f00000, 0x0000000083f00000| Untracked 
|  28|0x0000000084000000, 0x0000000084000000, 0x0000000084100000|  0%| F|  |TAMS 0x0000000084000000, 0x0000000084000000| Untracked 
|  29|0x0000000084100000, 0x0000000084100000, 0x0000000084200000|  0%| F|  |TAMS 0x0000000084100000, 0x0000000084100000| Untracked 
|  30|0x0000000084200000, 0x0000000084200000, 0x0000000084300000|  0%| F|  |TAMS 0x0000000084200000, 0x0000000084200000| Untracked 
|  31|0x0000000084300000, 0x0000000084300000, 0x0000000084400000|  0%| F|  |TAMS 0x0000000084300000, 0x0000000084300000| Untracked 
|  32|0x0000000084400000, 0x0000000084400000, 0x0000000084500000|  0%| F|  |TAMS 0x0000000084400000, 0x0000000084400000| Untracked 
|  33|0x0000000084500000, 0x0000000084500000, 0x0000000084600000|  0%| F|  |TAMS 0x0000000084500000, 0x0000000084500000| Untracked 
|  34|0x0000000084600000, 0x0000000084600000, 0x0000000084700000|  0%| F|  |TAMS 0x0000000084600000, 0x0000000084600000| Untracked 
|  35|0x0000000084700000, 0x0000000084700000, 0x0000000084800000|  0%| F|  |TAMS 0x0000000084700000, 0x0000000084700000| Untracked 
|  36|0x0000000084800000, 0x0000000084800000, 0x0000000084900000|  0%| F|  |TAMS 0x0000000084800000, 0x0000000084800000| Untracked 
|  37|0x0000000084900000, 0x0000000084900000, 0x0000000084a00000|  0%| F|  |TAMS 0x0000000084900000, 0x0000000084900000| Untracked 
|  38|0x0000000084a00000, 0x0000000084a00000, 0x0000000084b00000|  0%| F|  |TAMS 0x0000000084a00000, 0x0000000084a00000| Untracked 
|  39|0x0000000084b00000, 0x0000000084b00000, 0x0000000084c00000|  0%| F|  |TAMS 0x0000000084b00000, 0x0000000084b00000| Untracked 
|  40|0x0000000084c00000, 0x0000000084c00000, 0x0000000084d00000|  0%| F|  |TAMS 0x0000000084c00000, 0x0000000084c00000| Untracked 
|  41|0x0000000084d00000, 0x0000000084d00000, 0x0000000084e00000|  0%| F|  |TAMS 0x0000000084d00000, 0x0000000084d00000| Untracked 
|  42|0x0000000084e00000, 0x0000000084e00000, 0x0000000084f00000|  0%| F|  |TAMS 0x0000000084e00000, 0x0000000084e00000| Untracked 
|  43|0x0000000084f00000, 0x0000000084f00000, 0x0000000085000000|  0%| F|  |TAMS 0x0000000084f00000, 0x0000000084f00000| Untracked 
|  44|0x0000000085000000, 0x0000000085000000, 0x0000000085100000|  0%| F|  |TAMS 0x0000000085000000, 0x0000000085000000| Untracked 
|  45|0x0000000085100000, 0x0000000085100000, 0x0000000085200000|  0%| F|  |TAMS 0x0000000085100000, 0x0000000085100000| Untracked 
|  46|0x0000000085200000, 0x0000000085200000, 0x0000000085300000|  0%| F|  |TAMS 0x0000000085200000, 0x0000000085200000| Untracked 
|  47|0x0000000085300000, 0x0000000085300000, 0x0000000085400000|  0%| F|  |TAMS 0x0000000085300000, 0x0000000085300000| Untracked 
|  48|0x0000000085400000, 0x0000000085400000, 0x0000000085500000|  0%| F|  |TAMS 0x0000000085400000, 0x0000000085400000| Untracked 
|  49|0x0000000085500000, 0x0000000085500000, 0x0000000085600000|  0%| F|  |TAMS 0x0000000085500000, 0x0000000085500000| Untracked 
|  50|0x0000000085600000, 0x0000000085600000, 0x0000000085700000|  0%| F|  |TAMS 0x0000000085600000, 0x0000000085600000| Untracked 
|  51|0x0000000085700000, 0x0000000085700000, 0x0000000085800000|  0%| F|  |TAMS 0x0000000085700000, 0x0000000085700000| Untracked 
|  52|0x0000000085800000, 0x0000000085800000, 0x0000000085900000|  0%| F|  |TAMS 0x0000000085800000, 0x0000000085800000| Untracked 
|  53|0x0000000085900000, 0x0000000085900000, 0x0000000085a00000|  0%| F|  |TAMS 0x0000000085900000, 0x0000000085900000| Untracked 
|  54|0x0000000085a00000, 0x0000000085a00000, 0x0000000085b00000|  0%| F|  |TAMS 0x0000000085a00000, 0x0000000085a00000| Untracked 
|  55|0x0000000085b00000, 0x0000000085b00000, 0x0000000085c00000|  0%| F|  |TAMS 0x0000000085b00000, 0x0000000085b00000| Untracked 
|  56|0x0000000085c00000, 0x0000000085c00000, 0x0000000085d00000|  0%| F|  |TAMS 0x0000000085c00000, 0x0000000085c00000| Untracked 
|  57|0x0000000085d00000, 0x0000000085d00000, 0x0000000085e00000|  0%| F|  |TAMS 0x0000000085d00000, 0x0000000085d00000| Untracked 
|  58|0x0000000085e00000, 0x0000000085e00000, 0x0000000085f00000|  0%| F|  |TAMS 0x0000000085e00000, 0x0000000085e00000| Untracked 
|  59|0x0000000085f00000, 0x0000000085f00000, 0x0000000086000000|  0%| F|  |TAMS 0x0000000085f00000, 0x0000000085f00000| Untracked 
|  60|0x0000000086000000, 0x0000000086000000, 0x0000000086100000|  0%| F|  |TAMS 0x0000000086000000, 0x0000000086000000| Untracked 
|  61|0x0000000086100000, 0x0000000086100000, 0x0000000086200000|  0%| F|  |TAMS 0x0000000086100000, 0x0000000086100000| Untracked 
|  62|0x0000000086200000, 0x0000000086200000, 0x0000000086300000|  0%| F|  |TAMS 0x0000000086200000, 0x0000000086200000| Untracked 
|  63|0x0000000086300000, 0x0000000086300000, 0x0000000086400000|  0%| F|  |TAMS 0x0000000086300000, 0x0000000086300000| Untracked 
|  64|0x0000000086400000, 0x0000000086400000, 0x0000000086500000|  0%| F|  |TAMS 0x0000000086400000, 0x0000000086400000| Untracked 
|  65|0x0000000086500000, 0x0000000086500000, 0x0000000086600000|  0%| F|  |TAMS 0x0000000086500000, 0x0000000086500000| Untracked 
|  66|0x0000000086600000, 0x0000000086600000, 0x0000000086700000|  0%| F|  |TAMS 0x0000000086600000, 0x0000000086600000| Untracked 
|  67|0x0000000086700000, 0x0000000086700000, 0x0000000086800000|  0%| F|  |TAMS 0x0000000086700000, 0x0000000086700000| Untracked 
|  68|0x0000000086800000, 0x0000000086800000, 0x0000000086900000|  0%| F|  |TAMS 0x0000000086800000, 0x0000000086800000| Untracked 
|  69|0x0000000086900000, 0x0000000086900000, 0x0000000086a00000|  0%| F|  |TAMS 0x0000000086900000, 0x0000000086900000| Untracked 
|  70|0x0000000086a00000, 0x0000000086a00000, 0x0000000086b00000|  0%| F|  |TAMS 0x0000000086a00000, 0x0000000086a00000| Untracked 
|  71|0x0000000086b00000, 0x0000000086b00000, 0x0000000086c00000|  0%| F|  |TAMS 0x0000000086b00000, 0x0000000086b00000| Untracked 
|  72|0x0000000086c00000, 0x0000000086c00000, 0x0000000086d00000|  0%| F|  |TAMS 0x0000000086c00000, 0x0000000086c00000| Untracked 
|  73|0x0000000086d00000, 0x0000000086d369c0, 0x0000000086e00000| 21%| S|CS|TAMS 0x0000000086d00000, 0x0000000086d00000| Complete 
|  74|0x0000000086e00000, 0x0000000086f00000, 0x0000000086f00000|100%| S|CS|TAMS 0x0000000086e00000, 0x0000000086e00000| Complete 
|  75|0x0000000086f00000, 0x0000000087000000, 0x0000000087000000|100%| S|CS|TAMS 0x0000000086f00000, 0x0000000086f00000| Complete 
|  76|0x0000000087000000, 0x0000000087100000, 0x0000000087100000|100%| S|CS|TAMS 0x0000000087000000, 0x0000000087000000| Complete 
|  77|0x0000000087100000, 0x0000000087200000, 0x0000000087200000|100%| S|CS|TAMS 0x0000000087100000, 0x0000000087100000| Complete 
|  78|0x0000000087200000, 0x0000000087200000, 0x0000000087300000|  0%| F|  |TAMS 0x0000000087200000, 0x0000000087200000| Untracked 
|  79|0x0000000087300000, 0x0000000087300000, 0x0000000087400000|  0%| F|  |TAMS 0x0000000087300000, 0x0000000087300000| Untracked 
|  80|0x0000000087400000, 0x0000000087400000, 0x0000000087500000|  0%| F|  |TAMS 0x0000000087400000, 0x0000000087400000| Untracked 
|  81|0x0000000087500000, 0x0000000087500000, 0x0000000087600000|  0%| F|  |TAMS 0x0000000087500000, 0x0000000087500000| Untracked 
|  82|0x0000000087600000, 0x0000000087600000, 0x0000000087700000|  0%| F|  |TAMS 0x0000000087600000, 0x0000000087600000| Untracked 
|  83|0x0000000087700000, 0x0000000087700000, 0x0000000087800000|  0%| F|  |TAMS 0x0000000087700000, 0x0000000087700000| Untracked 
|  84|0x0000000087800000, 0x0000000087800000, 0x0000000087900000|  0%| F|  |TAMS 0x0000000087800000, 0x0000000087800000| Untracked 
|  85|0x0000000087900000, 0x0000000087900000, 0x0000000087a00000|  0%| F|  |TAMS 0x0000000087900000, 0x0000000087900000| Untracked 
|  86|0x0000000087a00000, 0x0000000087a00000, 0x0000000087b00000|  0%| F|  |TAMS 0x0000000087a00000, 0x0000000087a00000| Untracked 
|  87|0x0000000087b00000, 0x0000000087b00000, 0x0000000087c00000|  0%| F|  |TAMS 0x0000000087b00000, 0x0000000087b00000| Untracked 
|  88|0x0000000087c00000, 0x0000000087c00000, 0x0000000087d00000|  0%| F|  |TAMS 0x0000000087c00000, 0x0000000087c00000| Untracked 
|  89|0x0000000087d00000, 0x0000000087d00000, 0x0000000087e00000|  0%| F|  |TAMS 0x0000000087d00000, 0x0000000087d00000| Untracked 
|  90|0x0000000087e00000, 0x0000000087e00000, 0x0000000087f00000|  0%| F|  |TAMS 0x0000000087e00000, 0x0000000087e00000| Untracked 
|  91|0x0000000087f00000, 0x0000000088000000, 0x0000000088000000|100%| E|  |TAMS 0x0000000087f00000, 0x0000000087f00000| Complete 
|  92|0x0000000088000000, 0x0000000088100000, 0x0000000088100000|100%| E|CS|TAMS 0x0000000088000000, 0x0000000088000000| Complete 
|  93|0x0000000088100000, 0x0000000088200000, 0x0000000088200000|100%| E|CS|TAMS 0x0000000088100000, 0x0000000088100000| Complete 
|  94|0x0000000088200000, 0x0000000088300000, 0x0000000088300000|100%| E|CS|TAMS 0x0000000088200000, 0x0000000088200000| Complete 
|  95|0x0000000088300000, 0x0000000088400000, 0x0000000088400000|100%| E|CS|TAMS 0x0000000088300000, 0x0000000088300000| Complete 
|  96|0x0000000088400000, 0x0000000088500000, 0x0000000088500000|100%| E|CS|TAMS 0x0000000088400000, 0x0000000088400000| Complete 
|  97|0x0000000088500000, 0x0000000088600000, 0x0000000088600000|100%| E|CS|TAMS 0x0000000088500000, 0x0000000088500000| Complete 
|  98|0x0000000088600000, 0x0000000088700000, 0x0000000088700000|100%| E|CS|TAMS 0x0000000088600000, 0x0000000088600000| Complete 
|  99|0x0000000088700000, 0x0000000088800000, 0x0000000088800000|100%| E|CS|TAMS 0x0000000088700000, 0x0000000088700000| Complete 
| 100|0x0000000088800000, 0x0000000088900000, 0x0000000088900000|100%| E|CS|TAMS 0x0000000088800000, 0x0000000088800000| Complete 
| 101|0x0000000088900000, 0x0000000088a00000, 0x0000000088a00000|100%| E|CS|TAMS 0x0000000088900000, 0x0000000088900000| Complete 
| 102|0x0000000088a00000, 0x0000000088b00000, 0x0000000088b00000|100%| E|CS|TAMS 0x0000000088a00000, 0x0000000088a00000| Complete 
| 103|0x0000000088b00000, 0x0000000088c00000, 0x0000000088c00000|100%| E|CS|TAMS 0x0000000088b00000, 0x0000000088b00000| Complete 
| 104|0x0000000088c00000, 0x0000000088d00000, 0x0000000088d00000|100%| E|CS|TAMS 0x0000000088c00000, 0x0000000088c00000| Complete 
| 105|0x0000000088d00000, 0x0000000088e00000, 0x0000000088e00000|100%| E|CS|TAMS 0x0000000088d00000, 0x0000000088d00000| Complete 
| 106|0x0000000088e00000, 0x0000000088f00000, 0x0000000088f00000|100%| E|CS|TAMS 0x0000000088e00000, 0x0000000088e00000| Complete 
| 107|0x0000000088f00000, 0x0000000089000000, 0x0000000089000000|100%| E|CS|TAMS 0x0000000088f00000, 0x0000000088f00000| Complete 
| 108|0x0000000089000000, 0x0000000089100000, 0x0000000089100000|100%| E|CS|TAMS 0x0000000089000000, 0x0000000089000000| Complete 
| 109|0x0000000089100000, 0x0000000089200000, 0x0000000089200000|100%| E|CS|TAMS 0x0000000089100000, 0x0000000089100000| Complete 
| 110|0x0000000089200000, 0x0000000089300000, 0x0000000089300000|100%| E|CS|TAMS 0x0000000089200000, 0x0000000089200000| Complete 
| 111|0x0000000089300000, 0x0000000089400000, 0x0000000089400000|100%| E|CS|TAMS 0x0000000089300000, 0x0000000089300000| Complete 
| 112|0x0000000089400000, 0x0000000089500000, 0x0000000089500000|100%| E|CS|TAMS 0x0000000089400000, 0x0000000089400000| Complete 
| 113|0x0000000089500000, 0x0000000089600000, 0x0000000089600000|100%| E|CS|TAMS 0x0000000089500000, 0x0000000089500000| Complete 
| 114|0x0000000089600000, 0x0000000089700000, 0x0000000089700000|100%| E|CS|TAMS 0x0000000089600000, 0x0000000089600000| Complete 
| 115|0x0000000089700000, 0x0000000089800000, 0x0000000089800000|100%| E|CS|TAMS 0x0000000089700000, 0x0000000089700000| Complete 
| 116|0x0000000089800000, 0x0000000089900000, 0x0000000089900000|100%| E|CS|TAMS 0x0000000089800000, 0x0000000089800000| Complete 
| 117|0x0000000089900000, 0x0000000089a00000, 0x0000000089a00000|100%| E|CS|TAMS 0x0000000089900000, 0x0000000089900000| Complete 
| 118|0x0000000089a00000, 0x0000000089b00000, 0x0000000089b00000|100%| E|CS|TAMS 0x0000000089a00000, 0x0000000089a00000| Complete 
| 119|0x0000000089b00000, 0x0000000089c00000, 0x0000000089c00000|100%| E|CS|TAMS 0x0000000089b00000, 0x0000000089b00000| Complete 
| 120|0x0000000089c00000, 0x0000000089d00000, 0x0000000089d00000|100%| E|CS|TAMS 0x0000000089c00000, 0x0000000089c00000| Complete 
| 121|0x0000000089d00000, 0x0000000089e00000, 0x0000000089e00000|100%| E|CS|TAMS 0x0000000089d00000, 0x0000000089d00000| Complete 
| 122|0x0000000089e00000, 0x0000000089f00000, 0x0000000089f00000|100%| E|CS|TAMS 0x0000000089e00000, 0x0000000089e00000| Complete 
| 123|0x0000000089f00000, 0x000000008a000000, 0x000000008a000000|100%| E|CS|TAMS 0x0000000089f00000, 0x0000000089f00000| Complete 
| 124|0x000000008a000000, 0x000000008a100000, 0x000000008a100000|100%| E|CS|TAMS 0x000000008a000000, 0x000000008a000000| Complete 
| 125|0x000000008a100000, 0x000000008a200000, 0x000000008a200000|100%| E|CS|TAMS 0x000000008a100000, 0x000000008a100000| Complete 

Card table byte_map: [0x00000247f34e0000,0x00000247f38d0000] _byte_map_base: 0x00000247f30ce000

Marking Bits (Prev, Next): (CMBitMap*) 0x00000247dc764a10, (CMBitMap*) 0x00000247dc7649d8
 Prev Bits: [0x00000247f5c30000, 0x00000247f7ba0000)
 Next Bits: [0x00000247f3cc0000, 0x00000247f5c30000)

Polling page: 0x00000247da6b0000

Metaspace:

Usage:
  Non-class:     26.41 MB capacity,    25.96 MB ( 98%) used,   383.13 KB (  1%) free+waste,    78.13 KB ( <1%) overhead. 
      Class:      3.75 MB capacity,     3.46 MB ( 92%) used,   263.52 KB (  7%) free+waste,    38.94 KB (  1%) overhead. 
       Both:     30.17 MB capacity,    29.42 MB ( 98%) used,   646.64 KB (  2%) free+waste,   117.06 KB ( <1%) overhead. 

Virtual space:
  Non-class space:       28.00 MB reserved,      26.50 MB ( 95%) committed 
      Class space:        1.00 GB reserved,       3.88 MB ( <1%) committed 
             Both:        1.03 GB reserved,      30.38 MB (  3%) committed 

Chunk freelists:
   Non-Class:  3.13 KB
       Class:  0 bytes
        Both:  3.13 KB

CodeHeap 'non-profiled nmethods': size=120000Kb used=1269Kb max_used=1269Kb free=118730Kb
 bounds [0x00000247eb890000, 0x00000247ebb00000, 0x00000247f2dc0000]
CodeHeap 'profiled nmethods': size=120000Kb used=6445Kb max_used=6445Kb free=113554Kb
 bounds [0x00000247e4360000, 0x00000247e49b0000, 0x00000247eb890000]
CodeHeap 'non-nmethods': size=5760Kb used=1154Kb max_used=1198Kb free=4605Kb
 bounds [0x00000247e3dc0000, 0x00000247e4030000, 0x00000247e4360000]
 total_blobs=3360 nmethods=2885 adapters=383
 compilation: enabled
              stopped_count=0, restarted_count=0
 full_count=0

Compilation events (10 events):
Event: 6.601 Thread 0x00000247faeb0000 2845       3       org.springframework.beans.factory.support.AbstractBeanFactory::isFactoryBean (65 bytes)
Event: 6.602 Thread 0x00000247faeb0000 nmethod 2845 0x00000247e498d610 code [0x00000247e498d8e0, 0x00000247e498efd8]
Event: 6.602 Thread 0x00000247faeb0000 2843       1       org.springframework.beans.factory.support.AbstractBeanDefinition::setScope (6 bytes)
Event: 6.602 Thread 0x00000247faeb0000 nmethod 2843 0x00000247eb9c7e10 code [0x00000247eb9c7fa0, 0x00000247eb9c8098]
Event: 6.602 Thread 0x00000247faeb0000 2842       3       java.lang.reflect.ProxyGenerator::codeClassForName (41 bytes)
Event: 6.603 Thread 0x00000247faeb0000 nmethod 2842 0x00000247e498f410 code [0x00000247e498f780, 0x00000247e4990b58]
Event: 6.603 Thread 0x00000247faeb0000 2844       1       org.springframework.beans.BeanMetadataAttributeAccessor::setSource (6 bytes)
Event: 6.603 Thread 0x00000247faeb0000 nmethod 2844 0x00000247eb9c8110 code [0x00000247eb9c82a0, 0x00000247eb9c8398]
Event: 6.607 Thread 0x00000247faeb0000 2846       3       java.lang.reflect.Modifier::isAbstract (14 bytes)
Event: 6.607 Thread 0x00000247faeb0000 nmethod 2846 0x00000247e4991410 code [0x00000247e49915a0, 0x00000247e49916d8]

GC Heap History (8 events):
Event: 0.950 GC heap before
{Heap before GC invocations=0 (full 0):
 garbage-first heap   total 129024K, used 24576K [0x0000000082400000, 0x0000000100000000)
  region size 1024K, 24 young (24576K), 0 survivors (0K)
 Metaspace       used 13482K, capacity 13744K, committed 13824K, reserved 1060864K
  class space    used 1351K, capacity 1463K, committed 1536K, reserved 1048576K
}
Event: 0.955 GC heap after
{Heap after GC invocations=1 (full 0):
 garbage-first heap   total 129024K, used 7592K [0x0000000082400000, 0x0000000100000000)
  region size 1024K, 3 young (3072K), 3 survivors (3072K)
 Metaspace       used 13482K, capacity 13744K, committed 13824K, reserved 1060864K
  class space    used 1351K, capacity 1463K, committed 1536K, reserved 1048576K
}
Event: 1.155 GC heap before
{Heap before GC invocations=1 (full 0):
 garbage-first heap   total 129024K, used 27048K [0x0000000082400000, 0x0000000100000000)
  region size 1024K, 22 young (22528K), 3 survivors (3072K)
 Metaspace       used 17280K, capacity 17605K, committed 17792K, reserved 1064960K
  class space    used 1931K, capacity 2049K, committed 2176K, reserved 1048576K
}
Event: 1.158 GC heap after
{Heap after GC invocations=2 (full 0):
 garbage-first heap   total 129024K, used 8763K [0x0000000082400000, 0x0000000100000000)
  region size 1024K, 1 young (1024K), 1 survivors (1024K)
 Metaspace       used 17280K, capacity 17605K, committed 17792K, reserved 1064960K
  class space    used 1931K, capacity 2049K, committed 2176K, reserved 1048576K
}
Event: 1.359 GC heap before
{Heap before GC invocations=2 (full 0):
 garbage-first heap   total 129024K, used 26171K [0x0000000082400000, 0x0000000100000000)
  region size 1024K, 19 young (19456K), 1 survivors (1024K)
 Metaspace       used 20652K, capacity 21074K, committed 21248K, reserved 1069056K
  class space    used 2397K, capacity 2553K, committed 2560K, reserved 1048576K
}
Event: 1.362 GC heap after
{Heap after GC invocations=3 (full 0):
 garbage-first heap   total 129024K, used 9550K [0x0000000082400000, 0x0000000100000000)
  region size 1024K, 2 young (2048K), 2 survivors (2048K)
 Metaspace       used 20652K, capacity 21074K, committed 21248K, reserved 1069056K
  class space    used 2397K, capacity 2553K, committed 2560K, reserved 1048576K
}
Event: 1.913 GC heap before
{Heap before GC invocations=4 (full 0):
 garbage-first heap   total 129024K, used 55630K [0x0000000082400000, 0x0000000100000000)
  region size 1024K, 48 young (49152K), 2 survivors (2048K)
 Metaspace       used 27882K, capacity 28485K, committed 28544K, reserved 1075200K
  class space    used 3212K, capacity 3452K, committed 3456K, reserved 1048576K
}
Event: 1.918 GC heap after
{Heap after GC invocations=5 (full 0):
 garbage-first heap   total 129024K, used 12054K [0x0000000082400000, 0x0000000100000000)
  region size 1024K, 5 young (5120K), 5 survivors (5120K)
 Metaspace       used 27882K, capacity 28485K, committed 28544K, reserved 1075200K
  class space    used 3212K, capacity 3452K, committed 3456K, reserved 1048576K
}

Deoptimization events (10 events):
Event: 1.678 Thread 0x00000247fb062000 Uncommon trap: reason=unstable_if action=reinterpret pc=0x00000247eb946200 method=org.springframework.asm.ClassReader.readUTF8(I[C)Ljava/lang/String; @ 11 c2
Event: 6.320 Thread 0x00000247fb062000 Uncommon trap: reason=profile_predicate action=maybe_recompile pc=0x00000247eb998168 method=org.springframework.boot.context.properties.source.ConfigurationPropertyName$Elements.canShortcutWithSource(Lorg/springframework/boot/context/properties/source/Con
Event: 6.320 Thread 0x00000247fb062000 Uncommon trap: reason=profile_predicate action=maybe_recompile pc=0x00000247eb998168 method=org.springframework.boot.context.properties.source.ConfigurationPropertyName$Elements.canShortcutWithSource(Lorg/springframework/boot/context/properties/source/Con
Event: 6.320 Thread 0x00000247fb062000 Uncommon trap: reason=profile_predicate action=maybe_recompile pc=0x00000247eb998168 method=org.springframework.boot.context.properties.source.ConfigurationPropertyName$Elements.canShortcutWithSource(Lorg/springframework/boot/context/properties/source/Con
Event: 6.320 Thread 0x00000247fb062000 Uncommon trap: reason=profile_predicate action=maybe_recompile pc=0x00000247eb998168 method=org.springframework.boot.context.properties.source.ConfigurationPropertyName$Elements.canShortcutWithSource(Lorg/springframework/boot/context/properties/source/Con
Event: 6.403 Thread 0x00000247fb062000 Uncommon trap: reason=intrinsic_or_type_checked_inlining action=make_not_entrant pc=0x00000247eb9a22d8 method=java.util.Arrays.copyOf([Ljava/lang/Object;ILjava/lang/Class;)[Ljava/lang/Object; @ 35 c2
Event: 6.414 Thread 0x00000247fb062000 Uncommon trap: reason=unstable_if action=reinterpret pc=0x00000247eb99ee44 method=org.springframework.boot.context.properties.source.ConfigurationPropertyName$ElementsParser.isAlphaNumeric(C)Z @ 11 c2
Event: 6.414 Thread 0x00000247fb062000 Uncommon trap: reason=predicate action=maybe_recompile pc=0x00000247eb9b2554 method=java.util.AbstractCollection.toArray([Ljava/lang/Object;)[Ljava/lang/Object; @ 43 c2
Event: 6.448 Thread 0x00000247fb062000 Uncommon trap: reason=intrinsic_or_type_checked_inlining action=make_not_entrant pc=0x00000247eb9b3ef0 method=java.util.ArrayList.toArray([Ljava/lang/Object;)[Ljava/lang/Object; @ 36 c2
Event: 6.518 Thread 0x00000247fb062000 Uncommon trap: reason=predicate action=maybe_recompile pc=0x00000247eb9bcb2c method=java.util.AbstractCollection.toArray([Ljava/lang/Object;)[Ljava/lang/Object; @ 43 c2

Classes redefined (0 events):
No events

Internal exceptions (10 events):
Event: 1.597 Thread 0x00000247fb05f800 Exception <a 'java/lang/NoSuchMethodError'{0x00000000887993c0}: java.lang.invoke.DirectMethodHandle$Holder.invokeInterface(Ljava/lang/Object;Ljava/lang/Object;)J> (0x00000000887993c0) thrown at [./open/src/hotspot/share/interpreter/linkResolver.cpp, line 
Event: 1.597 Thread 0x00000247fb05f800 Exception <a 'java/lang/IncompatibleClassChangeError'{0x000000008879c158}: Found class java.lang.Object, but interface was expected> (0x000000008879c158) thrown at [./open/src/hotspot/share/interpreter/linkResolver.cpp, line 838]
Event: 1.600 Thread 0x00000247fb05f800 Exception <a 'java/lang/NoSuchMethodError'{0x00000000887bf128}: java.lang.invoke.DirectMethodHandle$Holder.invokeVirtual(Ljava/lang/Object;Ljava/lang/Object;Ljava/lang/Object;Ljava/lang/Object;)Ljava/lang/Object;> (0x00000000887bf128) thrown at [./open/sr
Event: 1.877 Thread 0x00000247fb05f800 Exception <a 'java/lang/IncompatibleClassChangeError'{0x0000000087513390}: Found class java.lang.Object, but interface was expected> (0x0000000087513390) thrown at [./open/src/hotspot/share/interpreter/linkResolver.cpp, line 838]
Event: 1.912 Thread 0x00000247fb05f800 Exception <a 'java/lang/NoSuchMethodError'{0x000000008729ba18}: java.lang.invoke.DirectMethodHandle$Holder.invokeStatic(Ljava/lang/Object;Ljava/lang/Object;Ljava/lang/Object;Ljava/lang/Object;Ljava/lang/Object;Ljava/lang/Object;Ljava/lang/Object;Ljava/lan
Event: 2.935 Thread 0x00000247fb05f800 Exception <a 'java/lang/NoSuchMethodError'{0x000000008a10a820}: java.lang.invoke.DirectMethodHandle$Holder.invokeStatic(Ljava/lang/Object;Ljava/lang/Object;Ljava/lang/Object;Ljava/lang/Object;Ljava/lang/Object;Ljava/lang/Object;Ljava/lang/Object;Ljava/lan
Event: 2.937 Thread 0x00000247fb05f800 Exception <a 'java/lang/NoSuchMethodError'{0x000000008a129850}: java.lang.invoke.DirectMethodHandle$Holder.invokeStatic(Ljava/lang/Object;Ljava/lang/Object;Ljava/lang/Object;Ljava/lang/Object;Ljava/lang/Object;Ljava/lang/Object;Ljava/lang/Object;Ljava/lan
Event: 2.939 Thread 0x00000247fb05f800 Exception <a 'java/lang/NoSuchMethodError'{0x000000008a149fa8}: java.lang.invoke.DirectMethodHandle$Holder.invokeStatic(Ljava/lang/Object;Ljava/lang/Object;Ljava/lang/Object;Ljava/lang/Object;Ljava/lang/Object;Ljava/lang/Object;Ljava/lang/Object;Ljava/lan
Event: 3.998 Thread 0x00000247fb062000 Exception <a 'java/lang/IncompatibleClassChangeError'{0x0000000089e9a348}: Found class java.lang.Object, but interface was expected> (0x0000000089e9a348) thrown at [./open/src/hotspot/share/interpreter/linkResolver.cpp, line 838]
Event: 6.573 Thread 0x00000247fb062000 Exception <a 'java/lang/NoSuchMethodError'{0x0000000088251d80}: java.lang.invoke.DirectMethodHandle$Holder.invokeInterface(Ljava/lang/Object;Ljava/lang/Object;Ljava/lang/Object;Ljava/lang/Object;)V> (0x0000000088251d80) thrown at [./open/src/hotspot/share

Events (10 events):
Event: 6.608 loading class org/springframework/security/access/intercept/AfterInvocationManager
Event: 6.608 loading class org/springframework/security/access/intercept/AfterInvocationManager done
Event: 6.608 loading class org/springframework/security/access/prepost/PreInvocationAuthorizationAdvice
Event: 6.608 loading class org/springframework/security/access/prepost/PreInvocationAuthorizationAdvice done
Event: 6.609 loading class org/springframework/security/access/AccessDecisionManager
Event: 6.609 loading class org/springframework/security/access/AccessDecisionManager done
Event: 6.609 loading class org/springframework/security/access/expression/method/MethodSecurityExpressionHandler
Event: 6.609 loading class org/springframework/security/access/expression/method/MethodSecurityExpressionHandler done
Event: 6.609 loading class org/springframework/security/access/intercept/aopalliance/MethodSecurityInterceptor
Event: 6.609 loading class org/springframework/security/access/intercept/aopalliance/MethodSecurityInterceptor done


Dynamic libraries:
0x00007ff716750000 - 0x00007ff71675f000 	C:\Program Files\Java\jdk-11.0.15.1\bin\javaw.exe
0x00007ff838d40000 - 0x00007ff838fa7000 	C:\WINDOWS\SYSTEM32\ntdll.dll
0x00007ff838120000 - 0x00007ff8381e9000 	C:\WINDOWS\System32\KERNEL32.DLL
0x00007ff835cf0000 - 0x00007ff8360e1000 	C:\WINDOWS\System32\KERNELBASE.dll
0x00007ff835ba0000 - 0x00007ff835ceb000 	C:\WINDOWS\System32\ucrtbase.dll
0x00007ff832030000 - 0x00007ff832048000 	C:\Program Files\Java\jdk-11.0.15.1\bin\jli.dll
0x00007ff836b60000 - 0x00007ff836c1b000 	C:\WINDOWS\System32\ADVAPI32.dll
0x00007ff8372d0000 - 0x00007ff837379000 	C:\WINDOWS\System32\msvcrt.dll
0x00007ff8373d0000 - 0x00007ff837477000 	C:\WINDOWS\System32\sechost.dll
0x00007ff836c20000 - 0x00007ff836d38000 	C:\WINDOWS\System32\RPCRT4.dll
0x00007ff832010000 - 0x00007ff832025000 	C:\Program Files\Java\jdk-11.0.15.1\bin\VCRUNTIME140.dll
0x00007ff838b30000 - 0x00007ff838cf5000 	C:\WINDOWS\System32\USER32.dll
0x00007ff8357e0000 - 0x00007ff835807000 	C:\WINDOWS\System32\win32u.dll
0x00007ff8383a0000 - 0x00007ff8383cb000 	C:\WINDOWS\System32\GDI32.dll
0x00007ff835620000 - 0x00007ff83574b000 	C:\WINDOWS\System32\gdi32full.dll
0x00007ff821c00000 - 0x00007ff821e93000 	C:\WINDOWS\WinSxS\amd64_microsoft.windows.common-controls_6595b64144ccf1df_6.0.26100.8037_none_3e092faae333b53b\COMCTL32.dll
0x00007ff835810000 - 0x00007ff8358b3000 	C:\WINDOWS\System32\msvcp_win.dll
0x00007ff82e6d0000 - 0x00007ff82e6db000 	C:\WINDOWS\SYSTEM32\VERSION.dll
0x00007ff838af0000 - 0x00007ff838b21000 	C:\WINDOWS\System32\IMM32.DLL
0x00007ff827010000 - 0x00007ff8270ab000 	C:\Program Files\Java\jdk-11.0.15.1\bin\msvcp140.dll
0x00007fff91ed0000 - 0x00007fff929e6000 	C:\Program Files\Java\jdk-11.0.15.1\bin\server\jvm.dll
0x00007ff8372b0000 - 0x00007ff8372b8000 	C:\WINDOWS\System32\PSAPI.DLL
0x00007ff8138e0000 - 0x00007ff8138ea000 	C:\WINDOWS\SYSTEM32\WSOCK32.dll
0x00007ff838530000 - 0x00007ff8385a4000 	C:\WINDOWS\System32\WS2_32.dll
0x00007ff825a60000 - 0x00007ff825a95000 	C:\WINDOWS\SYSTEM32\WINMM.dll
0x00007ff834370000 - 0x00007ff83438b000 	C:\WINDOWS\SYSTEM32\kernel.appcore.dll
0x00007ffffc400000 - 0x00007ffffc410000 	C:\Program Files\Java\jdk-11.0.15.1\bin\verify.dll
0x00007ff833540000 - 0x00007ff833782000 	C:\WINDOWS\SYSTEM32\DBGHELP.DLL
0x00007ff836f20000 - 0x00007ff8372a2000 	C:\WINDOWS\System32\combase.dll
0x00007ff8385b0000 - 0x00007ff838687000 	C:\WINDOWS\System32\OLEAUT32.dll
0x00007ff829af0000 - 0x00007ff829b2b000 	C:\WINDOWS\SYSTEM32\dbgcore.DLL
0x00007ff8358c0000 - 0x00007ff835965000 	C:\WINDOWS\System32\bcryptPrimitives.dll
0x00007ffff0680000 - 0x00007ffff06a8000 	C:\Program Files\Java\jdk-11.0.15.1\bin\java.dll
0x00007ffffc3f0000 - 0x00007ffffc3fa000 	C:\Program Files\Java\jdk-11.0.15.1\bin\jimage.dll
0x00007ffffc1d0000 - 0x00007ffffc1e6000 	C:\Program Files\Java\jdk-11.0.15.1\bin\zip.dll
0x00007ff837480000 - 0x00007ff837bdf000 	C:\WINDOWS\System32\SHELL32.dll
0x00007ff835970000 - 0x00007ff835ada000 	C:\WINDOWS\System32\wintypes.dll
0x00007ff836270000 - 0x00007ff836ad4000 	C:\WINDOWS\System32\windows.storage.dll
0x00007ff8387c0000 - 0x00007ff8388b7000 	C:\WINDOWS\System32\SHCORE.dll
0x00007ff838330000 - 0x00007ff838397000 	C:\WINDOWS\System32\shlwapi.dll
0x00007ff835540000 - 0x00007ff835569000 	C:\WINDOWS\SYSTEM32\profapi.dll
0x00007ffff90d0000 - 0x00007ffff90e9000 	C:\Program Files\Java\jdk-11.0.15.1\bin\net.dll
0x00007ff82ea70000 - 0x00007ff82eb97000 	C:\WINDOWS\SYSTEM32\WINHTTP.dll
0x00007ff8348c0000 - 0x00007ff83492b000 	C:\WINDOWS\system32\mswsock.dll
0x00007ffff7460000 - 0x00007ffff7472000 	C:\Program Files\Java\jdk-11.0.15.1\bin\nio.dll
0x00007ff832000000 - 0x00007ff832009000 	C:\Program Files\Java\jdk-11.0.15.1\bin\management.dll
0x00007ff831ff0000 - 0x00007ff831ffb000 	C:\Program Files\Java\jdk-11.0.15.1\bin\management_ext.dll
0x00007ff810ae0000 - 0x00007ff810af8000 	C:\WINDOWS\system32\napinsp.dll
0x00007ff833df0000 - 0x00007ff833f1a000 	C:\WINDOWS\SYSTEM32\DNSAPI.dll
0x00007ff833d40000 - 0x00007ff833d73000 	C:\WINDOWS\SYSTEM32\IPHLPAPI.DLL
0x00007ff837bf0000 - 0x00007ff837bfa000 	C:\WINDOWS\System32\NSI.dll
0x00007ff810ac0000 - 0x00007ff810ad2000 	C:\WINDOWS\System32\winrnr.dll
0x00007ff810a90000 - 0x00007ff810ab2000 	C:\WINDOWS\system32\nlansp_c.dll
0x00007ff810a70000 - 0x00007ff810a86000 	C:\WINDOWS\system32\wshbth.dll
0x00007ff82cab0000 - 0x00007ff82cabb000 	C:\Windows\System32\rasadhlp.dll
0x00007ff82e350000 - 0x00007ff82e3d6000 	C:\WINDOWS\System32\fwpuclnt.dll

dbghelp: loaded successfully - version: 4.0.5 - missing functions: none
symbol engine: initialized successfully - sym options: 0x614 - pdb path: .;C:\Program Files\Java\jdk-11.0.15.1\bin;C:\WINDOWS\SYSTEM32;C:\WINDOWS\WinSxS\amd64_microsoft.windows.common-controls_6595b64144ccf1df_6.0.26100.8037_none_3e092faae333b53b;C:\Program Files\Java\jdk-11.0.15.1\bin\server

VM Arguments:
jvm_args: -Dfile.encoding=UTF-8 
java_command: com.rays.ORSProject10Application
java_class_path (initial): C:\project-10-Jwt\ORSProject-10 JWT\target\classes;C:\Users\DELL\.m2\repository\org\springframework\boot\spring-boot-devtools\2.1.2.RELEASE\spring-boot-devtools-2.1.2.RELEASE.jar;C:\Users\DELL\.m2\repository\org\springframework\boot\spring-boot\2.1.2.RELEASE\spring-boot-2.1.2.RELEASE.jar;C:\Users\DELL\.m2\repository\org\springframework\spring-core\5.1.4.RELEASE\spring-core-5.1.4.RELEASE.jar;C:\Users\DELL\.m2\repository\org\springframework\spring-jcl\5.1.4.RELEASE\spring-jcl-5.1.4.RELEASE.jar;C:\Users\DELL\.m2\repository\org\springframework\spring-context\5.1.4.RELEASE\spring-context-5.1.4.RELEASE.jar;C:\Users\DELL\.m2\repository\org\springframework\boot\spring-boot-autoconfigure\2.1.2.RELEASE\spring-boot-autoconfigure-2.1.2.RELEASE.jar;C:\Users\DELL\.m2\repository\org\springframework\boot\spring-boot-starter-web\2.1.2.RELEASE\spring-boot-starter-web-2.1.2.RELEASE.jar;C:\Users\DELL\.m2\repository\org\springframework\boot\spring-boot-starter\2.1.2.RELEASE\spring-boot-starter-2.1.2.RELEASE.jar;C:\Users\DELL\.m2\repository\org\springframework\boot\spring-boot-starter-logging\2.1.2.RELEASE\spring-boot-starter-logging-2.1.2.RELEASE.jar;C:\Users\DELL\.m2\repository\ch\qos\logback\logback-classic\1.2.3\logback-classic-1.2.3.jar;C:\Users\DELL\.m2\repository\ch\qos\logback\logback-core\1.2.3\logback-core-1.2.3.jar;C:\Users\DELL\.m2\repository\org\apache\logging\log4j\log4j-to-slf4j\2.11.1\log4j-to-slf4j-2.11.1.jar;C:\Users\DELL\.m2\repository\org\apache\logging\log4j\log4j-api\2.11.1\log4j-api-2.11.1.jar;C:\Users\DELL\.m2\repository\org\slf4j\jul-to-slf4j\1.7.25\jul-to-slf4j-1.7.25.jar;C:\Users\DELL\.m2\repository\javax\annotation\javax.annotation-api\1.3.2\javax.annotation-api-1.3.2.jar;C:\Users\DELL\.m2\repository\org\yaml\snakeyaml\1.23\snakeyaml-1.23.jar;C:\Users\DELL\.m2\repository\org\springframework\boot\spring-boot-starter-json\2.1.2.RELEASE\spring-boot-starter-json-2.1.2.RELEASE.jar;C:\Users\DELL\.m2\repository\com\fasterxml\jackson\datat
Launcher Type: SUN_STANDARD

[Global flags]
     intx CICompilerCount                          = 4                                         {product} {ergonomic}
     uint ConcGCThreads                            = 2                                         {product} {ergonomic}
     uint G1ConcRefinementThreads                  = 8                                         {product} {ergonomic}
   size_t G1HeapRegionSize                         = 1048576                                   {product} {ergonomic}
    uintx GCDrainStackTargetSize                   = 64                                        {product} {ergonomic}
   size_t InitialHeapSize                          = 132120576                                 {product} {ergonomic}
   size_t MarkStackSize                            = 4194304                                   {product} {ergonomic}
   size_t MaxHeapSize                              = 2109734912                                {product} {ergonomic}
   size_t MaxNewSize                               = 1265631232                                {product} {ergonomic}
   size_t MinHeapDeltaBytes                        = 1048576                                   {product} {ergonomic}
    uintx NonNMethodCodeHeapSize                   = 5836300                                {pd product} {ergonomic}
    uintx NonProfiledCodeHeapSize                  = 122910970                              {pd product} {ergonomic}
    uintx ProfiledCodeHeapSize                     = 122910970                              {pd product} {ergonomic}
    uintx ReservedCodeCacheSize                    = 251658240                              {pd product} {ergonomic}
     bool SegmentedCodeCache                       = true                                      {product} {ergonomic}
     bool UseCompressedClassPointers               = true                                 {lp64_product} {ergonomic}
     bool UseCompressedOops                        = true                                 {lp64_product} {ergonomic}
     bool UseG1GC                                  = true                                      {product} {ergonomic}
     bool UseLargePagesIndividualAllocation        = false                                  {pd product} {ergonomic}

Logging:
Log output configuration:
 #0: stdout all=warning uptime,level,tags
 #1: stderr all=off uptime,level,tags

Environment Variables:
JAVA_HOME=C:\Program Files\Java\jdk-11.0.15.1
PATH=C:/Program Files/Java/jdk-11.0.15.1/bin/server;C:/Program Files/Java/jdk-11.0.15.1/bin;C:\WINDOWS\system32;C:\WINDOWS;C:\WINDOWS\System32\Wbem;C:\WINDOWS\System32\WindowsPowerShell\v1.0\;C:\WINDOWS\System32\OpenSSH\;C:\Program Files\Git\cmd;C:\Program Files\dotnet\;C:\Program Files\Docker\Docker\resources\bin;C:\Program Files\nodejs\;C:\Program Files (x86)\NVIDIA Corporation\PhysX\Common;C:\Program Files\NVIDIA Corporation\NVIDIA App\NvDLISR;C:\WINDOWS\system32;C:\WINDOWS;C:\WINDOWS\System32\Wbem;C:\WINDOWS\System32\WindowsPowerShell\v1.0\;C:\WINDOWS\System32\OpenSSH\;C:\Program Files\Git\cmd;C:\Program Files\dotnet\;C:\Program Files\Docker\Docker\resources\bin;C:\Program Files\nodejs\;C:\Program Files (x86)\NVIDIA Corporation\PhysX\Common;C:\Program Files\NVIDIA Corporation\NVIDIA App\NvDLISR;C:\WINDOWS\system32;C:\WINDOWS;C:\WINDOWS\System32\Wbem;C:\WINDOWS\System32\WindowsPowerShell\v1.0\;C:\WINDOWS\System32\OpenSSH\;C:\Program Files\Git\cmd;C:\Program Files\dotnet\;C:\Program Files\Docker\Docker\resources\bin;C:\Program Files\nodejs\;C:\Program Files (x86)\NVIDIA Corporation\PhysX\Common;C:\Program Files\NVIDIA Corporation\NVIDIA App\NvDLISR;C:\Program Files\Java\jdk-11.0.15.1\bin;C:\Users\DELL\AppData\Roaming\npm;C:\Users\DELL\AppData\Local\Microsoft\WindowsApps;;C:\Users\DELL\AppData\Local\Programs\Microsoft VS Code\bin;C:\Users\DELL\Downloads\eclipse-jee-2019-03-R-win32-x86_64\eclipse;
USERNAME=DELL
OS=Windows_NT
PROCESSOR_IDENTIFIER=Intel64 Family 6 Model 158 Stepping 10, GenuineIntel



---------------  S Y S T E M  ---------------

OS: Windows 11 , 64 bit Build 26100 (10.0.26100.7920)
Hyper-V role detected

CPU:total 8 (initial active 8) (4 cores per cpu, 2 threads per core) family 6 model 158 stepping 10 microcode 0xde, cmov, cx8, fxsr, mmx, sse, sse2, sse3, ssse3, sse4.1, sse4.2, popcnt, avx, avx2, aes, clmul, erms, 3dnowpref, lzcnt, ht, tsc, tscinvbit, bmi1, bmi2, adx, fma

Memory: 4k page, system-wide physical 8044M (1006M free)
TotalPageFile size 32620M (AvailPageFile size 5M)
current process WorkingSet (physical memory assigned to process): 193M, peak: 197M
current process commit charge ("private bytes"): 298M, peak: 303M

vm_info: Java HotSpot(TM) 64-Bit Server VM (11.0.15.1+2-LTS-10) for windows-amd64 JRE (11.0.15.1+2-LTS-10), built on Apr 25 2022 21:51:57 by "mach5one" with MS VC++ 15.9 (VS2017)

END.
