#
# There is insufficient memory for the Java Runtime Environment to continue.
# Native memory allocation (malloc) failed to allocate 2143216 bytes for Chunk::new
# Possible reasons:
#   The system is out of physical RAM or swap space
#   The process is running with CompressedOops enabled, and the Java Heap may be blocking the growth of the native heap
# Possible solutions:
#   Reduce memory load on the system
#   Increase physical memory or swap space
#   Check if swap backing store is full
#   Decrease Java heap size (-Xmx/-Xms)
#   Decrease number of Java threads
#   Decrease Java thread stack sizes (-Xss)
#   Set larger code cache with -XX:ReservedCodeCacheSize=
#   JVM is running with Unscaled Compressed Oops mode in which the Java heap is
#     placed in the first 4GB address space. The Java Heap base address is the
#     maximum limit for the native heap growth. Please use -XX:HeapBaseMinAddress
#     to set the Java Heap base and to place the Java Heap above 4GB virtual address.
# This output file may be truncated or incomplete.
#
#  Out of Memory Error (./open/src/hotspot/share/memory/arena.cpp:197), pid=14428, tid=23328
#
# JRE version: Java(TM) SE Runtime Environment 18.9 (11.0.15.1+2) (build 11.0.15.1+2-LTS-10)
# Java VM: Java HotSpot(TM) 64-Bit Server VM 18.9 (11.0.15.1+2-LTS-10, mixed mode, tiered, compressed oops, g1 gc, windows-amd64)
# No core dump will be written. Minidumps are not enabled by default on client versions of Windows
#

---------------  S U M M A R Y ------------

Command Line: -Dfile.encoding=UTF-8 com.rays.ORSProject10Application

Host: Intel(R) Core(TM) i5-9300H CPU @ 2.40GHz, 8 cores, 7G,  Windows 11 , 64 bit Build 26100 (10.0.26100.7920)
Time: Wed Mar 18 12:48:48 2026 India Standard Time elapsed time: 270.263596 seconds (0d 0h 4m 30s)

---------------  T H R E A D  ---------------

Current thread (0x000002289dafd000):  JavaThread "C2 CompilerThread2" daemon [_thread_in_native, id=23328, stack(0x000000fab9000000,0x000000fab9100000)]


Current CompileTask:
C2: 270263 8624   !   4       org.springframework.util.ClassUtils::getMostSpecificMethod (72 bytes)

Stack: [0x000000fab9000000,0x000000fab9100000]
Native frames: (J=compiled Java code, j=interpreted, Vv=VM code, C=native code)
V  [jvm.dll+0x629d8a]
V  [jvm.dll+0x7638ff]
V  [jvm.dll+0x764fa9]
V  [jvm.dll+0x765633]
V  [jvm.dll+0x23d9c8]
V  [jvm.dll+0xb2a1c]
V  [jvm.dll+0xb2fdc]
V  [jvm.dll+0x341047]
V  [jvm.dll+0x30e9b3]
V  [jvm.dll+0x30dcfa]
V  [jvm.dll+0x1f8565]
V  [jvm.dll+0x1f774d]
V  [jvm.dll+0x177c51]
V  [jvm.dll+0x207026]
V  [jvm.dll+0x2051bb]
V  [jvm.dll+0x729820]
V  [jvm.dll+0x7223f4]
V  [jvm.dll+0x628c26]
C  [ucrtbase.dll+0x37b0]
C  [KERNEL32.DLL+0x2e8d7]
C  [ntdll.dll+0x8c48c]


---------------  P R O C E S S  ---------------

Threads class SMR info:
_java_thread_list=0x00000228a2c07770, length=20, elements={
0x000002289cf13000, 0x000002289cf1d800, 0x000002289cf2d800, 0x000002289d882800,
0x000002289d888000, 0x000002289d891000, 0x000002289d8b6000, 0x000002289d8d9800,
0x000002289da4f000, 0x00000228a142f800, 0x00000228a0fcd800, 0x00000228a4ddd000,
0x00000228a6093800, 0x00000228a6094000, 0x000002289dafe000, 0x000002289dafd000,
0x00000228a6095000, 0x00000228a6096800, 0x00000228a6097800, 0x00000228a6098000
}

Java Threads: ( => current thread )
  0x000002289cf13000 JavaThread "Reference Handler" daemon [_thread_blocked, id=648, stack(0x000000fab8400000,0x000000fab8500000)]
  0x000002289cf1d800 JavaThread "Finalizer" daemon [_thread_blocked, id=8708, stack(0x000000fab8500000,0x000000fab8600000)]
  0x000002289cf2d800 JavaThread "Signal Dispatcher" daemon [_thread_blocked, id=9156, stack(0x000000fab8600000,0x000000fab8700000)]
  0x000002289d882800 JavaThread "Attach Listener" daemon [_thread_blocked, id=11160, stack(0x000000fab8700000,0x000000fab8800000)]
  0x000002289d888000 JavaThread "Service Thread" daemon [_thread_blocked, id=24256, stack(0x000000fab8800000,0x000000fab8900000)]
  0x000002289d891000 JavaThread "C2 CompilerThread0" daemon [_thread_in_native, id=320, stack(0x000000fab8900000,0x000000fab8a00000)]
  0x000002289d8b6000 JavaThread "C1 CompilerThread0" daemon [_thread_in_vm, id=8092, stack(0x000000fab8a00000,0x000000fab8b00000)]
  0x000002289d8d9800 JavaThread "Sweeper thread" daemon [_thread_blocked, id=15644, stack(0x000000fab8b00000,0x000000fab8c00000)]
  0x000002289da4f000 JavaThread "Common-Cleaner" daemon [_thread_blocked, id=20528, stack(0x000000fab8d00000,0x000000fab8e00000)]
  0x00000228a142f800 JavaThread "mysql-cj-abandoned-connection-cleanup" daemon [_thread_blocked, id=6424, stack(0x000000fab9c00000,0x000000fab9d00000)]
  0x00000228a0fcd800 JavaThread "Live Reload Server" daemon [_thread_in_native, id=6492, stack(0x000000faba200000,0x000000faba300000)]
  0x00000228a4ddd000 JavaThread "DestroyJavaVM" [_thread_blocked, id=6852, stack(0x000000fab7d00000,0x000000fab7e00000)]
  0x00000228a6093800 JavaThread "Thread-9" [_thread_blocked, id=10388, stack(0x000000fab7c00000,0x000000fab7d00000)]
  0x00000228a6094000 JavaThread "restartedMain" [_thread_in_Java, id=3264, stack(0x000000fab8e00000,0x000000fab8f00000)]
  0x000002289dafe000 JavaThread "C2 CompilerThread1" daemon [_thread_in_native, id=1936, stack(0x000000fab8f00000,0x000000fab9000000)]
=>0x000002289dafd000 JavaThread "C2 CompilerThread2" daemon [_thread_in_native, id=23328, stack(0x000000fab9000000,0x000000fab9100000)]
  0x00000228a6095000 JavaThread "Catalina-utility-1" [_thread_blocked, id=10100, stack(0x000000fab9100000,0x000000fab9200000)]
  0x00000228a6096800 JavaThread "container-0" [_thread_blocked, id=23992, stack(0x000000fab9900000,0x000000fab9a00000)]
  0x00000228a6097800 JavaThread "HikariPool-3 housekeeper" daemon [_thread_blocked, id=15084, stack(0x000000fab9b00000,0x000000fab9c00000)]
  0x00000228a6098000 JavaThread "HikariPool-3 connection adder" daemon [_thread_in_Java, id=19056, stack(0x000000fab9e00000,0x000000fab9f00000)]

Other Threads:
  0x000002289cf11800 VMThread "VM Thread" [stack: 0x000000fab8300000,0x000000fab8400000] [id=352]
  0x000002289da51000 WatcherThread [stack: 0x000000fab8c00000,0x000000fab8d00000] [id=10312]
  0x00000228fefb7000 GCTaskThread "GC Thread#0" [stack: 0x000000fab7e00000,0x000000fab7f00000] [id=24220]
  0x000002289e731800 GCTaskThread "GC Thread#1" [stack: 0x000000fab9200000,0x000000fab9300000] [id=2176]
  0x000002289e848800 GCTaskThread "GC Thread#2" [stack: 0x000000fab9300000,0x000000fab9400000] [id=23972]
  0x000002289ea30800 GCTaskThread "GC Thread#3" [stack: 0x000000fab9400000,0x000000fab9500000] [id=24260]
  0x000002289e5f1800 GCTaskThread "GC Thread#4" [stack: 0x000000fab9500000,0x000000fab9600000] [id=20268]
  0x000002289ea15800 GCTaskThread "GC Thread#5" [stack: 0x000000fab9600000,0x000000fab9700000] [id=3620]
  0x000002289e8f1000 GCTaskThread "GC Thread#6" [stack: 0x000000fab9700000,0x000000fab9800000] [id=23824]
  0x000002289e8f1800 GCTaskThread "GC Thread#7" [stack: 0x000000fab9800000,0x000000fab9900000] [id=2900]
  0x00000228fefee000 ConcurrentGCThread "G1 Main Marker" [stack: 0x000000fab7f00000,0x000000fab8000000] [id=2172]
  0x00000228feff4800 ConcurrentGCThread "G1 Conc#0" [stack: 0x000000fab8000000,0x000000fab8100000] [id=2884]
  0x000002289e6fb000 ConcurrentGCThread "G1 Conc#1" [stack: 0x000000fab9a00000,0x000000fab9b00000] [id=23128]
  0x00000228fefeb800 ConcurrentGCThread "G1 Refine#0" [stack: 0x000000fab8100000,0x000000fab8200000] [id=14460]
  0x000002289d898000 ConcurrentGCThread "G1 Refine#1" [stack: 0x000000faba000000,0x000000faba100000] [id=21188]
  0x000002289cd5c800 ConcurrentGCThread "G1 Young RemSet Sampling" [stack: 0x000000fab8200000,0x000000fab8300000] [id=8900]

Threads with active compile tasks:
C2 CompilerThread0 270294 8701       4       org.springframework.boot.context.properties.source.ConfigurationPropertyName::equals (119 bytes)
C1 CompilerThread0 270294 8914       2       javax.crypto.CipherSpi::bufferCrypt (520 bytes)
C2 CompilerThread1 270294 8625       4       org.springframework.util.ReflectionUtils::findMethod (111 bytes)
C2 CompilerThread2 270294 8624   !   4       org.springframework.util.ClassUtils::getMostSpecificMethod (72 bytes)

VM state:not at safepoint (normal execution)

VM Mutex/Monitor currently owned by a thread: None

Heap address: 0x0000000082400000, size: 2012 MB, Compressed Oops mode: 32-bit
Narrow klass base: 0x0000000000000000, Narrow klass shift: 3
Compressed class space size: 1073741824 Address: 0x0000000100000000

Heap:
 garbage-first heap   total 99328K, used 34985K [0x0000000082400000, 0x0000000100000000)
  region size 1024K, 4 young (4096K), 1 survivors (1024K)
 Metaspace       used 72748K, capacity 74315K, committed 74536K, reserved 1114112K
  class space    used 8935K, capacity 9496K, committed 9632K, reserved 1048576K
Heap Regions: E=young(eden), S=young(survivor), O=old, HS=humongous(starts), HC=humongous(continues), CS=collection set, F=free, A=archive, TAMS=top-at-mark-start (previous, next)
|   0|0x0000000082400000, 0x0000000082500000, 0x0000000082500000|100%|HS|  |TAMS 0x0000000082400000, 0x0000000082400000| Untracked 
|   1|0x0000000082500000, 0x00000000825fe778, 0x0000000082600000| 99%| O|  |TAMS 0x0000000082500000, 0x0000000082500000| Untracked 
|   2|0x0000000082600000, 0x0000000082700000, 0x0000000082700000|100%| O|  |TAMS 0x0000000082600000, 0x0000000082600000| Untracked 
|   3|0x0000000082700000, 0x00000000827f7c78, 0x0000000082800000| 96%| O|  |TAMS 0x0000000082700000, 0x0000000082700000| Untracked 
|   4|0x0000000082800000, 0x00000000828fffe0, 0x0000000082900000| 99%| O|  |TAMS 0x0000000082800000, 0x0000000082800000| Untracked 
|   5|0x0000000082900000, 0x00000000829fd580, 0x0000000082a00000| 98%| O|  |TAMS 0x0000000082900000, 0x0000000082900000| Untracked 
|   6|0x0000000082a00000, 0x0000000082afffe8, 0x0000000082b00000| 99%| O|  |TAMS 0x0000000082a00000, 0x0000000082a00000| Untracked 
|   7|0x0000000082b00000, 0x0000000082bfffe8, 0x0000000082c00000| 99%| O|  |TAMS 0x0000000082b00000, 0x0000000082b00000| Untracked 
|   8|0x0000000082c00000, 0x0000000082d00000, 0x0000000082d00000|100%| O|  |TAMS 0x0000000082c00000, 0x0000000082c00000| Untracked 
|   9|0x0000000082d00000, 0x0000000082dfffd0, 0x0000000082e00000| 99%| O|  |TAMS 0x0000000082d00000, 0x0000000082d00000| Untracked 
|  10|0x0000000082e00000, 0x0000000082f00000, 0x0000000082f00000|100%| O|  |TAMS 0x0000000082e00000, 0x0000000082e00000| Untracked 
|  11|0x0000000082f00000, 0x0000000082fffff8, 0x0000000083000000| 99%| O|  |TAMS 0x0000000082f00000, 0x0000000082f00000| Untracked 
|  12|0x0000000083000000, 0x00000000830fff10, 0x0000000083100000| 99%| O|  |TAMS 0x0000000083000000, 0x0000000083000000| Untracked 
|  13|0x0000000083100000, 0x0000000083200000, 0x0000000083200000|100%| O|  |TAMS 0x0000000083100000, 0x0000000083100000| Untracked 
|  14|0x0000000083200000, 0x00000000832f6dd8, 0x0000000083300000| 96%| O|  |TAMS 0x0000000083200000, 0x0000000083200000| Untracked 
|  15|0x0000000083300000, 0x00000000833ffff8, 0x0000000083400000| 99%| O|  |TAMS 0x0000000083300000, 0x0000000083300000| Untracked 
|  16|0x0000000083400000, 0x0000000083500000, 0x0000000083500000|100%| O|  |TAMS 0x0000000083400000, 0x0000000083400000| Untracked 
|  17|0x0000000083500000, 0x0000000083600000, 0x0000000083600000|100%| O|  |TAMS 0x0000000083500000, 0x0000000083500000| Untracked 
|  18|0x0000000083600000, 0x00000000836ffff0, 0x0000000083700000| 99%| O|  |TAMS 0x0000000083600000, 0x0000000083600000| Untracked 
|  19|0x0000000083700000, 0x0000000083800000, 0x0000000083800000|100%| O|  |TAMS 0x0000000083700000, 0x0000000083700000| Untracked 
|  20|0x0000000083800000, 0x00000000838fffe0, 0x0000000083900000| 99%| O|  |TAMS 0x0000000083800000, 0x0000000083800000| Untracked 
|  21|0x0000000083900000, 0x0000000083a00000, 0x0000000083a00000|100%| O|  |TAMS 0x0000000083900000, 0x0000000083900000| Untracked 
|  22|0x0000000083a00000, 0x0000000083afffd8, 0x0000000083b00000| 99%| O|  |TAMS 0x0000000083a00000, 0x0000000083a00000| Untracked 
|  23|0x0000000083b00000, 0x0000000083bffff8, 0x0000000083c00000| 99%| O|  |TAMS 0x0000000083b00000, 0x0000000083b00000| Untracked 
|  24|0x0000000083c00000, 0x0000000083cccf90, 0x0000000083d00000| 80%| O|  |TAMS 0x0000000083c00000, 0x0000000083c00000| Untracked 
|  25|0x0000000083d00000, 0x0000000083dfffd0, 0x0000000083e00000| 99%| O|  |TAMS 0x0000000083d00000, 0x0000000083d00000| Untracked 
|  26|0x0000000083e00000, 0x0000000083e64b10, 0x0000000083f00000| 39%| O|  |TAMS 0x0000000083e00000, 0x0000000083e00000| Untracked 
|  27|0x0000000083f00000, 0x0000000083fffff8, 0x0000000084000000| 99%| O|  |TAMS 0x0000000083f00000, 0x0000000083f00000| Untracked 
|  28|0x0000000084000000, 0x00000000840016d8, 0x0000000084100000|  0%| O|  |TAMS 0x0000000084000000, 0x0000000084000000| Untracked 
|  29|0x0000000084100000, 0x0000000084200000, 0x0000000084200000|100%| O|  |TAMS 0x0000000084100000, 0x0000000084100000| Untracked 
|  30|0x0000000084200000, 0x0000000084300000, 0x0000000084300000|100%| O|  |TAMS 0x0000000084200000, 0x0000000084200000| Untracked 
|  31|0x0000000084300000, 0x0000000084400000, 0x0000000084400000|100%| O|  |TAMS 0x0000000084300000, 0x0000000084300000| Untracked 
|  32|0x0000000084400000, 0x0000000084500000, 0x0000000084500000|100%| O|  |TAMS 0x0000000084400000, 0x0000000084400000| Untracked 
|  33|0x0000000084500000, 0x000000008454f800, 0x0000000084600000| 31%| O|  |TAMS 0x0000000084500000, 0x0000000084500000| Untracked 
|  34|0x0000000084600000, 0x0000000084600000, 0x0000000084700000|  0%| F|  |TAMS 0x0000000084600000, 0x0000000084600000| Untracked 
|  35|0x0000000084700000, 0x0000000084700000, 0x0000000084800000|  0%| F|  |TAMS 0x0000000084700000, 0x0000000084700000| Untracked 
|  36|0x0000000084800000, 0x0000000084800000, 0x0000000084900000|  0%| F|  |TAMS 0x0000000084800000, 0x0000000084800000| Untracked 
|  37|0x0000000084900000, 0x0000000084900000, 0x0000000084a00000|  0%| F|  |TAMS 0x0000000084900000, 0x0000000084900000| Untracked 
|  38|0x0000000084a00000, 0x0000000084a00000, 0x0000000084b00000|  0%| F|  |TAMS 0x0000000084a00000, 0x0000000084a00000| Untracked 
|  39|0x0000000084b00000, 0x0000000084b00000, 0x0000000084c00000|  0%| F|  |TAMS 0x0000000084b00000, 0x0000000084b00000| Untracked 
|  40|0x0000000084c00000, 0x0000000084c00000, 0x0000000084d00000|  0%| F|  |TAMS 0x0000000084c00000, 0x0000000084c00000| Untracked 
|  41|0x0000000084d00000, 0x0000000084d00000, 0x0000000084e00000|  0%| F|  |TAMS 0x0000000084d00000, 0x0000000084d00000| Untracked 
|  42|0x0000000084e00000, 0x0000000084e00000, 0x0000000084f00000|  0%| F|  |TAMS 0x0000000084e00000, 0x0000000084e00000| Untracked 
|  43|0x0000000084f00000, 0x0000000084f00000, 0x0000000085000000|  0%| F|  |TAMS 0x0000000084f00000, 0x0000000084f00000| Untracked 
|  44|0x0000000085000000, 0x0000000085000000, 0x0000000085100000|  0%| F|  |TAMS 0x0000000085000000, 0x0000000085000000| Untracked 
|  45|0x0000000085100000, 0x00000000851325c8, 0x0000000085200000| 19%| O|  |TAMS 0x0000000085100000, 0x0000000085100000| Untracked 
|  46|0x0000000085200000, 0x0000000085200000, 0x0000000085300000|  0%| F|  |TAMS 0x0000000085200000, 0x0000000085200000| Untracked 
|  47|0x0000000085300000, 0x0000000085300000, 0x0000000085400000|  0%| F|  |TAMS 0x0000000085300000, 0x0000000085300000| Untracked 
|  48|0x0000000085400000, 0x0000000085400000, 0x0000000085500000|  0%| F|  |TAMS 0x0000000085400000, 0x0000000085400000| Untracked 
|  49|0x0000000085500000, 0x0000000085500000, 0x0000000085600000|  0%| F|  |TAMS 0x0000000085500000, 0x0000000085500000| Untracked 
|  50|0x0000000085600000, 0x0000000085600000, 0x0000000085700000|  0%| F|  |TAMS 0x0000000085600000, 0x0000000085600000| Untracked 
|  51|0x0000000085700000, 0x0000000085700000, 0x0000000085800000|  0%| F|  |TAMS 0x0000000085700000, 0x0000000085700000| Untracked 
|  52|0x0000000085800000, 0x0000000085800000, 0x0000000085900000|  0%| F|  |TAMS 0x0000000085800000, 0x0000000085800000| Untracked 
|  53|0x0000000085900000, 0x0000000085900000, 0x0000000085a00000|  0%| F|  |TAMS 0x0000000085900000, 0x0000000085900000| Untracked 
|  54|0x0000000085a00000, 0x0000000085a00000, 0x0000000085b00000|  0%| F|  |TAMS 0x0000000085a00000, 0x0000000085a00000| Untracked 
|  55|0x0000000085b00000, 0x0000000085b00000, 0x0000000085c00000|  0%| F|  |TAMS 0x0000000085b00000, 0x0000000085b00000| Untracked 
|  56|0x0000000085c00000, 0x0000000085c00000, 0x0000000085d00000|  0%| F|  |TAMS 0x0000000085c00000, 0x0000000085c00000| Untracked 
|  57|0x0000000085d00000, 0x0000000085d00000, 0x0000000085e00000|  0%| F|  |TAMS 0x0000000085d00000, 0x0000000085d00000| Untracked 
|  58|0x0000000085e00000, 0x0000000085e00000, 0x0000000085f00000|  0%| F|  |TAMS 0x0000000085e00000, 0x0000000085e00000| Untracked 
|  59|0x0000000085f00000, 0x0000000085f00000, 0x0000000086000000|  0%| F|  |TAMS 0x0000000085f00000, 0x0000000085f00000| Untracked 
|  60|0x0000000086000000, 0x0000000086000000, 0x0000000086100000|  0%| F|  |TAMS 0x0000000086000000, 0x0000000086000000| Untracked 
|  61|0x0000000086100000, 0x0000000086100000, 0x0000000086200000|  0%| F|  |TAMS 0x0000000086100000, 0x0000000086100000| Untracked 
|  62|0x0000000086200000, 0x0000000086200000, 0x0000000086300000|  0%| F|  |TAMS 0x0000000086200000, 0x0000000086200000| Untracked 
|  63|0x0000000086300000, 0x0000000086300000, 0x0000000086400000|  0%| F|  |TAMS 0x0000000086300000, 0x0000000086300000| Untracked 
|  64|0x0000000086400000, 0x0000000086400000, 0x0000000086500000|  0%| F|  |TAMS 0x0000000086400000, 0x0000000086400000| Untracked 
|  65|0x0000000086500000, 0x0000000086500000, 0x0000000086600000|  0%| F|  |TAMS 0x0000000086500000, 0x0000000086500000| Untracked 
|  66|0x0000000086600000, 0x0000000086628858, 0x0000000086700000| 15%| O|  |TAMS 0x0000000086600000, 0x0000000086600000| Untracked 
|  67|0x0000000086700000, 0x0000000086700000, 0x0000000086800000|  0%| F|  |TAMS 0x0000000086700000, 0x0000000086700000| Untracked 
|  68|0x0000000086800000, 0x0000000086800000, 0x0000000086900000|  0%| F|  |TAMS 0x0000000086800000, 0x0000000086800000| Untracked 
|  69|0x0000000086900000, 0x0000000086900000, 0x0000000086a00000|  0%| F|  |TAMS 0x0000000086900000, 0x0000000086900000| Untracked 
|  70|0x0000000086a00000, 0x0000000086a00000, 0x0000000086b00000|  0%| F|  |TAMS 0x0000000086a00000, 0x0000000086a00000| Untracked 
|  71|0x0000000086b00000, 0x0000000086b00000, 0x0000000086c00000|  0%| F|  |TAMS 0x0000000086b00000, 0x0000000086b00000| Untracked 
|  72|0x0000000086c00000, 0x0000000086c00000, 0x0000000086d00000|  0%| F|  |TAMS 0x0000000086c00000, 0x0000000086c00000| Untracked 
|  73|0x0000000086d00000, 0x0000000086d00000, 0x0000000086e00000|  0%| F|  |TAMS 0x0000000086d00000, 0x0000000086d00000| Untracked 
|  74|0x0000000086e00000, 0x0000000086e00000, 0x0000000086f00000|  0%| F|  |TAMS 0x0000000086e00000, 0x0000000086e00000| Untracked 
|  75|0x0000000086f00000, 0x0000000086f00000, 0x0000000087000000|  0%| F|  |TAMS 0x0000000086f00000, 0x0000000086f00000| Untracked 
|  76|0x0000000087000000, 0x0000000087000000, 0x0000000087100000|  0%| F|  |TAMS 0x0000000087000000, 0x0000000087000000| Untracked 
|  77|0x0000000087100000, 0x0000000087100000, 0x0000000087200000|  0%| F|  |TAMS 0x0000000087100000, 0x0000000087100000| Untracked 
|  78|0x0000000087200000, 0x0000000087200000, 0x0000000087300000|  0%| F|  |TAMS 0x0000000087200000, 0x0000000087200000| Untracked 
|  79|0x0000000087300000, 0x0000000087300000, 0x0000000087400000|  0%| F|  |TAMS 0x0000000087300000, 0x0000000087300000| Untracked 
|  80|0x0000000087400000, 0x0000000087400000, 0x0000000087500000|  0%| F|  |TAMS 0x0000000087400000, 0x0000000087400000| Untracked 
|  81|0x0000000087500000, 0x0000000087500000, 0x0000000087600000|  0%| F|  |TAMS 0x0000000087500000, 0x0000000087500000| Untracked 
|  82|0x0000000087600000, 0x0000000087600000, 0x0000000087700000|  0%| F|  |TAMS 0x0000000087600000, 0x0000000087600000| Untracked 
|  83|0x0000000087700000, 0x0000000087700000, 0x0000000087800000|  0%| F|  |TAMS 0x0000000087700000, 0x0000000087700000| Untracked 
|  84|0x0000000087800000, 0x0000000087800000, 0x0000000087900000|  0%| F|  |TAMS 0x0000000087800000, 0x0000000087800000| Untracked 
|  85|0x0000000087900000, 0x0000000087900000, 0x0000000087a00000|  0%| F|  |TAMS 0x0000000087900000, 0x0000000087900000| Untracked 
|  86|0x0000000087a00000, 0x0000000087a00000, 0x0000000087b00000|  0%| F|  |TAMS 0x0000000087a00000, 0x0000000087a00000| Untracked 
|  87|0x0000000087b00000, 0x0000000087b00000, 0x0000000087c00000|  0%| F|  |TAMS 0x0000000087b00000, 0x0000000087b00000| Untracked 
|  88|0x0000000087c00000, 0x0000000087c00000, 0x0000000087d00000|  0%| F|  |TAMS 0x0000000087c00000, 0x0000000087c00000| Untracked 
|  89|0x0000000087d00000, 0x0000000087d00000, 0x0000000087e00000|  0%| F|  |TAMS 0x0000000087d00000, 0x0000000087d00000| Untracked 
|  90|0x0000000087e00000, 0x0000000087e00000, 0x0000000087f00000|  0%| F|  |TAMS 0x0000000087e00000, 0x0000000087e00000| Untracked 
|  91|0x0000000087f00000, 0x0000000087f00000, 0x0000000088000000|  0%| F|  |TAMS 0x0000000087f00000, 0x0000000087f00000| Untracked 
|  92|0x0000000088000000, 0x00000000880629b0, 0x0000000088100000| 38%| S|CS|TAMS 0x0000000088000000, 0x0000000088000000| Complete 
|  93|0x0000000088100000, 0x00000000881ba008, 0x0000000088200000| 72%| E|  |TAMS 0x0000000088100000, 0x0000000088100000| Complete 
|  94|0x0000000088200000, 0x0000000088300000, 0x0000000088300000|100%| E|CS|TAMS 0x0000000088200000, 0x0000000088200000| Complete 
|  95|0x0000000088300000, 0x0000000088400000, 0x0000000088400000|100%| E|CS|TAMS 0x0000000088300000, 0x0000000088300000| Complete 
|  96|0x0000000088400000, 0x0000000088500000, 0x0000000088500000|100%| E|CS|TAMS 0x0000000088400000, 0x0000000088400000| Complete 

Card table byte_map: [0x00000228ff790000,0x00000228ffb80000] _byte_map_base: 0x00000228ff37e000

Marking Bits (Prev, Next): (CMBitMap*) 0x00000228fefe24f0, (CMBitMap*) 0x00000228fefe24b8
 Prev Bits: [0x0000022898540000, 0x000002289a4b0000)
 Next Bits: [0x00000228965d0000, 0x0000022898540000)

Polling page: 0x00000228fd300000

Metaspace:

Usage:
  Non-class:     63.30 MB capacity,    62.32 MB ( 98%) used,   814.09 KB (  1%) free+waste,   186.81 KB ( <1%) overhead. 
      Class:      9.27 MB capacity,     8.73 MB ( 94%) used,   474.89 KB (  5%) free+waste,    85.56 KB ( <1%) overhead. 
       Both:     72.57 MB capacity,    71.05 MB ( 98%) used,     1.26 MB (  2%) free+waste,   272.38 KB ( <1%) overhead. 

Virtual space:
  Non-class space:       64.00 MB reserved,      63.38 MB (>99%) committed 
      Class space:        1.00 GB reserved,       9.41 MB ( <1%) committed 
             Both:        1.06 GB reserved,      72.79 MB (  7%) committed 

Chunk freelists:
   Non-Class:  10.63 KB
       Class:  5.00 KB
        Both:  15.63 KB

CodeHeap 'non-profiled nmethods': size=120000Kb used=5976Kb max_used=5976Kb free=114023Kb
 bounds [0x000002288f0a0000, 0x000002288f680000, 0x00000228965d0000]
CodeHeap 'profiled nmethods': size=120000Kb used=20201Kb max_used=20201Kb free=99798Kb
 bounds [0x0000022887b70000, 0x0000022888f30000, 0x000002288f0a0000]
CodeHeap 'non-nmethods': size=5760Kb used=1243Kb max_used=1303Kb free=4516Kb
 bounds [0x00000228875d0000, 0x0000022887840000, 0x0000022887b70000]
 total_blobs=9430 nmethods=8803 adapters=537
 compilation: enabled
              stopped_count=0, restarted_count=0
 full_count=0

Compilation events (10 events):
Event: 269.268 Thread 0x000002289d8b6000 nmethod 8847 0x0000022888f0be90 code [0x0000022888f0c020, 0x0000022888f0c148]
Event: 269.268 Thread 0x000002289d8b6000 8848       2       net.bytebuddy.description.method.ParameterDescription$ForLoadedParameter::hasModifiers (20 bytes)
Event: 269.268 Thread 0x000002289d8b6000 nmethod 8848 0x0000022888f0c210 code [0x0000022888f0c3c0, 0x0000022888f0c558]
Event: 269.268 Thread 0x000002289d8b6000 8849       2       net.bytebuddy.implementation.bytecode.Removal::apply (13 bytes)
Event: 269.268 Thread 0x000002289d8b6000 nmethod 8849 0x0000022888f0c610 code [0x0000022888f0c7a0, 0x0000022888f0c8c8]
Event: 269.274 Thread 0x000002289d8b6000 8850       2       sun.security.ssl.HandshakeHash::isHashable (26 bytes)
Event: 269.274 Thread 0x000002289d8b6000 nmethod 8850 0x0000022888f0c990 code [0x0000022888f0cb20, 0x0000022888f0cc58]
Event: 269.274 Thread 0x000002289d8b6000 8851       2       sun.security.ssl.SSLHandshake$HandshakeMessage::<init> (10 bytes)
Event: 269.274 Thread 0x000002289d8b6000 nmethod 8851 0x0000022888f0cd10 code [0x0000022888f0cea0, 0x0000022888f0cfd8]
Event: 269.276 Thread 0x000002289d8b6000 8852       2       sun.security.util.DisabledAlgorithmConstraints::checkConstraints (113 bytes)

GC Heap History (10 events):
Event: 233.200 GC heap after
{Heap after GC invocations=14 (full 1):
 garbage-first heap   total 99328K, used 30823K [0x0000000082400000, 0x0000000100000000)
  region size 1024K, 4 young (4096K), 4 survivors (4096K)
 Metaspace       used 70220K, capacity 71615K, committed 71976K, reserved 1112064K
  class space    used 8795K, capacity 9327K, committed 9376K, reserved 1048576K
}
Event: 233.587 GC heap before
{Heap before GC invocations=14 (full 1):
 garbage-first heap   total 99328K, used 74855K [0x0000000082400000, 0x0000000100000000)
  region size 1024K, 47 young (48128K), 4 survivors (4096K)
 Metaspace       used 70706K, capacity 72190K, committed 72232K, reserved 1112064K
  class space    used 8823K, capacity 9376K, committed 9376K, reserved 1048576K
}
Event: 233.591 GC heap after
{Heap after GC invocations=15 (full 1):
 garbage-first heap   total 99328K, used 32194K [0x0000000082400000, 0x0000000100000000)
  region size 1024K, 5 young (5120K), 5 survivors (5120K)
 Metaspace       used 70706K, capacity 72190K, committed 72232K, reserved 1112064K
  class space    used 8823K, capacity 9376K, committed 9376K, reserved 1048576K
}
Event: 234.012 GC heap before
{Heap before GC invocations=15 (full 1):
 garbage-first heap   total 99328K, used 76226K [0x0000000082400000, 0x0000000100000000)
  region size 1024K, 48 young (49152K), 5 survivors (5120K)
 Metaspace       used 71701K, capacity 73182K, committed 73384K, reserved 1114112K
  class space    used 8871K, capacity 9430K, committed 9504K, reserved 1048576K
}
Event: 234.018 GC heap after
{Heap after GC invocations=16 (full 1):
 garbage-first heap   total 99328K, used 33199K [0x0000000082400000, 0x0000000100000000)
  region size 1024K, 3 young (3072K), 3 survivors (3072K)
 Metaspace       used 71701K, capacity 73182K, committed 73384K, reserved 1114112K
  class space    used 8871K, capacity 9430K, committed 9504K, reserved 1048576K
}
Event: 268.435 GC heap before
{Heap before GC invocations=16 (full 1):
 garbage-first heap   total 99328K, used 63919K [0x0000000082400000, 0x0000000100000000)
  region size 1024K, 34 young (34816K), 3 survivors (3072K)
 Metaspace       used 72167K, capacity 73698K, committed 73896K, reserved 1114112K
  class space    used 8890K, capacity 9443K, committed 9504K, reserved 1048576K
}
Event: 268.474 GC heap after
{Heap after GC invocations=17 (full 2):
 garbage-first heap   total 99328K, used 28129K [0x0000000082400000, 0x0000000100000000)
  region size 1024K, 0 young (0K), 0 survivors (0K)
 Metaspace       used 72080K, capacity 73560K, committed 73896K, reserved 1114112K
  class space    used 8878K, capacity 9419K, committed 9504K, reserved 1048576K
}
Event: 268.994 GC heap before
{Heap before GC invocations=17 (full 2):
 garbage-first heap   total 99328K, used 75233K [0x0000000082400000, 0x0000000100000000)
  region size 1024K, 46 young (47104K), 0 survivors (0K)
 Metaspace       used 72371K, capacity 73898K, committed 74152K, reserved 1114112K
  class space    used 8919K, capacity 9464K, committed 9504K, reserved 1048576K
}
Event: 268.997 GC heap after
{Heap after GC invocations=18 (full 2):
 garbage-first heap   total 99328K, used 31396K [0x0000000082400000, 0x0000000100000000)
  region size 1024K, 4 young (4096K), 4 survivors (4096K)
 Metaspace       used 72371K, capacity 73898K, committed 74152K, reserved 1114112K
  class space    used 8919K, capacity 9464K, committed 9504K, reserved 1048576K
}
Event: 269.319 GC heap before
{Heap before GC invocations=18 (full 2):
 garbage-first heap   total 99328K, used 75428K [0x0000000082400000, 0x0000000100000000)
  region size 1024K, 47 young (48128K), 4 survivors (4096K)
 Metaspace       used 72653K, capacity 74187K, committed 74536K, reserved 1114112K
  class space    used 8931K, capacity 9496K, committed 9632K, reserved 1048576K
}

Deoptimization events (10 events):
Event: 233.803 Thread 0x00000228a1430800 Uncommon trap: reason=unstable_if action=reinterpret pc=0x000002288f13108c method=java.lang.String.indexOf([BBILjava/lang/String;I)I @ 54 c2
Event: 268.195 Thread 0x00000228a6093800 Uncommon trap: reason=bimorphic_or_optimized_type_check action=maybe_recompile pc=0x000002288f5221e4 method=java.util.HashMap.removeNode(ILjava/lang/Object;Ljava/lang/Object;ZZ)Ljava/util/HashMap$Node; @ 143 c2
Event: 268.861 Thread 0x00000228a6094000 Uncommon trap: reason=profile_predicate action=maybe_recompile pc=0x000002288f611dc4 method=java.util.regex.Pattern$Slice.match(Ljava/util/regex/Matcher;ILjava/lang/CharSequence;)Z @ 18 c2
Event: 268.861 Thread 0x00000228a6094000 Uncommon trap: reason=profile_predicate action=maybe_recompile pc=0x000002288f611dc4 method=java.util.regex.Pattern$Slice.match(Ljava/util/regex/Matcher;ILjava/lang/CharSequence;)Z @ 18 c2
Event: 268.861 Thread 0x00000228a6094000 Uncommon trap: reason=profile_predicate action=maybe_recompile pc=0x000002288f611dc4 method=java.util.regex.Pattern$Slice.match(Ljava/util/regex/Matcher;ILjava/lang/CharSequence;)Z @ 18 c2
Event: 268.861 Thread 0x00000228a6094000 Uncommon trap: reason=profile_predicate action=maybe_recompile pc=0x000002288f611dc4 method=java.util.regex.Pattern$Slice.match(Ljava/util/regex/Matcher;ILjava/lang/CharSequence;)Z @ 18 c2
Event: 269.060 Thread 0x00000228a6094000 Uncommon trap: reason=profile_predicate action=maybe_recompile pc=0x000002288f5c8e8c method=org.springframework.boot.context.properties.source.ConfigurationPropertyName.elementEquals(Lorg/springframework/boot/context/properties/source/ConfigurationPropert
Event: 269.060 Thread 0x00000228a6094000 Uncommon trap: reason=profile_predicate action=maybe_recompile pc=0x000002288f5c8e8c method=org.springframework.boot.context.properties.source.ConfigurationPropertyName.elementEquals(Lorg/springframework/boot/context/properties/source/ConfigurationPropert
Event: 269.060 Thread 0x00000228a6094000 Uncommon trap: reason=profile_predicate action=maybe_recompile pc=0x000002288f5c8e8c method=org.springframework.boot.context.properties.source.ConfigurationPropertyName.elementEquals(Lorg/springframework/boot/context/properties/source/ConfigurationPropert
Event: 269.060 Thread 0x00000228a6094000 Uncommon trap: reason=profile_predicate action=maybe_recompile pc=0x000002288f5c8e8c method=org.springframework.boot.context.properties.source.ConfigurationPropertyName.elementEquals(Lorg/springframework/boot/context/properties/source/ConfigurationPropert

Classes redefined (0 events):
No events

Internal exceptions (10 events):
Event: 269.067 Thread 0x00000228a6094000 Implicit null exception at 0x00000228883a0815 to 0x00000228883a0d9b
Event: 269.067 Thread 0x00000228a6094000 Exception <a 'java/lang/NullPointerException'{0x0000000088124f50}> (0x0000000088124f50) thrown at [./open/src/hotspot/share/runtime/sharedRuntime.cpp, line 605]
Event: 269.067 Thread 0x00000228a6094000 Implicit null exception at 0x00000228883a0815 to 0x00000228883a0d9b
Event: 269.067 Thread 0x00000228a6094000 Exception <a 'java/lang/NullPointerException'{0x0000000088125ee8}> (0x0000000088125ee8) thrown at [./open/src/hotspot/share/runtime/sharedRuntime.cpp, line 605]
Event: 269.067 Thread 0x00000228a6094000 Implicit null exception at 0x00000228883a0815 to 0x00000228883a0d9b
Event: 269.067 Thread 0x00000228a6094000 Exception <a 'java/lang/NullPointerException'{0x0000000088126ee8}> (0x0000000088126ee8) thrown at [./open/src/hotspot/share/runtime/sharedRuntime.cpp, line 605]
Event: 269.067 Thread 0x00000228a6094000 Implicit null exception at 0x00000228883a0815 to 0x00000228883a0d9b
Event: 269.067 Thread 0x00000228a6094000 Exception <a 'java/lang/NullPointerException'{0x0000000088127e80}> (0x0000000088127e80) thrown at [./open/src/hotspot/share/runtime/sharedRuntime.cpp, line 605]
Event: 269.067 Thread 0x00000228a6094000 Implicit null exception at 0x00000228883a0815 to 0x00000228883a0d9b
Event: 269.067 Thread 0x00000228a6094000 Exception <a 'java/lang/NullPointerException'{0x0000000088128e18}> (0x0000000088128e18) thrown at [./open/src/hotspot/share/runtime/sharedRuntime.cpp, line 605]

Events (10 events):
Event: 269.241 loading class javax/money/MonetaryAmount done
Event: 269.241 loading class org/joda/time/ReadableInstant
Event: 269.241 loading class org/joda/time/ReadableInstant done
Event: 269.242 loading class org/joda/time/ReadableInstant
Event: 269.242 loading class org/joda/time/ReadableInstant done
Event: 269.242 loading class javax/money/MonetaryAmount
Event: 269.242 loading class javax/money/MonetaryAmount done
Event: 269.242 loading class javax/money/MonetaryAmount
Event: 269.242 loading class javax/money/MonetaryAmount done
Event: 269.319 Executing VM operation: G1CollectForAllocation


Dynamic libraries:
0x00007ff792710000 - 0x00007ff79271f000 	C:\Program Files\Java\jdk-11.0.15.1\bin\javaw.exe
0x00007fffb0060000 - 0x00007fffb02c7000 	C:\WINDOWS\SYSTEM32\ntdll.dll
0x00007fffaf560000 - 0x00007fffaf629000 	C:\WINDOWS\System32\KERNEL32.DLL
0x00007fffad8b0000 - 0x00007fffadca1000 	C:\WINDOWS\System32\KERNELBASE.dll
0x00007fffaca20000 - 0x00007fffacb6b000 	C:\WINDOWS\System32\ucrtbase.dll
0x00007fff9d1b0000 - 0x00007fff9d1c5000 	C:\Program Files\Java\jdk-11.0.15.1\bin\VCRUNTIME140.dll
0x00007fff9d1d0000 - 0x00007fff9d1e8000 	C:\Program Files\Java\jdk-11.0.15.1\bin\jli.dll
0x00007fffaeba0000 - 0x00007fffaec5b000 	C:\WINDOWS\System32\ADVAPI32.dll
0x00007fffae200000 - 0x00007fffae2a9000 	C:\WINDOWS\System32\msvcrt.dll
0x00007fffae2b0000 - 0x00007fffae357000 	C:\WINDOWS\System32\sechost.dll
0x00007fffafa60000 - 0x00007fffafb78000 	C:\WINDOWS\System32\RPCRT4.dll
0x00007fffade00000 - 0x00007fffadfc5000 	C:\WINDOWS\System32\USER32.dll
0x00007fffac9f0000 - 0x00007fffaca17000 	C:\WINDOWS\System32\win32u.dll
0x00007fffaf1e0000 - 0x00007fffaf20b000 	C:\WINDOWS\System32\GDI32.dll
0x00007fffacb70000 - 0x00007fffacc9b000 	C:\WINDOWS\System32\gdi32full.dll
0x00007fff98320000 - 0x00007fff985b3000 	C:\WINDOWS\WinSxS\amd64_microsoft.windows.common-controls_6595b64144ccf1df_6.0.26100.8037_none_3e092faae333b53b\COMCTL32.dll
0x00007fffac940000 - 0x00007fffac9e3000 	C:\WINDOWS\System32\msvcp_win.dll
0x00007fffa60d0000 - 0x00007fffa60db000 	C:\WINDOWS\SYSTEM32\VERSION.dll
0x00007fffafb80000 - 0x00007fffafbb1000 	C:\WINDOWS\System32\IMM32.DLL
0x00007fff27790000 - 0x00007fff2782b000 	C:\Program Files\Java\jdk-11.0.15.1\bin\msvcp140.dll
0x00007fff067d0000 - 0x00007fff072e6000 	C:\Program Files\Java\jdk-11.0.15.1\bin\server\jvm.dll
0x00007fffafff0000 - 0x00007fffafff8000 	C:\WINDOWS\System32\PSAPI.DLL
0x00007fff921e0000 - 0x00007fff921ea000 	C:\WINDOWS\SYSTEM32\WSOCK32.dll
0x00007fffadfd0000 - 0x00007fffae044000 	C:\WINDOWS\System32\WS2_32.dll
0x00007fff9b8e0000 - 0x00007fff9b915000 	C:\WINDOWS\SYSTEM32\WINMM.dll
0x00007fffab690000 - 0x00007fffab6ab000 	C:\WINDOWS\SYSTEM32\kernel.appcore.dll
0x00007fffa10c0000 - 0x00007fffa10d0000 	C:\Program Files\Java\jdk-11.0.15.1\bin\verify.dll
0x00007fffaa9e0000 - 0x00007fffaac22000 	C:\WINDOWS\SYSTEM32\DBGHELP.DLL
0x00007fffaf630000 - 0x00007fffaf9b2000 	C:\WINDOWS\System32\combase.dll
0x00007fffaf320000 - 0x00007fffaf3f7000 	C:\WINDOWS\System32\OLEAUT32.dll
0x00007fff97260000 - 0x00007fff9729b000 	C:\WINDOWS\SYSTEM32\dbgcore.DLL
0x00007fffacf90000 - 0x00007fffad035000 	C:\WINDOWS\System32\bcryptPrimitives.dll
0x00007fff5d240000 - 0x00007fff5d268000 	C:\Program Files\Java\jdk-11.0.15.1\bin\java.dll
0x00007fff5d230000 - 0x00007fff5d23a000 	C:\Program Files\Java\jdk-11.0.15.1\bin\jimage.dll
0x00007fff5b340000 - 0x00007fff5b356000 	C:\Program Files\Java\jdk-11.0.15.1\bin\zip.dll
0x00007fffae430000 - 0x00007fffaeb8f000 	C:\WINDOWS\System32\SHELL32.dll
0x00007ffface20000 - 0x00007fffacf8a000 	C:\WINDOWS\System32\wintypes.dll
0x00007fffad040000 - 0x00007fffad8a4000 	C:\WINDOWS\System32\windows.storage.dll
0x00007fffafd10000 - 0x00007fffafe07000 	C:\WINDOWS\System32\SHCORE.dll
0x00007fffaf170000 - 0x00007fffaf1d7000 	C:\WINDOWS\System32\shlwapi.dll
0x00007fffac860000 - 0x00007fffac889000 	C:\WINDOWS\SYSTEM32\profapi.dll
0x00007fff5b320000 - 0x00007fff5b339000 	C:\Program Files\Java\jdk-11.0.15.1\bin\net.dll
0x00007fffa6160000 - 0x00007fffa6287000 	C:\WINDOWS\SYSTEM32\WINHTTP.dll
0x00007fffabbe0000 - 0x00007fffabc4b000 	C:\WINDOWS\system32\mswsock.dll
0x00007fff5b0a0000 - 0x00007fff5b0b2000 	C:\Program Files\Java\jdk-11.0.15.1\bin\nio.dll
0x00007fff9d660000 - 0x00007fff9d669000 	C:\Program Files\Java\jdk-11.0.15.1\bin\management.dll
0x00007fff9d180000 - 0x00007fff9d18b000 	C:\Program Files\Java\jdk-11.0.15.1\bin\management_ext.dll
0x00007fff97240000 - 0x00007fff97258000 	C:\WINDOWS\system32\napinsp.dll
0x00007fffab110000 - 0x00007fffab23a000 	C:\WINDOWS\SYSTEM32\DNSAPI.dll
0x00007fffaafa0000 - 0x00007fffaafd3000 	C:\WINDOWS\SYSTEM32\IPHLPAPI.DLL
0x00007fffae050000 - 0x00007fffae05a000 	C:\WINDOWS\System32\NSI.dll
0x00007fff97130000 - 0x00007fff97142000 	C:\WINDOWS\System32\winrnr.dll
0x00007fff970d0000 - 0x00007fff970f2000 	C:\WINDOWS\system32\nlansp_c.dll
0x00007fff970b0000 - 0x00007fff970c6000 	C:\WINDOWS\system32\wshbth.dll
0x00007fff9d460000 - 0x00007fff9d46b000 	C:\Windows\System32\rasadhlp.dll
0x00007fffa5490000 - 0x00007fffa5516000 	C:\WINDOWS\System32\fwpuclnt.dll
0x00007fffabf60000 - 0x00007fffabf7b000 	C:\WINDOWS\SYSTEM32\CRYPTSP.dll
0x00007fffab5f0000 - 0x00007fffab629000 	C:\WINDOWS\system32\rsaenh.dll
0x00007fffabc90000 - 0x00007fffabcc2000 	C:\WINDOWS\SYSTEM32\USERENV.dll
0x00007fffac830000 - 0x00007fffac85a000 	C:\WINDOWS\SYSTEM32\bcrypt.dll
0x00007fffabe40000 - 0x00007fffabe4c000 	C:\WINDOWS\SYSTEM32\CRYPTBASE.dll
0x00007fffa6500000 - 0x00007fffa651d000 	C:\WINDOWS\SYSTEM32\dhcpcsvc6.DLL
0x00007fffa64d0000 - 0x00007fffa64f3000 	C:\WINDOWS\SYSTEM32\dhcpcsvc.DLL
0x00007fff9cea0000 - 0x00007fff9cec5000 	C:\Program Files\Java\jdk-11.0.15.1\bin\sunec.dll
0x00007fff9d3c0000 - 0x00007fff9d3cd000 	C:\Program Files\Java\jdk-11.0.15.1\bin\sunmscapi.dll
0x00007fffacca0000 - 0x00007ffface17000 	C:\WINDOWS\System32\CRYPT32.dll
0x00007fffac0c0000 - 0x00007fffac0f0000 	C:\WINDOWS\SYSTEM32\ncrypt.dll
0x00007fffac070000 - 0x00007fffac0af000 	C:\WINDOWS\SYSTEM32\NTASN1.dll

dbghelp: loaded successfully - version: 4.0.5 - missing functions: none
symbol engine: initialized successfully - sym options: 0x614 - pdb path: .;C:\Program Files\Java\jdk-11.0.15.1\bin;C:\WINDOWS\SYSTEM32;C:\WINDOWS\WinSxS\amd64_microsoft.windows.common-controls_6595b64144ccf1df_6.0.26100.8037_none_3e092faae333b53b;C:\Program Files\Java\jdk-11.0.15.1\bin\server

VM Arguments:
jvm_args: -Dfile.encoding=UTF-8 
java_command: com.rays.ORSProject10Application
java_class_path (initial): C:\Users\DELL\OneDrive\Desktop\Mission-Project-10\ORSProject-10\target\classes;C:\Users\DELL\.m2\repository\org\springframework\boot\spring-boot-devtools\2.1.2.RELEASE\spring-boot-devtools-2.1.2.RELEASE.jar;C:\Users\DELL\.m2\repository\org\springframework\boot\spring-boot\2.1.2.RELEASE\spring-boot-2.1.2.RELEASE.jar;C:\Users\DELL\.m2\repository\org\springframework\spring-core\5.1.4.RELEASE\spring-core-5.1.4.RELEASE.jar;C:\Users\DELL\.m2\repository\org\springframework\spring-jcl\5.1.4.RELEASE\spring-jcl-5.1.4.RELEASE.jar;C:\Users\DELL\.m2\repository\org\springframework\spring-context\5.1.4.RELEASE\spring-context-5.1.4.RELEASE.jar;C:\Users\DELL\.m2\repository\org\springframework\boot\spring-boot-autoconfigure\2.1.2.RELEASE\spring-boot-autoconfigure-2.1.2.RELEASE.jar;C:\Users\DELL\.m2\repository\org\springframework\boot\spring-boot-starter-web\2.1.2.RELEASE\spring-boot-starter-web-2.1.2.RELEASE.jar;C:\Users\DELL\.m2\repository\org\springframework\boot\spring-boot-starter\2.1.2.RELEASE\spring-boot-starter-2.1.2.RELEASE.jar;C:\Users\DELL\.m2\repository\org\springframework\boot\spring-boot-starter-logging\2.1.2.RELEASE\spring-boot-starter-logging-2.1.2.RELEASE.jar;C:\Users\DELL\.m2\repository\ch\qos\logback\logback-classic\1.2.3\logback-classic-1.2.3.jar;C:\Users\DELL\.m2\repository\ch\qos\logback\logback-core\1.2.3\logback-core-1.2.3.jar;C:\Users\DELL\.m2\repository\org\apache\logging\log4j\log4j-to-slf4j\2.11.1\log4j-to-slf4j-2.11.1.jar;C:\Users\DELL\.m2\repository\org\apache\logging\log4j\log4j-api\2.11.1\log4j-api-2.11.1.jar;C:\Users\DELL\.m2\repository\org\slf4j\jul-to-slf4j\1.7.25\jul-to-slf4j-1.7.25.jar;C:\Users\DELL\.m2\repository\javax\annotation\javax.annotation-api\1.3.2\javax.annotation-api-1.3.2.jar;C:\Users\DELL\.m2\repository\org\yaml\snakeyaml\1.23\snakeyaml-1.23.jar;C:\Users\DELL\.m2\repository\org\springframework\boot\spring-boot-starter-json\2.1.2.RELEASE\spring-boot-starter-json-2.1.2.RELEASE.jar;C:\Users\DELL\.m2\repository
Launcher Type: SUN_STANDARD

[Global flags]
     intx CICompilerCount                          = 4                                         {product} {ergonomic}
     uint ConcGCThreads                            = 2                                         {product} {ergonomic}
     uint G1ConcRefinementThreads                  = 8                                         {product} {ergonomic}
   size_t G1HeapRegionSize                         = 1048576                                   {product} {ergonomic}
    uintx GCDrainStackTargetSize                   = 64                                        {product} {ergonomic}
   size_t InitialHeapSize                          = 132120576                                 {product} {ergonomic}
   size_t MarkStackSize                            = 4194304                                   {product} {ergonomic}
   size_t MaxHeapSize                              = 2109734912                                {product} {ergonomic}
   size_t MaxNewSize                               = 1265631232                                {product} {ergonomic}
   size_t MinHeapDeltaBytes                        = 1048576                                   {product} {ergonomic}
    uintx NonNMethodCodeHeapSize                   = 5836300                                {pd product} {ergonomic}
    uintx NonProfiledCodeHeapSize                  = 122910970                              {pd product} {ergonomic}
    uintx ProfiledCodeHeapSize                     = 122910970                              {pd product} {ergonomic}
    uintx ReservedCodeCacheSize                    = 251658240                              {pd product} {ergonomic}
     bool SegmentedCodeCache                       = true                                      {product} {ergonomic}
     bool UseCompressedClassPointers               = true                                 {lp64_product} {ergonomic}
     bool UseCompressedOops                        = true                                 {lp64_product} {ergonomic}
     bool UseG1GC                                  = true                                      {product} {ergonomic}
     bool UseLargePagesIndividualAllocation        = false                                  {pd product} {ergonomic}

Logging:
Log output configuration:
 #0: stdout all=warning uptime,level,tags
 #1: stderr all=off uptime,level,tags

Environment Variables:
JAVA_HOME=C:\Program Files\Java\jdk-11.0.15.1
PATH=C:/Program Files/Java/jdk-11.0.15.1/bin/server;C:/Program Files/Java/jdk-11.0.15.1/bin;C:\WINDOWS\system32;C:\WINDOWS;C:\WINDOWS\System32\Wbem;C:\WINDOWS\System32\WindowsPowerShell\v1.0\;C:\WINDOWS\System32\OpenSSH\;C:\Program Files\Git\cmd;C:\Program Files\dotnet\;C:\Program Files\Docker\Docker\resources\bin;C:\Program Files\nodejs\;C:\Program Files (x86)\NVIDIA Corporation\PhysX\Common;C:\Program Files\NVIDIA Corporation\NVIDIA App\NvDLISR;C:\WINDOWS\system32;C:\WINDOWS;C:\WINDOWS\System32\Wbem;C:\WINDOWS\System32\WindowsPowerShell\v1.0\;C:\WINDOWS\System32\OpenSSH\;C:\Program Files\Git\cmd;C:\Program Files\dotnet\;C:\Program Files\Docker\Docker\resources\bin;C:\Program Files\nodejs\;C:\Program Files (x86)\NVIDIA Corporation\PhysX\Common;C:\Program Files\NVIDIA Corporation\NVIDIA App\NvDLISR;C:\WINDOWS\system32;C:\WINDOWS;C:\WINDOWS\System32\Wbem;C:\WINDOWS\System32\WindowsPowerShell\v1.0\;C:\WINDOWS\System32\OpenSSH\;C:\Program Files\Git\cmd;C:\Program Files\dotnet\;C:\Program Files\Docker\Docker\resources\bin;C:\Program Files\nodejs\;C:\Program Files (x86)\NVIDIA Corporation\PhysX\Common;C:\Program Files\NVIDIA Corporation\NVIDIA App\NvDLISR;C:\Program Files\Java\jdk-11.0.15.1\bin;C:\Users\DELL\AppData\Roaming\npm;C:\Users\DELL\AppData\Local\Microsoft\WindowsApps;;C:\Users\DELL\AppData\Local\Programs\Microsoft VS Code\bin;C:\Users\DELL\Downloads\eclipse-jee-2019-03-R-win32-x86_64\eclipse;
USERNAME=DELL
OS=Windows_NT
PROCESSOR_IDENTIFIER=Intel64 Family 6 Model 158 Stepping 10, GenuineIntel



---------------  S Y S T E M  ---------------

OS: Windows 11 , 64 bit Build 26100 (10.0.26100.7920)
Hyper-V role detected

CPU:total 8 (initial active 8) (4 cores per cpu, 2 threads per core) family 6 model 158 stepping 10 microcode 0xde, cmov, cx8, fxsr, mmx, sse, sse2, sse3, ssse3, sse4.1, sse4.2, popcnt, avx, avx2, aes, clmul, erms, 3dnowpref, lzcnt, ht, tsc, tscinvbit, bmi1, bmi2, adx, fma

Memory: 4k page, system-wide physical 8044M (1132M free)
TotalPageFile size 32620M (AvailPageFile size 9M)
current process WorkingSet (physical memory assigned to process): 324M, peak: 353M
current process commit charge ("private bytes"): 368M, peak: 411M

vm_info: Java HotSpot(TM) 64-Bit Server VM (11.0.15.1+2-LTS-10) for windows-amd64 JRE (11.0.15.1+2-LTS-10), built on Apr 25 2022 21:51:57 by "mach5one" with MS VC++ 15.9 (VS2017)

END.
