#
# There is insufficient memory for the Java Runtime Environment to continue.
# Native memory allocation (malloc) failed to allocate 32744 bytes for ChunkPool::allocate
# Possible reasons:
#   The system is out of physical RAM or swap space
#   The process is running with CompressedOops enabled, and the Java Heap may be blocking the growth of the native heap
# Possible solutions:
#   Reduce memory load on the system
#   Increase physical memory or swap space
#   Check if swap backing store is full
#   Decrease Java heap size (-Xmx/-Xms)
#   Decrease number of Java threads
#   Decrease Java thread stack sizes (-Xss)
#   Set larger code cache with -XX:ReservedCodeCacheSize=
#   JVM is running with Unscaled Compressed Oops mode in which the Java heap is
#     placed in the first 4GB address space. The Java Heap base address is the
#     maximum limit for the native heap growth. Please use -XX:HeapBaseMinAddress
#     to set the Java Heap base and to place the Java Heap above 4GB virtual address.
# This output file may be truncated or incomplete.
#
#  Out of Memory Error (./open/src/hotspot/share/memory/arena.cpp:81), pid=19636, tid=11500
#
# JRE version: Java(TM) SE Runtime Environment 18.9 (11.0.15.1+2) (build 11.0.15.1+2-LTS-10)
# Java VM: Java HotSpot(TM) 64-Bit Server VM 18.9 (11.0.15.1+2-LTS-10, mixed mode, tiered, compressed oops, g1 gc, windows-amd64)
# No core dump will be written. Minidumps are not enabled by default on client versions of Windows
#

---------------  S U M M A R Y ------------

Command Line: -Dfile.encoding=UTF-8 com.rays.ORSProject10Application

Host: Intel(R) Core(TM) i5-9300H CPU @ 2.40GHz, 8 cores, 7G,  Windows 11 , 64 bit Build 26100 (10.0.26100.7920)
Time: Thu Mar 19 14:41:04 2026 India Standard Time elapsed time: 9388.471816 seconds (0d 2h 36m 28s)

---------------  T H R E A D  ---------------

Current thread (0x000001b98217c000):  JavaThread "C1 CompilerThread0" daemon [_thread_in_native, id=11500, stack(0x0000000a2b800000,0x0000000a2b900000)]


Current CompileTask:
C1:9388473 7971       3       sun.nio.cs.UTF_8$Encoder::encodeArrayLoop (489 bytes)

Stack: [0x0000000a2b800000,0x0000000a2b900000]
Native frames: (J=compiled Java code, j=interpreted, Vv=VM code, C=native code)
V  [jvm.dll+0x629d8a]
V  [jvm.dll+0x7638ff]
V  [jvm.dll+0x764fa9]
V  [jvm.dll+0x765633]
V  [jvm.dll+0x23d9c8]
V  [jvm.dll+0xb2c7b]
V  [jvm.dll+0xb2fdc]
V  [jvm.dll+0x617929]
V  [jvm.dll+0x23e987]
V  [jvm.dll+0x12e869]
V  [jvm.dll+0x134b37]
V  [jvm.dll+0x11729f]
V  [jvm.dll+0x135d02]
V  [jvm.dll+0x1187dd]
V  [jvm.dll+0x1182ba]
V  [jvm.dll+0x11849f]
V  [jvm.dll+0x117744]
V  [jvm.dll+0x119617]
V  [jvm.dll+0x207026]
V  [jvm.dll+0x2051bb]
V  [jvm.dll+0x729820]
V  [jvm.dll+0x7223f4]
V  [jvm.dll+0x628c26]
C  [ucrtbase.dll+0x37b0]
C  [KERNEL32.DLL+0x2e8d7]
C  [ntdll.dll+0x8c48c]


---------------  P R O C E S S  ---------------

Threads class SMR info:
_java_thread_list=0x000001b985894b10, length=29, elements={
0x000001b9ff754000, 0x000001b9ff75e000, 0x000001b9ff76c800, 0x000001b9ff76d800,
0x000001b982154800, 0x000001b98215e000, 0x000001b98217c000, 0x000001b98219f800,
0x000001b982340000, 0x000001b982342800, 0x000001b982342000, 0x000001b982347000,
0x000001b982346000, 0x000001b989772000, 0x000001b989771800, 0x000001b989774800,
0x000001b989773000, 0x000001b989777000, 0x000001b989778000, 0x000001b989776000,
0x000001b989775800, 0x000001b98977a800, 0x000001b989778800, 0x000001b98977c000,
0x000001b98977b000, 0x000001b989779800, 0x000001b98977f000, 0x000001b98977c800,
0x000001b98977e800
}

Java Threads: ( => current thread )
  0x000001b9ff754000 JavaThread "Reference Handler" daemon [_thread_blocked, id=6900, stack(0x0000000a2b200000,0x0000000a2b300000)]
  0x000001b9ff75e000 JavaThread "Finalizer" daemon [_thread_blocked, id=10296, stack(0x0000000a2b300000,0x0000000a2b400000)]
  0x000001b9ff76c800 JavaThread "Signal Dispatcher" daemon [_thread_blocked, id=18612, stack(0x0000000a2b400000,0x0000000a2b500000)]
  0x000001b9ff76d800 JavaThread "Attach Listener" daemon [_thread_blocked, id=12136, stack(0x0000000a2b500000,0x0000000a2b600000)]
  0x000001b982154800 JavaThread "Service Thread" daemon [_thread_blocked, id=23392, stack(0x0000000a2b600000,0x0000000a2b700000)]
  0x000001b98215e000 JavaThread "C2 CompilerThread0" daemon [_thread_blocked, id=24392, stack(0x0000000a2b700000,0x0000000a2b800000)]
=>0x000001b98217c000 JavaThread "C1 CompilerThread0" daemon [_thread_in_native, id=11500, stack(0x0000000a2b800000,0x0000000a2b900000)]
  0x000001b98219f800 JavaThread "Sweeper thread" daemon [_thread_blocked, id=2812, stack(0x0000000a2b900000,0x0000000a2ba00000)]
  0x000001b982340000 JavaThread "Common-Cleaner" daemon [_thread_blocked, id=10620, stack(0x0000000a2bb00000,0x0000000a2bc00000)]
  0x000001b982342800 JavaThread "Catalina-utility-1" [_thread_blocked, id=3908, stack(0x0000000a2c800000,0x0000000a2c900000)]
  0x000001b982342000 JavaThread "container-0" [_thread_blocked, id=20380, stack(0x0000000a2ca00000,0x0000000a2cb00000)]
  0x000001b982347000 JavaThread "mysql-cj-abandoned-connection-cleanup" daemon [_thread_blocked, id=24068, stack(0x0000000a2cb00000,0x0000000a2cc00000)]
  0x000001b982346000 JavaThread "HikariPool-1 housekeeper" daemon [_thread_blocked, id=22072, stack(0x0000000a2cd00000,0x0000000a2ce00000)]
  0x000001b989772000 JavaThread "Live Reload Server" daemon [_thread_in_native, id=11460, stack(0x0000000a2d000000,0x0000000a2d100000)]
  0x000001b989771800 JavaThread "NioBlockingSelector.BlockPoller-1" daemon [_thread_in_native, id=10560, stack(0x0000000a2d100000,0x0000000a2d200000)]
  0x000001b989774800 JavaThread "http-nio-8081-exec-1" daemon [_thread_blocked, id=23152, stack(0x0000000a2d200000,0x0000000a2d300000)]
  0x000001b989773000 JavaThread "http-nio-8081-exec-2" daemon [_thread_blocked, id=8420, stack(0x0000000a2d300000,0x0000000a2d400000)]
  0x000001b989777000 JavaThread "http-nio-8081-exec-3" daemon [_thread_blocked, id=13392, stack(0x0000000a2d400000,0x0000000a2d500000)]
  0x000001b989778000 JavaThread "http-nio-8081-exec-4" daemon [_thread_blocked, id=2240, stack(0x0000000a2d500000,0x0000000a2d600000)]
  0x000001b989776000 JavaThread "http-nio-8081-exec-5" daemon [_thread_blocked, id=23992, stack(0x0000000a2d600000,0x0000000a2d700000)]
  0x000001b989775800 JavaThread "http-nio-8081-exec-6" daemon [_thread_blocked, id=22040, stack(0x0000000a2d700000,0x0000000a2d800000)]
  0x000001b98977a800 JavaThread "http-nio-8081-exec-7" daemon [_thread_blocked, id=3976, stack(0x0000000a2d800000,0x0000000a2d900000)]
  0x000001b989778800 JavaThread "http-nio-8081-exec-8" daemon [_thread_blocked, id=24056, stack(0x0000000a2d900000,0x0000000a2da00000)]
  0x000001b98977c000 JavaThread "http-nio-8081-exec-9" daemon [_thread_blocked, id=6884, stack(0x0000000a2da00000,0x0000000a2db00000)]
  0x000001b98977b000 JavaThread "http-nio-8081-exec-10" daemon [_thread_blocked, id=12908, stack(0x0000000a2db00000,0x0000000a2dc00000)]
  0x000001b989779800 JavaThread "http-nio-8081-ClientPoller-0" daemon [_thread_in_native, id=1216, stack(0x0000000a2dc00000,0x0000000a2dd00000)]
  0x000001b98977f000 JavaThread "http-nio-8081-ClientPoller-1" daemon [_thread_in_native, id=19528, stack(0x0000000a2dd00000,0x0000000a2de00000)]
  0x000001b98977c800 JavaThread "http-nio-8081-Acceptor-0" daemon [_thread_in_native, id=15080, stack(0x0000000a2de00000,0x0000000a2df00000)]
  0x000001b98977e800 JavaThread "DestroyJavaVM" [_thread_blocked, id=3480, stack(0x0000000a2ab00000,0x0000000a2ac00000)]

Other Threads:
  0x000001b9ff72f800 VMThread "VM Thread" [stack: 0x0000000a2b100000,0x0000000a2b200000] [id=2680]
  0x000001b98232c800 WatcherThread [stack: 0x0000000a2ba00000,0x0000000a2bb00000] [id=6384]
  0x000001b9e3885000 GCTaskThread "GC Thread#0" [stack: 0x0000000a2ac00000,0x0000000a2ad00000] [id=19868]
  0x000001b982169000 GCTaskThread "GC Thread#1" [stack: 0x0000000a2c000000,0x0000000a2c100000] [id=19180]
  0x000001b98216a000 GCTaskThread "GC Thread#2" [stack: 0x0000000a2c100000,0x0000000a2c200000] [id=1924]
  0x000001b98216a800 GCTaskThread "GC Thread#3" [stack: 0x0000000a2c200000,0x0000000a2c300000] [id=15192]
  0x000001b98216d800 GCTaskThread "GC Thread#4" [stack: 0x0000000a2c300000,0x0000000a2c400000] [id=12052]
  0x000001b98216b800 GCTaskThread "GC Thread#5" [stack: 0x0000000a2c400000,0x0000000a2c500000] [id=6200]
  0x000001b98216c000 GCTaskThread "GC Thread#6" [stack: 0x0000000a2c500000,0x0000000a2c600000] [id=15316]
  0x000001b982170800 GCTaskThread "GC Thread#7" [stack: 0x0000000a2c600000,0x0000000a2c700000] [id=9320]
  0x000001b9e38bb800 ConcurrentGCThread "G1 Main Marker" [stack: 0x0000000a2ad00000,0x0000000a2ae00000] [id=21956]
  0x000001b9e38c4800 ConcurrentGCThread "G1 Conc#0" [stack: 0x0000000a2ae00000,0x0000000a2af00000] [id=10932]
  0x000001b9833c1000 ConcurrentGCThread "G1 Conc#1" [stack: 0x0000000a2c900000,0x0000000a2ca00000] [id=19796]
  0x000001b9e38bc000 ConcurrentGCThread "G1 Refine#0" [stack: 0x0000000a2af00000,0x0000000a2b000000] [id=3968]
  0x000001b9833be000 ConcurrentGCThread "G1 Refine#1" [stack: 0x0000000a2c700000,0x0000000a2c800000] [id=17512]
  0x000001b9e393e000 ConcurrentGCThread "G1 Young RemSet Sampling" [stack: 0x0000000a2b000000,0x0000000a2b100000] [id=22196]

Threads with active compile tasks:
C1 CompilerThread09388521 7971       3       sun.nio.cs.UTF_8$Encoder::encodeArrayLoop (489 bytes)

VM state:not at safepoint (normal execution)

VM Mutex/Monitor currently owned by a thread: None

Heap address: 0x0000000082400000, size: 2012 MB, Compressed Oops mode: 32-bit
Narrow klass base: 0x0000000000000000, Narrow klass shift: 3
Compressed class space size: 1073741824 Address: 0x0000000100000000

Heap:
 garbage-first heap   total 155648K, used 59856K [0x0000000082400000, 0x0000000100000000)
  region size 1024K, 32 young (32768K), 5 survivors (5120K)
 Metaspace       used 73571K, capacity 75092K, committed 75392K, reserved 1114112K
  class space    used 9135K, capacity 9735K, committed 9856K, reserved 1048576K
Heap Regions: E=young(eden), S=young(survivor), O=old, HS=humongous(starts), HC=humongous(continues), CS=collection set, F=free, A=archive, TAMS=top-at-mark-start (previous, next)
|   0|0x0000000082400000, 0x0000000082500000, 0x0000000082500000|100%|HS|  |TAMS 0x0000000082500000, 0x0000000082400000| Complete 
|   1|0x0000000082500000, 0x0000000082600000, 0x0000000082600000|100%| O|  |TAMS 0x0000000082600000, 0x0000000082500000| Untracked 
|   2|0x0000000082600000, 0x0000000082700000, 0x0000000082700000|100%| O|  |TAMS 0x0000000082700000, 0x0000000082600000| Untracked 
|   3|0x0000000082700000, 0x0000000082800000, 0x0000000082800000|100%| O|  |TAMS 0x0000000082800000, 0x0000000082700000| Untracked 
|   4|0x0000000082800000, 0x0000000082900000, 0x0000000082900000|100%| O|  |TAMS 0x0000000082900000, 0x0000000082800000| Untracked 
|   5|0x0000000082900000, 0x0000000082a00000, 0x0000000082a00000|100%| O|  |TAMS 0x0000000082a00000, 0x0000000082900000| Untracked 
|   6|0x0000000082a00000, 0x0000000082b00000, 0x0000000082b00000|100%| O|  |TAMS 0x0000000082b00000, 0x0000000082a00000| Untracked 
|   7|0x0000000082b00000, 0x0000000082c00000, 0x0000000082c00000|100%| O|  |TAMS 0x0000000082c00000, 0x0000000082b00000| Untracked 
|   8|0x0000000082c00000, 0x0000000082d00000, 0x0000000082d00000|100%| O|  |TAMS 0x0000000082d00000, 0x0000000082c00000| Untracked 
|   9|0x0000000082d00000, 0x0000000082e00000, 0x0000000082e00000|100%| O|  |TAMS 0x0000000082e00000, 0x0000000082d00000| Untracked 
|  10|0x0000000082e00000, 0x0000000082f00000, 0x0000000082f00000|100%| O|  |TAMS 0x0000000082f00000, 0x0000000082e00000| Untracked 
|  11|0x0000000082f00000, 0x0000000083000000, 0x0000000083000000|100%| O|  |TAMS 0x0000000083000000, 0x0000000082f00000| Untracked 
|  12|0x0000000083000000, 0x0000000083100000, 0x0000000083100000|100%| O|  |TAMS 0x0000000083100000, 0x0000000083000000| Untracked 
|  13|0x0000000083100000, 0x0000000083200000, 0x0000000083200000|100%| O|  |TAMS 0x0000000083200000, 0x0000000083100000| Untracked 
|  14|0x0000000083200000, 0x0000000083300000, 0x0000000083300000|100%| O|  |TAMS 0x0000000083300000, 0x0000000083200000| Untracked 
|  15|0x0000000083300000, 0x0000000083400000, 0x0000000083400000|100%| O|  |TAMS 0x0000000083400000, 0x0000000083300000| Untracked 
|  16|0x0000000083400000, 0x0000000083500000, 0x0000000083500000|100%| O|  |TAMS 0x0000000083500000, 0x0000000083400000| Untracked 
|  17|0x0000000083500000, 0x0000000083600000, 0x0000000083600000|100%| O|  |TAMS 0x0000000083600000, 0x0000000083500000| Untracked 
|  18|0x0000000083600000, 0x0000000083700000, 0x0000000083700000|100%| O|  |TAMS 0x0000000083700000, 0x0000000083600000| Untracked 
|  19|0x0000000083700000, 0x0000000083800000, 0x0000000083800000|100%| O|  |TAMS 0x0000000083800000, 0x0000000083700000| Untracked 
|  20|0x0000000083800000, 0x0000000083900000, 0x0000000083900000|100%| O|  |TAMS 0x0000000083900000, 0x0000000083800000| Untracked 
|  21|0x0000000083900000, 0x0000000083a00000, 0x0000000083a00000|100%| O|  |TAMS 0x0000000083a00000, 0x0000000083900000| Untracked 
|  22|0x0000000083a00000, 0x0000000083b00000, 0x0000000083b00000|100%| O|  |TAMS 0x0000000083aa2800, 0x0000000083a00000| Untracked 
|  23|0x0000000083b00000, 0x0000000083c00000, 0x0000000083c00000|100%| O|  |TAMS 0x0000000083b00000, 0x0000000083b00000| Untracked 
|  24|0x0000000083c00000, 0x0000000083d00000, 0x0000000083d00000|100%| O|  |TAMS 0x0000000083c00000, 0x0000000083c00000| Untracked 
|  25|0x0000000083d00000, 0x0000000083e00000, 0x0000000083e00000|100%| O|  |TAMS 0x0000000083d00000, 0x0000000083d00000| Untracked 
|  26|0x0000000083e00000, 0x0000000083f00000, 0x0000000083f00000|100%| O|  |TAMS 0x0000000083e00000, 0x0000000083e00000| Untracked 
|  27|0x0000000083f00000, 0x0000000084000000, 0x0000000084000000|100%| O|  |TAMS 0x0000000083f00000, 0x0000000083f00000| Untracked 
|  28|0x0000000084000000, 0x000000008403e400, 0x0000000084100000| 24%| O|  |TAMS 0x0000000084000000, 0x0000000084000000| Untracked 
|  29|0x0000000084100000, 0x0000000084100000, 0x0000000084200000|  0%| F|  |TAMS 0x0000000084100000, 0x0000000084100000| Untracked 
|  30|0x0000000084200000, 0x0000000084200000, 0x0000000084300000|  0%| F|  |TAMS 0x0000000084200000, 0x0000000084200000| Untracked 
|  31|0x0000000084300000, 0x0000000084300000, 0x0000000084400000|  0%| F|  |TAMS 0x0000000084300000, 0x0000000084300000| Untracked 
|  32|0x0000000084400000, 0x0000000084400000, 0x0000000084500000|  0%| F|  |TAMS 0x0000000084400000, 0x0000000084400000| Untracked 
|  33|0x0000000084500000, 0x0000000084500000, 0x0000000084600000|  0%| F|  |TAMS 0x0000000084500000, 0x0000000084500000| Untracked 
|  34|0x0000000084600000, 0x0000000084600000, 0x0000000084700000|  0%| F|  |TAMS 0x0000000084600000, 0x0000000084600000| Untracked 
|  35|0x0000000084700000, 0x0000000084700000, 0x0000000084800000|  0%| F|  |TAMS 0x0000000084700000, 0x0000000084700000| Untracked 
|  36|0x0000000084800000, 0x0000000084800000, 0x0000000084900000|  0%| F|  |TAMS 0x0000000084800000, 0x0000000084800000| Untracked 
|  37|0x0000000084900000, 0x0000000084900000, 0x0000000084a00000|  0%| F|  |TAMS 0x0000000084900000, 0x0000000084900000| Untracked 
|  38|0x0000000084a00000, 0x0000000084a00000, 0x0000000084b00000|  0%| F|  |TAMS 0x0000000084a00000, 0x0000000084a00000| Untracked 
|  39|0x0000000084b00000, 0x0000000084b00000, 0x0000000084c00000|  0%| F|  |TAMS 0x0000000084b00000, 0x0000000084b00000| Untracked 
|  40|0x0000000084c00000, 0x0000000084c00000, 0x0000000084d00000|  0%| F|  |TAMS 0x0000000084c00000, 0x0000000084c00000| Untracked 
|  41|0x0000000084d00000, 0x0000000084d00000, 0x0000000084e00000|  0%| F|  |TAMS 0x0000000084d00000, 0x0000000084d00000| Untracked 
|  42|0x0000000084e00000, 0x0000000084e00000, 0x0000000084f00000|  0%| F|  |TAMS 0x0000000084e00000, 0x0000000084e00000| Untracked 
|  43|0x0000000084f00000, 0x0000000084f00000, 0x0000000085000000|  0%| F|  |TAMS 0x0000000084f00000, 0x0000000084f00000| Untracked 
|  44|0x0000000085000000, 0x0000000085000000, 0x0000000085100000|  0%| F|  |TAMS 0x0000000085000000, 0x0000000085000000| Untracked 
|  45|0x0000000085100000, 0x0000000085100000, 0x0000000085200000|  0%| F|  |TAMS 0x0000000085100000, 0x0000000085100000| Untracked 
|  46|0x0000000085200000, 0x0000000085200000, 0x0000000085300000|  0%| F|  |TAMS 0x0000000085200000, 0x0000000085200000| Untracked 
|  47|0x0000000085300000, 0x0000000085300000, 0x0000000085400000|  0%| F|  |TAMS 0x0000000085300000, 0x0000000085300000| Untracked 
|  48|0x0000000085400000, 0x0000000085400000, 0x0000000085500000|  0%| F|  |TAMS 0x0000000085400000, 0x0000000085400000| Untracked 
|  49|0x0000000085500000, 0x0000000085500000, 0x0000000085600000|  0%| F|  |TAMS 0x0000000085500000, 0x0000000085500000| Untracked 
|  50|0x0000000085600000, 0x0000000085600000, 0x0000000085700000|  0%| F|  |TAMS 0x0000000085600000, 0x0000000085600000| Untracked 
|  51|0x0000000085700000, 0x0000000085700000, 0x0000000085800000|  0%| F|  |TAMS 0x0000000085700000, 0x0000000085700000| Untracked 
|  52|0x0000000085800000, 0x0000000085800000, 0x0000000085900000|  0%| F|  |TAMS 0x0000000085800000, 0x0000000085800000| Untracked 
|  53|0x0000000085900000, 0x0000000085900000, 0x0000000085a00000|  0%| F|  |TAMS 0x0000000085900000, 0x0000000085900000| Untracked 
|  54|0x0000000085a00000, 0x0000000085a00000, 0x0000000085b00000|  0%| F|  |TAMS 0x0000000085a00000, 0x0000000085a00000| Untracked 
|  55|0x0000000085b00000, 0x0000000085b00000, 0x0000000085c00000|  0%| F|  |TAMS 0x0000000085b00000, 0x0000000085b00000| Untracked 
|  56|0x0000000085c00000, 0x0000000085c35d90, 0x0000000085d00000| 21%| S|CS|TAMS 0x0000000085c00000, 0x0000000085c00000| Complete 
|  57|0x0000000085d00000, 0x0000000085e00000, 0x0000000085e00000|100%| S|CS|TAMS 0x0000000085d00000, 0x0000000085d00000| Complete 
|  58|0x0000000085e00000, 0x0000000085f00000, 0x0000000085f00000|100%| S|CS|TAMS 0x0000000085e00000, 0x0000000085e00000| Complete 
|  59|0x0000000085f00000, 0x0000000086000000, 0x0000000086000000|100%| S|CS|TAMS 0x0000000085f00000, 0x0000000085f00000| Complete 
|  60|0x0000000086000000, 0x0000000086100000, 0x0000000086100000|100%| S|CS|TAMS 0x0000000086000000, 0x0000000086000000| Complete 
|  61|0x0000000086100000, 0x0000000086100000, 0x0000000086200000|  0%| F|  |TAMS 0x0000000086100000, 0x0000000086100000| Untracked 
|  62|0x0000000086200000, 0x0000000086200000, 0x0000000086300000|  0%| F|  |TAMS 0x0000000086200000, 0x0000000086200000| Untracked 
|  63|0x0000000086300000, 0x0000000086300000, 0x0000000086400000|  0%| F|  |TAMS 0x0000000086300000, 0x0000000086300000| Untracked 
|  64|0x0000000086400000, 0x0000000086400000, 0x0000000086500000|  0%| F|  |TAMS 0x0000000086400000, 0x0000000086400000| Untracked 
|  65|0x0000000086500000, 0x0000000086500000, 0x0000000086600000|  0%| F|  |TAMS 0x0000000086500000, 0x0000000086500000| Untracked 
|  66|0x0000000086600000, 0x0000000086600000, 0x0000000086700000|  0%| F|  |TAMS 0x0000000086600000, 0x0000000086600000| Untracked 
|  67|0x0000000086700000, 0x0000000086700000, 0x0000000086800000|  0%| F|  |TAMS 0x0000000086700000, 0x0000000086700000| Untracked 
|  68|0x0000000086800000, 0x0000000086800000, 0x0000000086900000|  0%| F|  |TAMS 0x0000000086800000, 0x0000000086800000| Untracked 
|  69|0x0000000086900000, 0x0000000086900000, 0x0000000086a00000|  0%| F|  |TAMS 0x0000000086900000, 0x0000000086900000| Untracked 
|  70|0x0000000086a00000, 0x0000000086a00000, 0x0000000086b00000|  0%| F|  |TAMS 0x0000000086a00000, 0x0000000086a00000| Untracked 
|  71|0x0000000086b00000, 0x0000000086b00000, 0x0000000086c00000|  0%| F|  |TAMS 0x0000000086b00000, 0x0000000086b00000| Untracked 
|  72|0x0000000086c00000, 0x0000000086c00000, 0x0000000086d00000|  0%| F|  |TAMS 0x0000000086c00000, 0x0000000086c00000| Untracked 
|  73|0x0000000086d00000, 0x0000000086d00000, 0x0000000086e00000|  0%| F|  |TAMS 0x0000000086d00000, 0x0000000086d00000| Untracked 
|  74|0x0000000086e00000, 0x0000000086e00000, 0x0000000086f00000|  0%| F|  |TAMS 0x0000000086e00000, 0x0000000086e00000| Untracked 
|  75|0x0000000086f00000, 0x0000000086f00000, 0x0000000087000000|  0%| F|  |TAMS 0x0000000086f00000, 0x0000000086f00000| Untracked 
|  76|0x0000000087000000, 0x0000000087000000, 0x0000000087100000|  0%| F|  |TAMS 0x0000000087000000, 0x0000000087000000| Untracked 
|  77|0x0000000087100000, 0x0000000087100000, 0x0000000087200000|  0%| F|  |TAMS 0x0000000087100000, 0x0000000087100000| Untracked 
|  78|0x0000000087200000, 0x0000000087200000, 0x0000000087300000|  0%| F|  |TAMS 0x0000000087200000, 0x0000000087200000| Untracked 
|  79|0x0000000087300000, 0x0000000087300000, 0x0000000087400000|  0%| F|  |TAMS 0x0000000087300000, 0x0000000087300000| Untracked 
|  80|0x0000000087400000, 0x0000000087400000, 0x0000000087500000|  0%| F|  |TAMS 0x0000000087400000, 0x0000000087400000| Untracked 
|  81|0x0000000087500000, 0x0000000087500000, 0x0000000087600000|  0%| F|  |TAMS 0x0000000087500000, 0x0000000087500000| Untracked 
|  82|0x0000000087600000, 0x0000000087600000, 0x0000000087700000|  0%| F|  |TAMS 0x0000000087600000, 0x0000000087600000| Untracked 
|  83|0x0000000087700000, 0x0000000087700000, 0x0000000087800000|  0%| F|  |TAMS 0x0000000087700000, 0x0000000087700000| Untracked 
|  84|0x0000000087800000, 0x0000000087800000, 0x0000000087900000|  0%| F|  |TAMS 0x0000000087800000, 0x0000000087800000| Untracked 
|  85|0x0000000087900000, 0x0000000087900000, 0x0000000087a00000|  0%| F|  |TAMS 0x0000000087900000, 0x0000000087900000| Untracked 
|  86|0x0000000087a00000, 0x0000000087a00000, 0x0000000087b00000|  0%| F|  |TAMS 0x0000000087a00000, 0x0000000087a00000| Untracked 
|  87|0x0000000087b00000, 0x0000000087b00000, 0x0000000087c00000|  0%| F|  |TAMS 0x0000000087b00000, 0x0000000087b00000| Untracked 
|  88|0x0000000087c00000, 0x0000000087c00000, 0x0000000087d00000|  0%| F|  |TAMS 0x0000000087c00000, 0x0000000087c00000| Untracked 
|  89|0x0000000087d00000, 0x0000000087d00000, 0x0000000087e00000|  0%| F|  |TAMS 0x0000000087d00000, 0x0000000087d00000| Untracked 
|  90|0x0000000087e00000, 0x0000000087e00000, 0x0000000087f00000|  0%| F|  |TAMS 0x0000000087e00000, 0x0000000087e00000| Untracked 
|  91|0x0000000087f00000, 0x0000000087f00000, 0x0000000088000000|  0%| F|  |TAMS 0x0000000087f00000, 0x0000000087f00000| Untracked 
|  92|0x0000000088000000, 0x0000000088000000, 0x0000000088100000|  0%| F|  |TAMS 0x0000000088000000, 0x0000000088000000| Untracked 
|  93|0x0000000088100000, 0x0000000088100000, 0x0000000088200000|  0%| F|  |TAMS 0x0000000088100000, 0x0000000088100000| Untracked 
|  94|0x0000000088200000, 0x0000000088200000, 0x0000000088300000|  0%| F|  |TAMS 0x0000000088200000, 0x0000000088200000| Untracked 
|  95|0x0000000088300000, 0x0000000088300000, 0x0000000088400000|  0%| F|  |TAMS 0x0000000088300000, 0x0000000088300000| Untracked 
|  96|0x0000000088400000, 0x0000000088400000, 0x0000000088500000|  0%| F|  |TAMS 0x0000000088400000, 0x0000000088400000| Untracked 
|  97|0x0000000088500000, 0x0000000088500000, 0x0000000088600000|  0%| F|  |TAMS 0x0000000088500000, 0x0000000088500000| Untracked 
|  98|0x0000000088600000, 0x0000000088600000, 0x0000000088700000|  0%| F|  |TAMS 0x0000000088600000, 0x0000000088600000| Untracked 
|  99|0x0000000088700000, 0x0000000088700000, 0x0000000088800000|  0%| F|  |TAMS 0x0000000088700000, 0x0000000088700000| Untracked 
| 100|0x0000000088800000, 0x0000000088800000, 0x0000000088900000|  0%| F|  |TAMS 0x0000000088800000, 0x0000000088800000| Untracked 
| 101|0x0000000088900000, 0x0000000088900000, 0x0000000088a00000|  0%| F|  |TAMS 0x0000000088900000, 0x0000000088900000| Untracked 
| 102|0x0000000088a00000, 0x0000000088a00000, 0x0000000088b00000|  0%| F|  |TAMS 0x0000000088a00000, 0x0000000088a00000| Untracked 
| 103|0x0000000088b00000, 0x0000000088b00000, 0x0000000088c00000|  0%| F|  |TAMS 0x0000000088b00000, 0x0000000088b00000| Untracked 
| 104|0x0000000088c00000, 0x0000000088c00000, 0x0000000088d00000|  0%| F|  |TAMS 0x0000000088c00000, 0x0000000088c00000| Untracked 
| 105|0x0000000088d00000, 0x0000000088d00000, 0x0000000088e00000|  0%| F|  |TAMS 0x0000000088d00000, 0x0000000088d00000| Untracked 
| 106|0x0000000088e00000, 0x0000000088e00000, 0x0000000088f00000|  0%| F|  |TAMS 0x0000000088e00000, 0x0000000088e00000| Untracked 
| 107|0x0000000088f00000, 0x0000000088f00000, 0x0000000089000000|  0%| F|  |TAMS 0x0000000088f00000, 0x0000000088f00000| Untracked 
| 108|0x0000000089000000, 0x0000000089000000, 0x0000000089100000|  0%| F|  |TAMS 0x0000000089000000, 0x0000000089000000| Untracked 
| 109|0x0000000089100000, 0x0000000089100000, 0x0000000089200000|  0%| F|  |TAMS 0x0000000089100000, 0x0000000089100000| Untracked 
| 110|0x0000000089200000, 0x0000000089200000, 0x0000000089300000|  0%| F|  |TAMS 0x0000000089200000, 0x0000000089200000| Untracked 
| 111|0x0000000089300000, 0x0000000089300000, 0x0000000089400000|  0%| F|  |TAMS 0x0000000089300000, 0x0000000089300000| Untracked 
| 112|0x0000000089400000, 0x0000000089400000, 0x0000000089500000|  0%| F|  |TAMS 0x0000000089400000, 0x0000000089400000| Untracked 
| 113|0x0000000089500000, 0x0000000089500000, 0x0000000089600000|  0%| F|  |TAMS 0x0000000089500000, 0x0000000089500000| Untracked 
| 114|0x0000000089600000, 0x0000000089600000, 0x0000000089700000|  0%| F|  |TAMS 0x0000000089600000, 0x0000000089600000| Untracked 
| 115|0x0000000089700000, 0x0000000089700000, 0x0000000089800000|  0%| F|  |TAMS 0x0000000089700000, 0x0000000089700000| Untracked 
| 116|0x0000000089800000, 0x0000000089800000, 0x0000000089900000|  0%| F|  |TAMS 0x0000000089800000, 0x0000000089800000| Untracked 
| 117|0x0000000089900000, 0x0000000089900000, 0x0000000089a00000|  0%| F|  |TAMS 0x0000000089900000, 0x0000000089900000| Untracked 
| 118|0x0000000089a00000, 0x0000000089a00000, 0x0000000089b00000|  0%| F|  |TAMS 0x0000000089a00000, 0x0000000089a00000| Untracked 
| 119|0x0000000089b00000, 0x0000000089b00000, 0x0000000089c00000|  0%| F|  |TAMS 0x0000000089b00000, 0x0000000089b00000| Untracked 
| 120|0x0000000089c00000, 0x0000000089c00000, 0x0000000089d00000|  0%| F|  |TAMS 0x0000000089c00000, 0x0000000089c00000| Untracked 
| 121|0x0000000089d00000, 0x0000000089d00000, 0x0000000089e00000|  0%| F|  |TAMS 0x0000000089d00000, 0x0000000089d00000| Untracked 
| 122|0x0000000089e00000, 0x0000000089e00000, 0x0000000089f00000|  0%| F|  |TAMS 0x0000000089e00000, 0x0000000089e00000| Untracked 
| 123|0x0000000089f00000, 0x0000000089f00000, 0x000000008a000000|  0%| F|  |TAMS 0x0000000089f00000, 0x0000000089f00000| Untracked 
| 124|0x000000008a000000, 0x000000008a000000, 0x000000008a100000|  0%| F|  |TAMS 0x000000008a000000, 0x000000008a000000| Untracked 
| 125|0x000000008a100000, 0x000000008a180800, 0x000000008a200000| 50%| E|  |TAMS 0x000000008a100000, 0x000000008a100000| Complete 
| 126|0x000000008a200000, 0x000000008a300000, 0x000000008a300000|100%| E|CS|TAMS 0x000000008a200000, 0x000000008a200000| Complete 
| 127|0x000000008a300000, 0x000000008a400000, 0x000000008a400000|100%| E|CS|TAMS 0x000000008a300000, 0x000000008a300000| Complete 
| 128|0x000000008a400000, 0x000000008a500000, 0x000000008a500000|100%| E|CS|TAMS 0x000000008a400000, 0x000000008a400000| Complete 
| 129|0x000000008a500000, 0x000000008a600000, 0x000000008a600000|100%| E|CS|TAMS 0x000000008a500000, 0x000000008a500000| Complete 
| 130|0x000000008a600000, 0x000000008a700000, 0x000000008a700000|100%| E|CS|TAMS 0x000000008a600000, 0x000000008a600000| Complete 
| 131|0x000000008a700000, 0x000000008a800000, 0x000000008a800000|100%| E|CS|TAMS 0x000000008a700000, 0x000000008a700000| Complete 
| 132|0x000000008a800000, 0x000000008a900000, 0x000000008a900000|100%| E|CS|TAMS 0x000000008a800000, 0x000000008a800000| Complete 
| 133|0x000000008a900000, 0x000000008aa00000, 0x000000008aa00000|100%| E|CS|TAMS 0x000000008a900000, 0x000000008a900000| Complete 
| 134|0x000000008aa00000, 0x000000008ab00000, 0x000000008ab00000|100%| E|CS|TAMS 0x000000008aa00000, 0x000000008aa00000| Complete 
| 135|0x000000008ab00000, 0x000000008ac00000, 0x000000008ac00000|100%| E|CS|TAMS 0x000000008ab00000, 0x000000008ab00000| Complete 
| 136|0x000000008ac00000, 0x000000008ad00000, 0x000000008ad00000|100%| E|CS|TAMS 0x000000008ac00000, 0x000000008ac00000| Complete 
| 137|0x000000008ad00000, 0x000000008ae00000, 0x000000008ae00000|100%| E|CS|TAMS 0x000000008ad00000, 0x000000008ad00000| Complete 
| 138|0x000000008ae00000, 0x000000008af00000, 0x000000008af00000|100%| E|CS|TAMS 0x000000008ae00000, 0x000000008ae00000| Complete 
| 139|0x000000008af00000, 0x000000008b000000, 0x000000008b000000|100%| E|CS|TAMS 0x000000008af00000, 0x000000008af00000| Complete 
| 140|0x000000008b000000, 0x000000008b100000, 0x000000008b100000|100%| E|CS|TAMS 0x000000008b000000, 0x000000008b000000| Complete 
| 141|0x000000008b100000, 0x000000008b200000, 0x000000008b200000|100%| E|CS|TAMS 0x000000008b100000, 0x000000008b100000| Complete 
| 142|0x000000008b200000, 0x000000008b300000, 0x000000008b300000|100%| E|CS|TAMS 0x000000008b200000, 0x000000008b200000| Complete 
| 143|0x000000008b300000, 0x000000008b400000, 0x000000008b400000|100%| E|CS|TAMS 0x000000008b300000, 0x000000008b300000| Complete 
| 144|0x000000008b400000, 0x000000008b500000, 0x000000008b500000|100%| E|CS|TAMS 0x000000008b400000, 0x000000008b400000| Complete 
| 145|0x000000008b500000, 0x000000008b600000, 0x000000008b600000|100%| E|CS|TAMS 0x000000008b500000, 0x000000008b500000| Complete 
| 146|0x000000008b600000, 0x000000008b700000, 0x000000008b700000|100%| E|CS|TAMS 0x000000008b600000, 0x000000008b600000| Complete 
| 147|0x000000008b700000, 0x000000008b800000, 0x000000008b800000|100%| E|CS|TAMS 0x000000008b700000, 0x000000008b700000| Complete 
| 148|0x000000008b800000, 0x000000008b900000, 0x000000008b900000|100%| E|CS|TAMS 0x000000008b800000, 0x000000008b800000| Complete 
| 149|0x000000008b900000, 0x000000008ba00000, 0x000000008ba00000|100%| E|CS|TAMS 0x000000008b900000, 0x000000008b900000| Complete 
| 150|0x000000008ba00000, 0x000000008bb00000, 0x000000008bb00000|100%| E|CS|TAMS 0x000000008ba00000, 0x000000008ba00000| Complete 
| 151|0x000000008bb00000, 0x000000008bc00000, 0x000000008bc00000|100%| E|CS|TAMS 0x000000008bb00000, 0x000000008bb00000| Complete 

Card table byte_map: [0x000001b9fa630000,0x000001b9faa20000] _byte_map_base: 0x000001b9fa21e000

Marking Bits (Prev, Next): (CMBitMap*) 0x000001b9e38b2990, (CMBitMap*) 0x000001b9e38b2958
 Prev Bits: [0x000001b9fcd80000, 0x000001b9fecf0000)
 Next Bits: [0x000001b9fae10000, 0x000001b9fcd80000)

Polling page: 0x000001b9e3040000

Metaspace:

Usage:
  Non-class:     63.83 MB capacity,    62.93 MB ( 99%) used,   736.24 KB (  1%) free+waste,   185.00 KB ( <1%) overhead. 
      Class:      9.51 MB capacity,     8.92 MB ( 94%) used,   513.77 KB (  5%) free+waste,    85.50 KB ( <1%) overhead. 
       Both:     73.33 MB capacity,    71.85 MB ( 98%) used,     1.22 MB (  2%) free+waste,   270.50 KB ( <1%) overhead. 

Virtual space:
  Non-class space:       64.00 MB reserved,      64.00 MB (100%) committed 
      Class space:        1.00 GB reserved,       9.63 MB ( <1%) committed 
             Both:        1.06 GB reserved,      73.63 MB (  7%) committed 

Chunk freelists:
   Non-Class:  6.38 KB
       Class:  3.13 KB
        Both:  9.50 KB

CodeHeap 'non-profiled nmethods': size=120000Kb used=5306Kb max_used=5337Kb free=114693Kb
 bounds [0x000001b9f29e0000, 0x000001b9f2f20000, 0x000001b9f9f10000]
CodeHeap 'profiled nmethods': size=120000Kb used=17665Kb max_used=17665Kb free=102334Kb
 bounds [0x000001b9eb4b0000, 0x000001b9ec600000, 0x000001b9f29e0000]
CodeHeap 'non-nmethods': size=5760Kb used=1252Kb max_used=1319Kb free=4507Kb
 bounds [0x000001b9eaf10000, 0x000001b9eb180000, 0x000001b9eb4b0000]
 total_blobs=8553 nmethods=7913 adapters=550
 compilation: enabled
              stopped_count=0, restarted_count=0
 full_count=0

Compilation events (10 events):
Event: 9313.267 Thread 0x000001b98217c000 nmethod 7966 0x000001b9ec5ea710 code [0x000001b9ec5eaae0, 0x000001b9ec5ec688]
Event: 9365.808 Thread 0x000001b98217c000 7967       3       org.springframework.boot.devtools.filewatch.FolderSnapshot::collectFiles (99 bytes)
Event: 9365.809 Thread 0x000001b98217c000 nmethod 7967 0x000001b9ec5ed090 code [0x000001b9ec5ed2c0, 0x000001b9ec5ed9d8]
Event: 9377.037 Thread 0x000001b98217c000 7968       3       org.springframework.boot.devtools.filewatch.FileSnapshot::<init> (64 bytes)
Event: 9377.041 Thread 0x000001b98217c000 nmethod 7968 0x000001b9ec5edd10 code [0x000001b9ec5ee060, 0x000001b9ec5ef2c8]
Event: 9383.527 Thread 0x000001b98217c000 7969       3       java.io.File::listFiles (52 bytes)
Event: 9383.528 Thread 0x000001b98217c000 nmethod 7969 0x000001b9ec5ef910 code [0x000001b9ec5efae0, 0x000001b9ec5f0018]
Event: 9385.426 Thread 0x000001b98217c000 7970       3       sun.nio.cs.UTF_8::updatePositions (23 bytes)
Event: 9385.426 Thread 0x000001b98217c000 nmethod 7970 0x000001b9ec5f0210 code [0x000001b9ec5f03e0, 0x000001b9ec5f07d8]
Event: 9385.426 Thread 0x000001b98217c000 7971       3       sun.nio.cs.UTF_8$Encoder::encodeArrayLoop (489 bytes)

GC Heap History (10 events):
Event: 259.220 GC heap before
{Heap before GC invocations=12 (full 0):
 garbage-first heap   total 155648K, used 116308K [0x0000000082400000, 0x0000000100000000)
  region size 1024K, 91 young (93184K), 6 survivors (6144K)
 Metaspace       used 72067K, capacity 73583K, committed 73600K, reserved 1114112K
  class space    used 9003K, capacity 9584K, committed 9600K, reserved 1048576K
}
Event: 259.230 GC heap after
{Heap after GC invocations=13 (full 0):
 garbage-first heap   total 155648K, used 31940K [0x0000000082400000, 0x0000000100000000)
  region size 1024K, 9 young (9216K), 9 survivors (9216K)
 Metaspace       used 72067K, capacity 73583K, committed 73600K, reserved 1114112K
  class space    used 9003K, capacity 9584K, committed 9600K, reserved 1048576K
}
Event: 948.561 GC heap before
{Heap before GC invocations=13 (full 0):
 garbage-first heap   total 155648K, used 115908K [0x0000000082400000, 0x0000000100000000)
  region size 1024K, 91 young (93184K), 9 survivors (9216K)
 Metaspace       used 72349K, capacity 73813K, committed 73984K, reserved 1114112K
  class space    used 9031K, capacity 9618K, committed 9728K, reserved 1048576K
}
Event: 948.585 GC heap after
{Heap after GC invocations=14 (full 0):
 garbage-first heap   total 155648K, used 32173K [0x0000000082400000, 0x0000000100000000)
  region size 1024K, 7 young (7168K), 7 survivors (7168K)
 Metaspace       used 72349K, capacity 73813K, committed 73984K, reserved 1114112K
  class space    used 9031K, capacity 9618K, committed 9728K, reserved 1048576K
}
Event: 1636.384 GC heap before
{Heap before GC invocations=14 (full 0):
 garbage-first heap   total 155648K, used 118189K [0x0000000082400000, 0x0000000100000000)
  region size 1024K, 91 young (93184K), 7 survivors (7168K)
 Metaspace       used 72672K, capacity 74155K, committed 74496K, reserved 1114112K
  class space    used 9055K, capacity 9624K, committed 9728K, reserved 1048576K
}
Event: 1636.393 GC heap after
{Heap after GC invocations=15 (full 0):
 garbage-first heap   total 155648K, used 32311K [0x0000000082400000, 0x0000000100000000)
  region size 1024K, 7 young (7168K), 7 survivors (7168K)
 Metaspace       used 72672K, capacity 74155K, committed 74496K, reserved 1114112K
  class space    used 9055K, capacity 9624K, committed 9728K, reserved 1048576K
}
Event: 1989.186 GC heap before
{Heap before GC invocations=15 (full 0):
 garbage-first heap   total 155648K, used 118327K [0x0000000082400000, 0x0000000100000000)
  region size 1024K, 91 young (93184K), 7 survivors (7168K)
 Metaspace       used 73457K, capacity 74964K, committed 75136K, reserved 1114112K
  class space    used 9134K, capacity 9735K, committed 9856K, reserved 1048576K
}
Event: 1989.200 GC heap after
{Heap after GC invocations=16 (full 0):
 garbage-first heap   total 155648K, used 33093K [0x0000000082400000, 0x0000000100000000)
  region size 1024K, 7 young (7168K), 7 survivors (7168K)
 Metaspace       used 73457K, capacity 74964K, committed 75136K, reserved 1114112K
  class space    used 9134K, capacity 9735K, committed 9856K, reserved 1048576K
}
Event: 9161.014 GC heap before
{Heap before GC invocations=16 (full 0):
 garbage-first heap   total 155648K, used 119109K [0x0000000082400000, 0x0000000100000000)
  region size 1024K, 91 young (93184K), 7 survivors (7168K)
 Metaspace       used 73544K, capacity 75092K, committed 75392K, reserved 1114112K
  class space    used 9135K, capacity 9735K, committed 9856K, reserved 1048576K
}
Event: 9161.040 GC heap after
{Heap after GC invocations=17 (full 0):
 garbage-first heap   total 155648K, used 33232K [0x0000000082400000, 0x0000000100000000)
  region size 1024K, 5 young (5120K), 5 survivors (5120K)
 Metaspace       used 73544K, capacity 75092K, committed 75392K, reserved 1114112K
  class space    used 9135K, capacity 9735K, committed 9856K, reserved 1048576K
}

Deoptimization events (10 events):
Event: 9130.217 Thread 0x000001b982345000 Uncommon trap: reason=bimorphic_or_optimized_type_check action=maybe_recompile pc=0x000001b9f2edafb8 method=sun.security.provider.DigestBase.engineUpdate([BII)V @ 128 c2
Event: 9130.752 Thread 0x000001b982345000 Uncommon trap: reason=profile_predicate action=maybe_recompile pc=0x000001b9f2f12284 method=com.sun.crypto.provider.HmacCore.engineInit(Ljava/security/Key;Ljava/security/spec/AlgorithmParameterSpec;)V @ 88 c2
Event: 9130.752 Thread 0x000001b982345000 Uncommon trap: reason=profile_predicate action=maybe_recompile pc=0x000001b9f2f12284 method=com.sun.crypto.provider.HmacCore.engineInit(Ljava/security/Key;Ljava/security/spec/AlgorithmParameterSpec;)V @ 88 c2
Event: 9130.752 Thread 0x000001b982345000 Uncommon trap: reason=profile_predicate action=maybe_recompile pc=0x000001b9f2f12284 method=com.sun.crypto.provider.HmacCore.engineInit(Ljava/security/Key;Ljava/security/spec/AlgorithmParameterSpec;)V @ 88 c2
Event: 9130.752 Thread 0x000001b982345000 Uncommon trap: reason=profile_predicate action=maybe_recompile pc=0x000001b9f2f12284 method=com.sun.crypto.provider.HmacCore.engineInit(Ljava/security/Key;Ljava/security/spec/AlgorithmParameterSpec;)V @ 88 c2
Event: 9365.391 Thread 0x000001b989774000 Uncommon trap: reason=unstable_if action=reinterpret pc=0x000001b9f2e14ab8 method=java.io.File.normalizedList()[Ljava/lang/String; @ 34 c2
Event: 9365.807 Thread 0x000001b989774000 Uncommon trap: reason=unstable_if action=reinterpret pc=0x000001b9f2e73dfc method=java.util.AbstractSet.equals(Ljava/lang/Object;)Z @ 31 c2
Event: 9365.807 Thread 0x000001b989774000 Uncommon trap: reason=unstable_if action=reinterpret pc=0x000001b9f2abb1a4 method=java.util.Collections$UnmodifiableSet.equals(Ljava/lang/Object;)Z @ 15 c2
Event: 9376.623 Thread 0x000001b989774000 Uncommon trap: reason=unstable_if action=reinterpret pc=0x000001b9f2e0ad08 method=org.springframework.boot.devtools.filewatch.FileSnapshot.<init>(Ljava/io/File;)V @ 14 c2
Event: 9383.527 Thread 0x000001b989774000 Uncommon trap: reason=unstable_if action=reinterpret pc=0x000001b9f2e103b4 method=java.io.File.normalizedList()[Ljava/lang/String; @ 34 c2

Classes redefined (0 events):
No events

Internal exceptions (10 events):
Event: 9130.327 Thread 0x000001b982344800 Exception <a 'java/net/SocketException'{0x0000000088ea5110}: Software caused connection abort: socket write error> (0x0000000088ea5110) thrown at [./open/src/hotspot/share/prims/jni.cpp, line 632]
Event: 9130.328 Thread 0x000001b982344800 Exception <a 'java/net/SocketException'{0x0000000088ea5730}: Software caused connection abort: recv failed> (0x0000000088ea5730) thrown at [./open/src/hotspot/share/prims/jni.cpp, line 632]
Event: 9130.345 Thread 0x000001b982344800 Exception <a 'java/net/SocketException'{0x0000000088ea6ed8}: Software caused connection abort: socket write error> (0x0000000088ea6ed8) thrown at [./open/src/hotspot/share/prims/jni.cpp, line 632]
Event: 9130.353 Thread 0x000001b982344800 Exception <a 'java/net/SocketException'{0x0000000088ea74f8}: Software caused connection abort: recv failed> (0x0000000088ea74f8) thrown at [./open/src/hotspot/share/prims/jni.cpp, line 632]
Event: 9130.475 Thread 0x000001b982344800 Exception <a 'java/net/SocketException'{0x0000000088eaa410}: Software caused connection abort: socket write error> (0x0000000088eaa410) thrown at [./open/src/hotspot/share/prims/jni.cpp, line 632]
Event: 9130.479 Thread 0x000001b982344800 Exception <a 'java/net/SocketException'{0x0000000088eaaa30}: Software caused connection abort: recv failed> (0x0000000088eaaa30) thrown at [./open/src/hotspot/share/prims/jni.cpp, line 632]
Event: 9130.534 Thread 0x000001b982344800 Exception <a 'java/net/SocketException'{0x0000000088ead948}: Software caused connection abort: socket write error> (0x0000000088ead948) thrown at [./open/src/hotspot/share/prims/jni.cpp, line 632]
Event: 9130.562 Thread 0x000001b982344800 Exception <a 'java/net/SocketException'{0x0000000088eadf68}: Software caused connection abort: recv failed> (0x0000000088eadf68) thrown at [./open/src/hotspot/share/prims/jni.cpp, line 632]
Event: 9365.391 Thread 0x000001b989774000 Implicit null exception at 0x000001b9f2e12751 to 0x000001b9f2e14a6c
Event: 9383.527 Thread 0x000001b989774000 Implicit null exception at 0x000001b9f2e0fe7f to 0x000001b9f2e10398

Events (10 events):
Event: 9376.623 Thread 0x000001b989774000 DEOPT PACKING pc=0x000001b9f2e0ad08 sp=0x0000000a2cffeba0
Event: 9376.623 Thread 0x000001b989774000 DEOPT UNPACKING pc=0x000001b9eaf3662f sp=0x0000000a2cffeb80 mode 2
Event: 9383.527 Thread 0x000001b989774000 Uncommon trap: trap_request=0xffffff4d fr.pc=0x000001b9f2e103b4 relative=0x0000000000000754
Event: 9383.527 Thread 0x000001b989774000 DEOPT PACKING pc=0x000001b9f2e103b4 sp=0x0000000a2cffeb90
Event: 9383.527 Thread 0x000001b989774000 DEOPT UNPACKING pc=0x000001b9eaf3662f sp=0x0000000a2cffeae8 mode 2
Event: 9385.415 loading class java/lang/Throwable$WrappedPrintStream
Event: 9385.422 loading class java/lang/Throwable$WrappedPrintStream done
Event: 9385.426 Executing VM operation: RevokeBias
Event: 9385.426 Executing VM operation: RevokeBias done
Event: 9385.426 Thread 0x000001b989774000 Thread exited: 0x000001b989774000


Dynamic libraries:
0x00007ff68bd90000 - 0x00007ff68bd9f000 	C:\Program Files\Java\jdk-11.0.15.1\bin\javaw.exe
0x00007ffb90aa0000 - 0x00007ffb90d07000 	C:\WINDOWS\SYSTEM32\ntdll.dll
0x00007ffb908d0000 - 0x00007ffb90999000 	C:\WINDOWS\System32\KERNEL32.DLL
0x00007ffb8e260000 - 0x00007ffb8e651000 	C:\WINDOWS\System32\KERNELBASE.dll
0x00007ffb8d380000 - 0x00007ffb8d4cb000 	C:\WINDOWS\System32\ucrtbase.dll
0x00007ffb7fbb0000 - 0x00007ffb7fbc8000 	C:\Program Files\Java\jdk-11.0.15.1\bin\jli.dll
0x00007ffb89fe0000 - 0x00007ffb89ff5000 	C:\Program Files\Java\jdk-11.0.15.1\bin\VCRUNTIME140.dll
0x00007ffb8f6a0000 - 0x00007ffb8f75b000 	C:\WINDOWS\System32\ADVAPI32.dll
0x00007ffb90080000 - 0x00007ffb90129000 	C:\WINDOWS\System32\msvcrt.dll
0x00007ffb8f100000 - 0x00007ffb8f1a7000 	C:\WINDOWS\System32\sechost.dll
0x00007ffb8f7d0000 - 0x00007ffb8f8e8000 	C:\WINDOWS\System32\RPCRT4.dll
0x00007ffb8eb70000 - 0x00007ffb8ed35000 	C:\WINDOWS\System32\USER32.dll
0x00007ffb8d880000 - 0x00007ffb8d8a7000 	C:\WINDOWS\System32\win32u.dll
0x00007ffb774d0000 - 0x00007ffb77763000 	C:\WINDOWS\WinSxS\amd64_microsoft.windows.common-controls_6595b64144ccf1df_6.0.26100.8037_none_3e092faae333b53b\COMCTL32.dll
0x00007ffb8f0d0000 - 0x00007ffb8f0fb000 	C:\WINDOWS\System32\GDI32.dll
0x00007ffb8e660000 - 0x00007ffb8e78b000 	C:\WINDOWS\System32\gdi32full.dll
0x00007ffb8d940000 - 0x00007ffb8d9e3000 	C:\WINDOWS\System32\msvcp_win.dll
0x00007ffb87400000 - 0x00007ffb8740b000 	C:\WINDOWS\SYSTEM32\VERSION.dll
0x00007ffb8e900000 - 0x00007ffb8e931000 	C:\WINDOWS\System32\IMM32.DLL
0x00007ffb7e6e0000 - 0x00007ffb7e77b000 	C:\Program Files\Java\jdk-11.0.15.1\bin\msvcp140.dll
0x00007ffad6c20000 - 0x00007ffad7736000 	C:\Program Files\Java\jdk-11.0.15.1\bin\server\jvm.dll
0x00007ffb8e9e0000 - 0x00007ffb8e9e8000 	C:\WINDOWS\System32\PSAPI.DLL
0x00007ffb6aff0000 - 0x00007ffb6affa000 	C:\WINDOWS\SYSTEM32\WSOCK32.dll
0x00007ffb7f120000 - 0x00007ffb7f155000 	C:\WINDOWS\SYSTEM32\WINMM.dll
0x00007ffb8e960000 - 0x00007ffb8e9d4000 	C:\WINDOWS\System32\WS2_32.dll
0x00007ffb8c0d0000 - 0x00007ffb8c0eb000 	C:\WINDOWS\SYSTEM32\kernel.appcore.dll
0x00007ffb7e820000 - 0x00007ffb7e830000 	C:\Program Files\Java\jdk-11.0.15.1\bin\verify.dll
0x00007ffb8b420000 - 0x00007ffb8b662000 	C:\WINDOWS\SYSTEM32\DBGHELP.DLL
0x00007ffb8ed40000 - 0x00007ffb8f0c2000 	C:\WINDOWS\System32\combase.dll
0x00007ffb8f390000 - 0x00007ffb8f467000 	C:\WINDOWS\System32\OLEAUT32.dll
0x00007ffb75350000 - 0x00007ffb7538b000 	C:\WINDOWS\SYSTEM32\dbgcore.DLL
0x00007ffb8e790000 - 0x00007ffb8e835000 	C:\WINDOWS\System32\bcryptPrimitives.dll
0x00007ffb7ca90000 - 0x00007ffb7cab8000 	C:\Program Files\Java\jdk-11.0.15.1\bin\java.dll
0x00007ffb7e6b0000 - 0x00007ffb7e6ba000 	C:\Program Files\Java\jdk-11.0.15.1\bin\jimage.dll
0x00007ffb7ca70000 - 0x00007ffb7ca86000 	C:\Program Files\Java\jdk-11.0.15.1\bin\zip.dll
0x00007ffb90130000 - 0x00007ffb9088f000 	C:\WINDOWS\System32\SHELL32.dll
0x00007ffb8d4d0000 - 0x00007ffb8d63a000 	C:\WINDOWS\System32\wintypes.dll
0x00007ffb8d9f0000 - 0x00007ffb8e254000 	C:\WINDOWS\System32\windows.storage.dll
0x00007ffb8fa50000 - 0x00007ffb8fb47000 	C:\WINDOWS\System32\SHCORE.dll
0x00007ffb8f760000 - 0x00007ffb8f7c7000 	C:\WINDOWS\System32\shlwapi.dll
0x00007ffb8d2a0000 - 0x00007ffb8d2c9000 	C:\WINDOWS\SYSTEM32\profapi.dll
0x00007ffb7ca50000 - 0x00007ffb7ca69000 	C:\Program Files\Java\jdk-11.0.15.1\bin\net.dll
0x00007ffb86620000 - 0x00007ffb86747000 	C:\WINDOWS\SYSTEM32\WINHTTP.dll
0x00007ffb8c620000 - 0x00007ffb8c68b000 	C:\WINDOWS\system32\mswsock.dll
0x00007ffb7ca30000 - 0x00007ffb7ca42000 	C:\Program Files\Java\jdk-11.0.15.1\bin\nio.dll
0x00007ffb87d90000 - 0x00007ffb87d99000 	C:\Program Files\Java\jdk-11.0.15.1\bin\management.dll
0x00007ffb7fba0000 - 0x00007ffb7fbab000 	C:\Program Files\Java\jdk-11.0.15.1\bin\management_ext.dll
0x00007ffb6a2b0000 - 0x00007ffb6a2c8000 	C:\WINDOWS\system32\napinsp.dll
0x00007ffb8bb50000 - 0x00007ffb8bc7a000 	C:\WINDOWS\SYSTEM32\DNSAPI.dll
0x00007ffb8b9e0000 - 0x00007ffb8ba13000 	C:\WINDOWS\SYSTEM32\IPHLPAPI.DLL
0x00007ffb8fff0000 - 0x00007ffb8fffa000 	C:\WINDOWS\System32\NSI.dll
0x00007ffb6a290000 - 0x00007ffb6a2a2000 	C:\WINDOWS\System32\winrnr.dll
0x00007ffb6a140000 - 0x00007ffb6a162000 	C:\WINDOWS\system32\nlansp_c.dll
0x00007ffb6a0f0000 - 0x00007ffb6a106000 	C:\WINDOWS\system32\wshbth.dll
0x00007ffb7f8d0000 - 0x00007ffb7f8db000 	C:\Windows\System32\rasadhlp.dll
0x00007ffb85bb0000 - 0x00007ffb85c36000 	C:\WINDOWS\System32\fwpuclnt.dll
0x00007ffb8c9a0000 - 0x00007ffb8c9bb000 	C:\WINDOWS\SYSTEM32\CRYPTSP.dll
0x00007ffb8c030000 - 0x00007ffb8c069000 	C:\WINDOWS\system32\rsaenh.dll
0x00007ffb8c6d0000 - 0x00007ffb8c702000 	C:\WINDOWS\SYSTEM32\USERENV.dll
0x00007ffb8d270000 - 0x00007ffb8d29a000 	C:\WINDOWS\SYSTEM32\bcrypt.dll
0x00007ffb8c880000 - 0x00007ffb8c88c000 	C:\WINDOWS\SYSTEM32\CRYPTBASE.dll
0x00007ffb87440000 - 0x00007ffb8745d000 	C:\WINDOWS\SYSTEM32\dhcpcsvc6.DLL
0x00007ffb87410000 - 0x00007ffb87433000 	C:\WINDOWS\SYSTEM32\dhcpcsvc.DLL
0x00007ffb7c670000 - 0x00007ffb7c695000 	C:\Program Files\Java\jdk-11.0.15.1\bin\sunec.dll
0x00007ffb7e630000 - 0x00007ffb7e63d000 	C:\Program Files\Java\jdk-11.0.15.1\bin\sunmscapi.dll
0x00007ffb8d700000 - 0x00007ffb8d877000 	C:\WINDOWS\System32\CRYPT32.dll
0x00007ffb8cb00000 - 0x00007ffb8cb30000 	C:\WINDOWS\SYSTEM32\ncrypt.dll
0x00007ffb8cab0000 - 0x00007ffb8caef000 	C:\WINDOWS\SYSTEM32\NTASN1.dll

dbghelp: loaded successfully - version: 4.0.5 - missing functions: none
symbol engine: initialized successfully - sym options: 0x614 - pdb path: .;C:\Program Files\Java\jdk-11.0.15.1\bin;C:\WINDOWS\SYSTEM32;C:\WINDOWS\WinSxS\amd64_microsoft.windows.common-controls_6595b64144ccf1df_6.0.26100.8037_none_3e092faae333b53b;C:\Program Files\Java\jdk-11.0.15.1\bin\server

VM Arguments:
jvm_args: -Dfile.encoding=UTF-8 
java_command: com.rays.ORSProject10Application
java_class_path (initial): C:\Users\DELL\OneDrive\Desktop\Mission-Project-10\ORSProject-10\target\classes;C:\Users\DELL\.m2\repository\org\springframework\boot\spring-boot-devtools\2.1.2.RELEASE\spring-boot-devtools-2.1.2.RELEASE.jar;C:\Users\DELL\.m2\repository\org\springframework\boot\spring-boot\2.1.2.RELEASE\spring-boot-2.1.2.RELEASE.jar;C:\Users\DELL\.m2\repository\org\springframework\spring-core\5.1.4.RELEASE\spring-core-5.1.4.RELEASE.jar;C:\Users\DELL\.m2\repository\org\springframework\spring-jcl\5.1.4.RELEASE\spring-jcl-5.1.4.RELEASE.jar;C:\Users\DELL\.m2\repository\org\springframework\spring-context\5.1.4.RELEASE\spring-context-5.1.4.RELEASE.jar;C:\Users\DELL\.m2\repository\org\springframework\boot\spring-boot-autoconfigure\2.1.2.RELEASE\spring-boot-autoconfigure-2.1.2.RELEASE.jar;C:\Users\DELL\.m2\repository\org\springframework\boot\spring-boot-starter-web\2.1.2.RELEASE\spring-boot-starter-web-2.1.2.RELEASE.jar;C:\Users\DELL\.m2\repository\org\springframework\boot\spring-boot-starter\2.1.2.RELEASE\spring-boot-starter-2.1.2.RELEASE.jar;C:\Users\DELL\.m2\repository\org\springframework\boot\spring-boot-starter-logging\2.1.2.RELEASE\spring-boot-starter-logging-2.1.2.RELEASE.jar;C:\Users\DELL\.m2\repository\ch\qos\logback\logback-classic\1.2.3\logback-classic-1.2.3.jar;C:\Users\DELL\.m2\repository\ch\qos\logback\logback-core\1.2.3\logback-core-1.2.3.jar;C:\Users\DELL\.m2\repository\org\apache\logging\log4j\log4j-to-slf4j\2.11.1\log4j-to-slf4j-2.11.1.jar;C:\Users\DELL\.m2\repository\org\apache\logging\log4j\log4j-api\2.11.1\log4j-api-2.11.1.jar;C:\Users\DELL\.m2\repository\org\slf4j\jul-to-slf4j\1.7.25\jul-to-slf4j-1.7.25.jar;C:\Users\DELL\.m2\repository\javax\annotation\javax.annotation-api\1.3.2\javax.annotation-api-1.3.2.jar;C:\Users\DELL\.m2\repository\org\yaml\snakeyaml\1.23\snakeyaml-1.23.jar;C:\Users\DELL\.m2\repository\org\springframework\boot\spring-boot-starter-json\2.1.2.RELEASE\spring-boot-starter-json-2.1.2.RELEASE.jar;C:\Users\DELL\.m2\repository
Launcher Type: SUN_STANDARD

[Global flags]
     intx CICompilerCount                          = 4                                         {product} {ergonomic}
     uint ConcGCThreads                            = 2                                         {product} {ergonomic}
     uint G1ConcRefinementThreads                  = 8                                         {product} {ergonomic}
   size_t G1HeapRegionSize                         = 1048576                                   {product} {ergonomic}
    uintx GCDrainStackTargetSize                   = 64                                        {product} {ergonomic}
   size_t InitialHeapSize                          = 132120576                                 {product} {ergonomic}
   size_t MarkStackSize                            = 4194304                                   {product} {ergonomic}
   size_t MaxHeapSize                              = 2109734912                                {product} {ergonomic}
   size_t MaxNewSize                               = 1265631232                                {product} {ergonomic}
   size_t MinHeapDeltaBytes                        = 1048576                                   {product} {ergonomic}
    uintx NonNMethodCodeHeapSize                   = 5836300                                {pd product} {ergonomic}
    uintx NonProfiledCodeHeapSize                  = 122910970                              {pd product} {ergonomic}
    uintx ProfiledCodeHeapSize                     = 122910970                              {pd product} {ergonomic}
    uintx ReservedCodeCacheSize                    = 251658240                              {pd product} {ergonomic}
     bool SegmentedCodeCache                       = true                                      {product} {ergonomic}
     bool UseCompressedClassPointers               = true                                 {lp64_product} {ergonomic}
     bool UseCompressedOops                        = true                                 {lp64_product} {ergonomic}
     bool UseG1GC                                  = true                                      {product} {ergonomic}
     bool UseLargePagesIndividualAllocation        = false                                  {pd product} {ergonomic}

Logging:
Log output configuration:
 #0: stdout all=warning uptime,level,tags
 #1: stderr all=off uptime,level,tags

Environment Variables:
JAVA_HOME=C:\Program Files\Java\jdk-11.0.15.1
PATH=C:/Program Files/Java/jdk-11.0.15.1/bin/server;C:/Program Files/Java/jdk-11.0.15.1/bin;C:\WINDOWS\system32;C:\WINDOWS;C:\WINDOWS\System32\Wbem;C:\WINDOWS\System32\WindowsPowerShell\v1.0\;C:\WINDOWS\System32\OpenSSH\;C:\Program Files\Git\cmd;C:\Program Files\dotnet\;C:\Program Files\Docker\Docker\resources\bin;C:\Program Files\nodejs\;C:\Program Files (x86)\NVIDIA Corporation\PhysX\Common;C:\Program Files\NVIDIA Corporation\NVIDIA App\NvDLISR;C:\WINDOWS\system32;C:\WINDOWS;C:\WINDOWS\System32\Wbem;C:\WINDOWS\System32\WindowsPowerShell\v1.0\;C:\WINDOWS\System32\OpenSSH\;C:\Program Files\Git\cmd;C:\Program Files\dotnet\;C:\Program Files\Docker\Docker\resources\bin;C:\Program Files\nodejs\;C:\Program Files (x86)\NVIDIA Corporation\PhysX\Common;C:\Program Files\NVIDIA Corporation\NVIDIA App\NvDLISR;C:\WINDOWS\system32;C:\WINDOWS;C:\WINDOWS\System32\Wbem;C:\WINDOWS\System32\WindowsPowerShell\v1.0\;C:\WINDOWS\System32\OpenSSH\;C:\Program Files\Git\cmd;C:\Program Files\dotnet\;C:\Program Files\Docker\Docker\resources\bin;C:\Program Files\nodejs\;C:\Program Files (x86)\NVIDIA Corporation\PhysX\Common;C:\Program Files\NVIDIA Corporation\NVIDIA App\NvDLISR;C:\Program Files\Java\jdk-11.0.15.1\bin;C:\Users\DELL\AppData\Roaming\npm;C:\Users\DELL\AppData\Local\Microsoft\WindowsApps;;C:\Users\DELL\AppData\Local\Programs\Microsoft VS Code\bin;C:\Users\DELL\Downloads\eclipse-jee-2019-03-R-win32-x86_64\eclipse;
USERNAME=DELL
OS=Windows_NT
PROCESSOR_IDENTIFIER=Intel64 Family 6 Model 158 Stepping 10, GenuineIntel



---------------  S Y S T E M  ---------------

OS: Windows 11 , 64 bit Build 26100 (10.0.26100.7920)
Hyper-V role detected

CPU:total 8 (initial active 8) (4 cores per cpu, 2 threads per core) family 6 model 158 stepping 10 microcode 0xde, cmov, cx8, fxsr, mmx, sse, sse2, sse3, ssse3, sse4.1, sse4.2, popcnt, avx, avx2, aes, clmul, erms, 3dnowpref, lzcnt, ht, tsc, tscinvbit, bmi1, bmi2, adx, fma

Memory: 4k page, system-wide physical 8044M (1301M free)
TotalPageFile size 32620M (AvailPageFile size 0M)
current process WorkingSet (physical memory assigned to process): 152M, peak: 332M
current process commit charge ("private bytes"): 356M, peak: 402M

vm_info: Java HotSpot(TM) 64-Bit Server VM (11.0.15.1+2-LTS-10) for windows-amd64 JRE (11.0.15.1+2-LTS-10), built on Apr 25 2022 21:51:57 by "mach5one" with MS VC++ 15.9 (VS2017)

END.
