JvmtiExport can_access_local_variables 0
JvmtiExport can_hotswap_or_post_breakpoint 0
JvmtiExport can_post_on_exceptions 0
# 155 ciObject found
instanceKlass org/hibernate/engine/internal/EntityEntryContext$ImmutableManagedEntityHolder
instanceKlass org/hibernate/engine/jdbc/batch/internal/AbstractBatchImpl
instanceKlass org/hibernate/jmx/internal/DisabledJmxServiceImpl
instanceKlass org/hibernate/engine/jdbc/batch/spi/Batch
instanceKlass org/hibernate/engine/jdbc/batch/internal/BatchBuilderImpl
instanceKlass org/hibernate/engine/jdbc/batch/internal/BatchBuilderMXBean
instanceKlass org/hibernate/engine/jdbc/batch/internal/BasicBatchKey
instanceKlass org/hibernate/jdbc/Expectations$BasicExpectation
instanceKlass org/hibernate/jdbc/Expectations$1
instanceKlass org/hibernate/jdbc/Expectation
instanceKlass org/hibernate/jdbc/Expectations
instanceKlass org/hibernate/engine/spi/ExecutableList
instanceKlass org/hibernate/engine/internal/EntityEntryExtraStateHolder
instanceKlass org/hibernate/internal/util/collections/IdentitySet
instanceKlass org/hibernate/loader/plan/exec/process/internal/HydratedEntityRegistration
instanceKlass org/hibernate/loader/plan/exec/process/internal/ResultSetProcessingContextImpl$1
instanceKlass org/hibernate/loader/plan/exec/process/spi/ResultSetProcessingContext$EntityReferenceProcessingState
instanceKlass org/hibernate/loader/plan/exec/process/internal/ResultSetProcessingContextImpl
instanceKlass org/hibernate/loader/plan/exec/internal/AbstractLoadPlanBasedLoader$1
instanceKlass org/hibernate/loader/plan/exec/internal/AbstractLoadPlanBasedLoader$SqlStatementWrapper
instanceKlass org/hibernate/event/spi/LoadEventListener$LoadType
instanceKlass javax/xml/bind/annotation/XmlType
instanceKlass org/springframework/util/LinkedCaseInsensitiveMap$$Lambda$668
instanceKlass org/springframework/http/ContentDisposition$Builder
instanceKlass org/springframework/http/ContentDisposition
instanceKlass org/apache/catalina/core/ApplicationPart
instanceKlass java/io/FileOutputStream$1
instanceKlass org/apache/tomcat/util/http/fileupload/FileUtils
instanceKlass org/apache/tomcat/util/http/fileupload/disk/DiskFileItem
instanceKlass org/apache/tomcat/util/http/fileupload/FileUploadBase$FileItemIteratorImpl$FileItemStreamImpl
instanceKlass org/apache/tomcat/util/http/fileupload/util/FileItemHeadersImpl
instanceKlass org/apache/tomcat/util/http/fileupload/IOUtils
instanceKlass org/apache/tomcat/util/http/fileupload/util/Streams
instanceKlass org/apache/tomcat/util/http/fileupload/MultipartStream
instanceKlass org/apache/tomcat/util/http/fileupload/MultipartStream$ProgressNotifier
instanceKlass org/apache/tomcat/util/http/fileupload/util/mime/MimeUtility
instanceKlass org/apache/tomcat/util/http/fileupload/ParameterParser
instanceKlass org/apache/tomcat/util/http/fileupload/FileItemStream
instanceKlass org/apache/tomcat/util/http/fileupload/util/Closeable
instanceKlass org/apache/tomcat/util/http/fileupload/FileUploadBase$FileItemIteratorImpl
instanceKlass org/apache/tomcat/util/http/fileupload/servlet/ServletRequestContext
instanceKlass org/apache/tomcat/util/http/fileupload/UploadContext
instanceKlass org/apache/tomcat/util/http/fileupload/FileItemHeaders
instanceKlass org/apache/tomcat/util/http/fileupload/FileItemIterator
instanceKlass org/apache/tomcat/util/http/fileupload/FileUploadBase
instanceKlass org/apache/tomcat/util/http/fileupload/FileItem
instanceKlass org/apache/tomcat/util/http/fileupload/FileItemHeadersSupport
instanceKlass org/apache/tomcat/util/http/fileupload/disk/DiskFileItemFactory
instanceKlass sun/security/ssl/Alert$AlertConsumer
instanceKlass com/zaxxer/hikari/pool/HikariPool$$Lambda$667
instanceKlass java/lang/Throwable$PrintStreamOrWriter
instanceKlass org/springframework/web/bind/annotation/ExceptionHandler
instanceKlass org/springframework/web/method/annotation/ExceptionHandlerMethodResolver$$Lambda$666
instanceKlass org/springframework/web/method/annotation/ExceptionHandlerMethodResolver
instanceKlass com/fasterxml/jackson/databind/ser/impl/PropertySerializerMap$TypeAndSerializer
instanceKlass com/fasterxml/jackson/core/io/NumberOutput
instanceKlass com/fasterxml/jackson/databind/ser/std/NumberSerializers$1
instanceKlass org/springframework/http/ResponseEntity$BodyBuilder
instanceKlass org/springframework/http/ResponseEntity$HeadersBuilder
instanceKlass org/springframework/web/servlet/mvc/condition/HeadersRequestCondition$$Lambda$665
instanceKlass org/springframework/web/servlet/mvc/condition/ParamsRequestCondition$$Lambda$664
instanceKlass org/springframework/web/servlet/mvc/condition/AbstractNameValueExpression
instanceKlass org/springframework/web/servlet/mvc/condition/NameValueExpression
instanceKlass javax/servlet/ServletRequestWrapper
instanceKlass org/apache/catalina/core/ApplicationDispatcher$State
instanceKlass org/apache/catalina/core/ApplicationMapping$MappingImpl
instanceKlass org/apache/catalina/core/ApplicationMapping$1
instanceKlass org/apache/catalina/core/ApplicationContext$DispatchData
instanceKlass org/springframework/util/AntPathMatcher$AntPatternComparator$PatternInfo
instanceKlass org/springframework/web/servlet/mvc/method/RequestMappingInfoHandlerMapping$PartialMatchHelper
instanceKlass org/springframework/web/servlet/mvc/condition/ProducesRequestCondition$$Lambda$663
instanceKlass org/hibernate/engine/internal/TwoPhaseLoad
instanceKlass org/hibernate/type/descriptor/sql/BasicExtractor
instanceKlass org/hibernate/engine/spi/BatchFetchQueue
instanceKlass org/hibernate/event/internal/DefaultFlushEntityEventListener$1DirtyCheckContextImpl
instanceKlass org/hibernate/action/internal/DelayedPostInsertIdentifier
instanceKlass org/hibernate/engine/internal/EntityEntryContext$EntityEntryCrossRefImpl
instanceKlass org/hibernate/engine/internal/EntityEntryContext$EntityEntryCrossRef
instanceKlass org/hibernate/internal/util/collections/LazyIterator
instanceKlass org/hibernate/engine/internal/Versioning
instanceKlass com/mysql/cj/jdbc/result/ResultSetMetaData
instanceKlass org/hibernate/id/ResultSetIdentifierConsumer
instanceKlass java/util/regex/Pattern$BmpCharPredicate$$Lambda$662
instanceKlass java/util/regex/CharPredicates$$Lambda$661
instanceKlass com/mysql/cj/util/TimeUtil
instanceKlass org/hibernate/persister/entity/AbstractEntityPersister$4
instanceKlass org/hibernate/validator/internal/engine/resolver/CachingTraversableResolverForSingleValidation
instanceKlass org/hibernate/validator/internal/engine/ValidatorFactoryImpl$ValidatorFactoryScopedContext$Builder
instanceKlass org/hibernate/validator/internal/engine/ValidatorContextImpl
instanceKlass org/hibernate/cfg/beanvalidation/HibernateTraversableResolver
instanceKlass org/hibernate/engine/internal/Nullability
instanceKlass org/hibernate/engine/internal/NonNullableTransientDependencies
instanceKlass org/hibernate/engine/internal/ForeignKeys$Nullifier
instanceKlass org/hibernate/property/access/internal/PropertyAccessStrategyBackRefImpl$1
instanceKlass org/hibernate/property/access/internal/PropertyAccessStrategyBackRefImpl
instanceKlass org/hibernate/type/TypeHelper
instanceKlass org/hibernate/engine/internal/Cascade
instanceKlass org/hibernate/engine/internal/EntityEntryContext$ManagedEntityImpl
instanceKlass org/hibernate/engine/internal/AbstractEntityEntry$EnumState
instanceKlass org/hibernate/engine/spi/EntityEntryExtraState
instanceKlass org/hibernate/engine/internal/AbstractEntityEntry
instanceKlass org/hibernate/id/IdentifierGeneratorHelper$2
instanceKlass org/hibernate/id/IdentifierGeneratorHelper$1
instanceKlass org/hibernate/id/IntegralDataTypeHolder
instanceKlass org/hibernate/id/IdentifierGeneratorHelper
instanceKlass org/hibernate/engine/spi/SelfDirtinessTracker
instanceKlass org/hibernate/event/internal/DefaultPersistEventListener$1
instanceKlass org/hibernate/bytecode/enhance/spi/LazyPropertyInitializer$1
instanceKlass org/hibernate/engine/internal/ForeignKeys
instanceKlass org/hibernate/hql/internal/HolderInstantiator$$Lambda$660
instanceKlass org/hibernate/hql/internal/HolderInstantiator$$Lambda$659
instanceKlass org/hibernate/hql/internal/HolderInstantiator$$Lambda$658
instanceKlass org/hibernate/hql/internal/HolderInstantiator
instanceKlass org/hibernate/secure/spi/PermissionCheckEntityInformation
instanceKlass org/hibernate/loader/Loader$SqlStatementWrapper
instanceKlass com/zaxxer/hikari/pool/ProxyResultSet
instanceKlass org/hibernate/engine/jdbc/internal/ResultSetReturnImpl
instanceKlass org/hibernate/engine/jdbc/spi/JdbcWrapper
instanceKlass com/zaxxer/hikari/pool/ProxyStatement
instanceKlass org/hibernate/engine/jdbc/internal/BasicFormatterImpl$FormatProcess
instanceKlass org/hibernate/engine/jdbc/internal/StatementPreparerImpl$StatementPreparationTemplate
instanceKlass org/hibernate/engine/jdbc/internal/StatementPreparerImpl
instanceKlass org/hibernate/dialect/pagination/LimitHelper
instanceKlass org/hibernate/engine/spi/TypedValue$1
instanceKlass org/hibernate/engine/spi/TypedValue
instanceKlass org/hibernate/query/criteria/internal/compile/CriteriaQueryTypeQueryAdapter
instanceKlass org/hibernate/query/spi/QueryParameterBindingValidator
instanceKlass org/hibernate/query/internal/QueryParameterBindingImpl
instanceKlass org/hibernate/jpa/TypedParameterValue
instanceKlass javax/persistence/Tuple
instanceKlass org/hibernate/query/criteria/internal/CriteriaQueryImpl$1$1$1
instanceKlass org/hibernate/query/spi/QueryParameterBinding
instanceKlass org/hibernate/query/spi/QueryParameterListBinding
instanceKlass org/hibernate/query/internal/QueryParameterBindingsImpl
instanceKlass org/hibernate/engine/spi/RowSelection
instanceKlass org/hibernate/engine/query/spi/ReturnMetadata
instanceKlass org/hibernate/engine/query/spi/AbstractParameterDescriptor
instanceKlass org/hibernate/query/QueryParameter
instanceKlass org/hibernate/hql/internal/ast/ParameterTranslationsImpl$$Lambda$657
instanceKlass org/hibernate/hql/internal/ast/NamedParameterInformationImpl
instanceKlass org/hibernate/hql/spi/NamedParameterInformation
instanceKlass org/hibernate/hql/internal/ast/ParameterTranslationsImpl
instanceKlass org/hibernate/hql/spi/ParameterInformation
instanceKlass org/hibernate/hql/internal/ast/SqlGenerator$DefaultWriter
instanceKlass org/hibernate/hql/internal/ast/SqlGenerator$SqlWriter
instanceKlass org/hibernate/hql/internal/ast/util/JoinProcessor$1
instanceKlass org/hibernate/engine/internal/JoinSequence
instanceKlass org/hibernate/hql/internal/ast/util/SyntheticAndFactory
instanceKlass org/hibernate/engine/internal/JoinSequence$Selector
instanceKlass org/hibernate/hql/internal/ast/util/JoinProcessor
instanceKlass org/hibernate/hql/internal/NameGenerator
instanceKlass org/hibernate/hql/internal/ast/util/ASTIterator
instanceKlass org/hibernate/hql/internal/ast/util/ASTAppender
instanceKlass org/hibernate/hql/internal/ast/tree/AggregatedSelectExpression
instanceKlass org/hibernate/param/AbstractExplicitParameterSpecification
instanceKlass org/hibernate/param/ExplicitParameterSpecification
instanceKlass org/hibernate/hql/internal/ast/tree/ExpectedTypeAwareNode
instanceKlass org/hibernate/hql/internal/CollectionProperties
instanceKlass org/hibernate/persister/entity/Queryable$Declarer
instanceKlass org/hibernate/hql/internal/ast/tree/BinaryOperatorNode
instanceKlass org/hibernate/hql/internal/ast/tree/OperatorNode
instanceKlass org/hibernate/hql/internal/ast/util/ASTUtil$CollectingNodeVisitor
instanceKlass org/hibernate/hql/internal/ast/tree/CollectionPropertyReference
instanceKlass org/hibernate/hql/internal/ast/tree/FromElementType
instanceKlass org/hibernate/hql/internal/ast/TypeDiscriminatorMetadata
instanceKlass org/hibernate/hql/internal/ast/tree/FromElementFactory
instanceKlass org/hibernate/hql/internal/antlr/SqlTokenTypes
instanceKlass org/hibernate/hql/internal/ast/tree/DotNode$1
instanceKlass org/hibernate/hql/internal/ast/tree/DotNode$IllegalCollectionDereferenceExceptionBuilder
instanceKlass org/hibernate/hql/internal/ast/tree/PathNode
instanceKlass org/hibernate/hql/internal/ast/tree/ResolvableNode
instanceKlass org/hibernate/hql/internal/ast/util/ASTUtil$IncludePredicate
instanceKlass org/hibernate/hql/internal/ast/util/ASTUtil$FilterPredicate
instanceKlass org/hibernate/hql/internal/ast/tree/SessionFactoryAwareNode
instanceKlass org/hibernate/hql/internal/ast/tree/SelectExpression
instanceKlass org/hibernate/hql/internal/ast/util/LiteralProcessor$DecimalFormatter
instanceKlass org/hibernate/hql/internal/ast/util/LiteralProcessor
instanceKlass org/hibernate/hql/internal/ast/util/SessionFactoryHelper
instanceKlass org/hibernate/hql/internal/ast/util/AliasGenerator
instanceKlass antlr/TreeParserSharedInputState
instanceKlass antlr/ASTNULLType
instanceKlass org/hibernate/hql/internal/ast/tree/RestrictableStatement
instanceKlass org/hibernate/hql/internal/ast/tree/Statement
instanceKlass org/hibernate/hql/internal/ast/tree/InitializeableNode
instanceKlass org/hibernate/hql/internal/ast/tree/ParameterContainer
instanceKlass org/hibernate/hql/internal/ast/tree/DisplayableNode
instanceKlass org/hibernate/param/ParameterSpecification
instanceKlass org/hibernate/param/ParameterBinder
instanceKlass antlr/TreeParser
instanceKlass org/hibernate/hql/internal/antlr/HqlSqlTokenTypes
instanceKlass org/hibernate/engine/internal/ParameterBinder$NamedParameterSource
instanceKlass org/hibernate/hql/internal/ast/util/ASTUtil
instanceKlass org/hibernate/hql/internal/ast/QueryTranslatorImpl$JavaConstantConverter
instanceKlass org/hibernate/hql/internal/ast/util/NodeTraverser
instanceKlass antlr/collections/impl/ASTArray
instanceKlass antlr/collections/ASTEnumeration
instanceKlass antlr/BaseAST
instanceKlass antlr/ASTPair
instanceKlass org/hibernate/hql/internal/ast/ErrorTracker
instanceKlass antlr/TokenQueue
instanceKlass antlr/TokenBuffer
instanceKlass antlr/ParserSharedInputState
instanceKlass antlr/ANTLRHashString
instanceKlass antlr/ANTLRStringBuffer
instanceKlass antlr/LexerSharedInputState
instanceKlass antlr/CharQueue
instanceKlass antlr/Token
instanceKlass antlr/InputBuffer
instanceKlass antlr/CharScanner
instanceKlass antlr/collections/impl/BitSet
instanceKlass antlr/ASTFactory
instanceKlass org/hibernate/hql/internal/ast/ParseErrorHandler
instanceKlass org/hibernate/hql/internal/ast/ErrorReporter
instanceKlass antlr/TokenStream
instanceKlass antlr/Parser
instanceKlass org/hibernate/hql/internal/antlr/HqlTokenTypes
instanceKlass org/hibernate/hql/internal/ast/util/NodeTraverser$VisitationStrategy
instanceKlass antlr/collections/AST
instanceKlass org/hibernate/hql/internal/ast/exec/StatementExecutor
instanceKlass org/hibernate/hql/spi/ParameterTranslations
instanceKlass org/hibernate/hql/internal/ast/QueryTranslatorImpl
instanceKlass org/hibernate/engine/query/spi/EntityGraphQueryHint
instanceKlass org/hibernate/hql/spi/FilterTranslator
instanceKlass org/hibernate/hql/internal/ast/ASTQueryTranslatorFactory
instanceKlass org/hibernate/hql/spi/QueryTranslator
instanceKlass org/hibernate/hql/internal/classic/ParserHelper
instanceKlass org/hibernate/hql/internal/QuerySplitter
instanceKlass org/hibernate/engine/query/spi/HQLQueryPlan
instanceKlass org/hibernate/engine/query/spi/QueryPlanCache$HQLQueryPlanKey
instanceKlass org/hibernate/query/Query$1
instanceKlass org/hibernate/Query$1
instanceKlass org/hibernate/query/spi/QueryParameterBindings
instanceKlass org/hibernate/query/internal/AbstractProducedQuery
instanceKlass org/hibernate/jpa/spi/HibernateEntityManagerImplementor$QueryOptions$ResultMetadataValidator
instanceKlass org/hibernate/query/criteria/internal/CriteriaQueryImpl$1$1
instanceKlass org/hibernate/query/criteria/internal/compile/CriteriaCompiler$2
instanceKlass org/hibernate/query/criteria/internal/CriteriaQueryImpl$1
instanceKlass org/hibernate/query/criteria/internal/compile/CriteriaCompiler$1$1
instanceKlass org/hibernate/query/criteria/internal/compile/ImplicitParameterBinding
instanceKlass org/hibernate/query/criteria/internal/expression/LiteralExpression$1
instanceKlass org/hibernate/query/criteria/internal/compile/CriteriaCompiler$1
instanceKlass org/hibernate/query/criteria/internal/compile/InterpretedParameterMetadata
instanceKlass org/hibernate/query/criteria/internal/compile/RenderingContext
instanceKlass org/hibernate/query/criteria/internal/compile/CriteriaCompiler
instanceKlass org/hibernate/query/criteria/internal/ValueHandlerFactory$ValueHandler
instanceKlass org/hibernate/query/criteria/internal/ValueHandlerFactory
instanceKlass org/hibernate/query/criteria/internal/predicate/PredicateImplementor
instanceKlass org/hibernate/query/criteria/internal/expression/BinaryOperatorExpression
instanceKlass org/hibernate/query/criteria/internal/path/AbstractFromImpl$BasicJoinScope
instanceKlass org/hibernate/query/criteria/internal/ListJoinImplementor
instanceKlass javax/persistence/criteria/ListJoin
instanceKlass org/hibernate/query/criteria/internal/SetJoinImplementor
instanceKlass javax/persistence/criteria/SetJoin
instanceKlass org/hibernate/query/criteria/internal/CollectionJoinImplementor
instanceKlass javax/persistence/criteria/CollectionJoin
instanceKlass org/hibernate/query/criteria/internal/MapJoinImplementor
instanceKlass javax/persistence/criteria/MapJoin
instanceKlass javax/persistence/criteria/PluralJoin
instanceKlass org/hibernate/query/criteria/internal/JoinImplementor
instanceKlass javax/persistence/criteria/Fetch
instanceKlass org/hibernate/query/criteria/internal/path/AbstractFromImpl$JoinScope
instanceKlass javax/persistence/metamodel/PluralAttribute
instanceKlass org/hibernate/query/criteria/internal/ParameterContainer
instanceKlass org/hibernate/query/criteria/internal/FromImplementor
instanceKlass org/hibernate/query/criteria/internal/PathImplementor
instanceKlass org/hibernate/query/criteria/internal/PathSource
instanceKlass org/hibernate/query/criteria/internal/ExpressionImplementor
instanceKlass org/hibernate/query/criteria/internal/Renderable
instanceKlass org/hibernate/query/criteria/internal/SelectionImplementor
instanceKlass org/hibernate/query/criteria/internal/TupleElementImplementor
instanceKlass org/hibernate/query/criteria/internal/ParameterRegistry
instanceKlass javax/persistence/criteria/Subquery
instanceKlass org/hibernate/query/criteria/internal/QueryStructure
instanceKlass org/hibernate/query/criteria/internal/compile/CriteriaInterpretation
instanceKlass org/hibernate/query/criteria/internal/AbstractNode
instanceKlass org/hibernate/query/criteria/internal/compile/CompilableCriteria
instanceKlass org/springframework/orm/jpa/vendor/HibernateJpaDialect$SessionTransactionData
instanceKlass org/hibernate/resource/transaction/backend/jdbc/internal/JdbcResourceLocalTransactionCoordinatorImpl$TransactionDriverControlImpl
instanceKlass org/hibernate/engine/transaction/internal/TransactionImpl
instanceKlass org/hibernate/internal/SessionImpl$IdentifierLoadAccessImpl
instanceKlass org/hibernate/engine/spi/EntityKey
instanceKlass org/hibernate/engine/spi/QueryParameters
instanceKlass org/hibernate/jpa/spi/HibernateEntityManagerImplementor$QueryOptions
instanceKlass org/springframework/orm/jpa/vendor/HibernateJpaDialect$HibernateConnectionHandle
instanceKlass org/springframework/transaction/support/ResourceTransactionDefinition
instanceKlass org/springframework/transaction/support/DelegatingTransactionDefinition
instanceKlass org/springframework/transaction/support/CallbackPreferringPlatformTransactionManager
instanceKlass org/springframework/transaction/interceptor/TransactionInterceptor$$Lambda$656
instanceKlass org/springframework/aop/framework/InterceptorAndDynamicMethodMatcher
instanceKlass org/springframework/aop/framework/ReflectiveMethodInvocation
instanceKlass org/springframework/aop/ProxyMethodInvocation
instanceKlass org/hibernate/collection/spi/PersistentCollection
instanceKlass java/text/ParsePosition
instanceKlass org/apache/tomcat/util/http/parser/Cookie$ByteBuffer
instanceKlass org/apache/tomcat/util/http/parser/Cookie
instanceKlass org/hibernate/internal/util/collections/ConcurrentReferenceHashMap$HashIterator
instanceKlass org/hibernate/resource/transaction/backend/jta/internal/JtaTransactionCoordinatorImpl
instanceKlass org/hibernate/resource/transaction/backend/jta/internal/synchronization/SynchronizationCallbackTarget
instanceKlass org/springframework/web/method/annotation/SessionAttributesHandler$$Lambda$655
instanceKlass org/apache/tomcat/util/net/NioBlockingSelector$BlockPoller$RunnableRemove
instanceKlass org/apache/tomcat/util/net/NioBlockingSelector$KeyReference
instanceKlass org/apache/tomcat/util/buf/HexUtils
instanceKlass sun/nio/cs/Surrogate
instanceKlass sun/nio/cs/Surrogate$Parser
instanceKlass com/fasterxml/jackson/core/io/JsonStringEncoder
instanceKlass com/fasterxml/jackson/databind/ser/impl/PropertySerializerMap$SerializerAndMapResult
instanceKlass com/fasterxml/jackson/databind/ser/std/StdKeySerializers
instanceKlass com/fasterxml/jackson/databind/ObjectWriter$Prefetch
instanceKlass com/fasterxml/jackson/databind/ObjectWriter$GeneratorSettings
instanceKlass com/fasterxml/jackson/core/util/MinimalPrettyPrinter
instanceKlass org/springframework/util/TypeUtils
instanceKlass org/apache/tomcat/util/http/parser/MediaType
instanceKlass org/springframework/http/server/ServletServerHttpResponse$$Lambda$654
instanceKlass org/springframework/http/StreamingHttpOutputMessage
instanceKlass org/springframework/http/converter/json/MappingJacksonValue
instanceKlass org/springframework/web/servlet/mvc/method/annotation/AbstractMessageConverterMethodProcessor$$Lambda$653
instanceKlass javax/xml/bind/annotation/XmlRootElement
instanceKlass com/fasterxml/jackson/databind/ser/impl/FilteredBeanPropertyWriter
instanceKlass com/fasterxml/jackson/annotation/JsonFilter
instanceKlass com/fasterxml/jackson/databind/annotation/JsonAppend
instanceKlass com/fasterxml/jackson/databind/ser/impl/PropertySerializerMap
instanceKlass com/fasterxml/jackson/databind/ser/PropertyBuilder$1
instanceKlass com/fasterxml/jackson/databind/BeanProperty$Std
instanceKlass com/fasterxml/jackson/annotation/JsonTypeId
instanceKlass com/fasterxml/jackson/databind/introspect/POJOPropertyBuilder$3
instanceKlass com/fasterxml/jackson/annotation/JsonInclude
instanceKlass com/fasterxml/jackson/databind/ser/PropertyBuilder
instanceKlass com/fasterxml/jackson/databind/type/TypeBindings$AsKey
instanceKlass com/fasterxml/jackson/databind/type/TypeBindings$TypeParamStash
instanceKlass com/fasterxml/jackson/databind/ser/BeanSerializerBuilder
instanceKlass com/fasterxml/jackson/annotation/JsonCreator
instanceKlass java/util/stream/DoubleStream
instanceKlass java/util/stream/LongStream
instanceKlass com/fasterxml/jackson/databind/util/TypeKey
instanceKlass com/fasterxml/jackson/databind/ser/impl/ReadOnlyClassToSerializerMap$Bucket
instanceKlass com/fasterxml/jackson/databind/ser/impl/ReadOnlyClassToSerializerMap
instanceKlass org/springframework/http/MediaType$$Lambda$652
instanceKlass org/springframework/http/server/ServletServerHttpResponse
instanceKlass org/springframework/web/context/request/async/WebAsyncTask
instanceKlass java/util/concurrent/CompletionStage
instanceKlass org/springframework/web/context/request/async/DeferredResult
instanceKlass org/springframework/web/servlet/mvc/method/annotation/StreamingResponseBody
instanceKlass org/springframework/web/method/support/AsyncHandlerMethodReturnValueHandler
instanceKlass com/rays/common/BaseCtl$$Lambda$651
instanceKlass org/springframework/validation/beanvalidation/SpringValidatorAdapter$$Lambda$650
instanceKlass java/util/ArrayList$SubList$1
instanceKlass org/hibernate/validator/internal/engine/ConstraintViolationImpl
instanceKlass org/hibernate/validator/engine/HibernateConstraintViolation
instanceKlass org/hibernate/validator/internal/engine/MessageInterpolatorContext
instanceKlass org/hibernate/validator/messageinterpolation/HibernateMessageInterpolatorContext
instanceKlass org/hibernate/validator/internal/engine/ValidationContext$$Lambda$649
instanceKlass org/hibernate/validator/internal/engine/constraintvalidation/ConstraintViolationCreationContext
instanceKlass javax/validation/ConstraintValidatorContext$ConstraintViolationBuilder
instanceKlass org/hibernate/validator/internal/engine/constraintvalidation/ConstraintValidatorContextImpl
instanceKlass org/hibernate/validator/constraintvalidation/HibernateConstraintValidatorContext
instanceKlass org/hibernate/validator/internal/engine/constraintvalidation/ConstraintValidatorManager$CacheKey
instanceKlass org/hibernate/jpa/internal/util/PersistenceUtilHelper$FieldAttributeAccess
instanceKlass org/hibernate/jpa/internal/util/PersistenceUtilHelper$AttributeAccess
instanceKlass org/hibernate/jpa/internal/util/PersistenceUtilHelper$ClassMetadataCache$1
instanceKlass org/hibernate/jpa/internal/util/PersistenceUtilHelper$ClassMetadataCache
instanceKlass org/hibernate/jpa/internal/util/PersistenceUtilHelper
instanceKlass javax/persistence/spi/PersistenceProviderResolverHolder$DefaultPersistenceProviderResolver$CacheKeyReference
instanceKlass javax/persistence/spi/PersistenceProviderResolverHolder$DefaultPersistenceProviderResolver$CacheKey
instanceKlass javax/persistence/spi/PersistenceProviderResolverHolder$DefaultPersistenceProviderResolver
instanceKlass javax/persistence/spi/PersistenceProviderResolver
instanceKlass javax/persistence/spi/PersistenceProviderResolverHolder
instanceKlass java/lang/invoke/LambdaForm$MH
instanceKlass org/hibernate/validator/internal/engine/resolver/CachingJPATraversableResolverForSingleValidation$$Lambda$648
instanceKlass org/hibernate/validator/internal/engine/resolver/AbstractTraversableHolder
instanceKlass org/hibernate/validator/internal/engine/ValueContext$ValueState
instanceKlass org/hibernate/validator/internal/engine/ValueContext
instanceKlass org/hibernate/validator/internal/engine/path/NodeImpl
instanceKlass org/hibernate/validator/path/ContainerElementNode
instanceKlass org/hibernate/validator/path/PropertyNode
instanceKlass javax/validation/Path$ContainerElementNode
instanceKlass javax/validation/Path$CrossParameterNode
instanceKlass javax/validation/Path$ReturnValueNode
instanceKlass javax/validation/Path$ParameterNode
instanceKlass javax/validation/Path$BeanNode
instanceKlass javax/validation/Path$ConstructorNode
instanceKlass javax/validation/Path$MethodNode
instanceKlass javax/validation/Path$PropertyNode
instanceKlass org/hibernate/validator/internal/engine/path/PathImpl
instanceKlass org/hibernate/validator/internal/engine/ValidationContext$1
instanceKlass org/hibernate/validator/internal/metadata/aggregated/AbstractConstraintMetaData$ContainerElementMetaDataTree
instanceKlass javax/validation/metadata/PropertyDescriptor
instanceKlass java/lang/reflect/AnnotatedTypeVariable
instanceKlass javax/validation/ConstraintValidatorContext
instanceKlass org/hibernate/validator/internal/engine/constraintvalidation/ConstraintTree
instanceKlass org/hibernate/validator/internal/metadata/location/TypeArgumentConstraintLocation
instanceKlass org/hibernate/validator/internal/metadata/core/MetaConstraints$$Lambda$647
instanceKlass org/hibernate/validator/internal/engine/valueextraction/ValueExtractorResolver$$Lambda$646
instanceKlass org/hibernate/validator/internal/metadata/core/MetaConstraints
instanceKlass org/hibernate/validator/internal/util/privilegedactions/GetDeclaredField
instanceKlass org/hibernate/validator/internal/metadata/location/FieldConstraintLocation
instanceKlass javax/validation/OverridesAttribute$List
instanceKlass javax/validation/OverridesAttribute
instanceKlass org/hibernate/validator/internal/metadata/core/ConstraintHelper$$Lambda$645
instanceKlass org/hibernate/validator/internal/metadata/descriptor/ConstraintDescriptorImpl$$Lambda$644
instanceKlass org/hibernate/validator/internal/metadata/descriptor/ConstraintDescriptorImpl$$Lambda$643
instanceKlass org/hibernate/validator/internal/metadata/core/ConstraintHelper$$Lambda$642
instanceKlass javax/validation/valueextraction/Unwrapping$Skip
instanceKlass javax/validation/valueextraction/Unwrapping$Unwrap
instanceKlass javax/validation/Payload
instanceKlass org/hibernate/validator/internal/util/privilegedactions/GetAnnotationAttributes
instanceKlass org/hibernate/validator/internal/util/annotation/AnnotationDescriptor
instanceKlass javax/validation/ReportAsSingleViolation
instanceKlass org/hibernate/validator/internal/engine/ValidationContext$ValidationContextBuilder
instanceKlass javax/validation/MessageInterpolator$Context
instanceKlass org/hibernate/validator/internal/engine/ValidationContext
instanceKlass org/hibernate/validator/internal/engine/resolver/CachingJPATraversableResolverForSingleValidation
instanceKlass org/hibernate/validator/internal/engine/resolver/TraverseAllTraversableResolver
instanceKlass org/springframework/beans/PropertyAccessorFactory
instanceKlass org/springframework/validation/DefaultMessageCodesResolver
instanceKlass org/springframework/validation/DefaultBindingErrorProcessor
instanceKlass org/springframework/validation/BindingErrorProcessor
instanceKlass org/springframework/validation/AbstractErrors
instanceKlass org/springframework/web/servlet/mvc/method/annotation/AbstractMessageConverterMethodArgumentResolver$$Lambda$641
instanceKlass com/fasterxml/jackson/core/util/TextBuffer
instanceKlass com/fasterxml/jackson/core/io/CharTypes
instanceKlass com/fasterxml/jackson/core/JsonStreamContext
instanceKlass com/fasterxml/jackson/core/json/ByteSourceJsonBootstrapper
instanceKlass com/fasterxml/jackson/core/util/BufferRecycler
instanceKlass com/fasterxml/jackson/core/util/BufferRecyclers
instanceKlass com/fasterxml/jackson/core/io/IOContext
instanceKlass org/springframework/http/converter/json/MappingJacksonInputMessage
instanceKlass com/fasterxml/jackson/databind/util/LinkedNode
instanceKlass com/fasterxml/jackson/databind/deser/std/DateDeserializers
instanceKlass com/fasterxml/jackson/databind/deser/std/NumberDeserializers
instanceKlass com/fasterxml/jackson/databind/deser/impl/ReadableObjectId$Referring
instanceKlass com/fasterxml/jackson/databind/deser/impl/BeanPropertyMap
instanceKlass com/fasterxml/jackson/annotation/JsonAlias
instanceKlass com/fasterxml/jackson/databind/util/ViewMatcher
instanceKlass com/fasterxml/jackson/databind/introspect/POJOPropertyBuilder$1
instanceKlass com/fasterxml/jackson/databind/introspect/POJOPropertyBuilder$8
instanceKlass com/fasterxml/jackson/databind/introspect/POJOPropertyBuilder$2
instanceKlass com/fasterxml/jackson/databind/deser/impl/NullsConstantProvider
instanceKlass com/fasterxml/jackson/databind/PropertyMetadata
instanceKlass com/fasterxml/jackson/databind/introspect/POJOPropertyBuilder$7
instanceKlass com/fasterxml/jackson/databind/introspect/POJOPropertyBuilder$6
instanceKlass com/fasterxml/jackson/annotation/JsonPropertyDescription
instanceKlass com/fasterxml/jackson/databind/introspect/POJOPropertyBuilder$5
instanceKlass com/fasterxml/jackson/databind/introspect/POJOPropertyBuilder$4
instanceKlass com/fasterxml/jackson/databind/annotation/JsonTypeResolver
instanceKlass com/fasterxml/jackson/databind/introspect/AnnotationCollector$OneAnnotation
instanceKlass com/fasterxml/jackson/annotation/JsonIgnoreType
instanceKlass com/fasterxml/jackson/annotation/JsonIgnoreProperties$Value
instanceKlass com/fasterxml/jackson/annotation/JsonIgnoreProperties
instanceKlass com/fasterxml/jackson/databind/deser/BeanDeserializerBuilder
instanceKlass com/fasterxml/jackson/annotation/JsonPropertyOrder
instanceKlass com/fasterxml/jackson/databind/annotation/JsonNaming
instanceKlass com/fasterxml/jackson/databind/introspect/POJOPropertyBuilder$10
instanceKlass com/fasterxml/jackson/databind/introspect/POJOPropertyBuilder$9
instanceKlass com/fasterxml/jackson/annotation/JacksonInject
instanceKlass com/fasterxml/jackson/annotation/JsonGetter
instanceKlass com/fasterxml/jackson/annotation/JsonAnyGetter
instanceKlass com/fasterxml/jackson/databind/util/BeanUtil
instanceKlass com/fasterxml/jackson/databind/introspect/AnnotatedMethodMap
instanceKlass com/fasterxml/jackson/databind/introspect/AnnotatedMethodCollector$MethodBuilder
instanceKlass com/fasterxml/jackson/databind/introspect/MemberKey
instanceKlass com/fasterxml/jackson/databind/introspect/POJOPropertyBuilder$Linked
instanceKlass com/fasterxml/jackson/databind/AnnotationIntrospector$ReferenceProperty
instanceKlass com/fasterxml/jackson/databind/introspect/POJOPropertyBuilder$WithMember
instanceKlass com/fasterxml/jackson/annotation/JsonIgnore
instanceKlass com/fasterxml/jackson/annotation/JsonAutoDetect$1
instanceKlass com/fasterxml/jackson/annotation/JsonProperty
instanceKlass com/fasterxml/jackson/annotation/JsonSetter
instanceKlass com/fasterxml/jackson/annotation/JsonAnySetter
instanceKlass com/fasterxml/jackson/annotation/JsonValue
instanceKlass javax/validation/constraints/NotNull$List
instanceKlass javax/validation/constraints/NotEmpty$List
instanceKlass com/fasterxml/jackson/annotation/JacksonAnnotationsInside
instanceKlass com/fasterxml/jackson/databind/introspect/AnnotatedFieldCollector$FieldBuilder
instanceKlass com/fasterxml/jackson/databind/introspect/TypeResolutionContext$Basic
instanceKlass com/fasterxml/jackson/databind/introspect/AnnotationMap
instanceKlass com/fasterxml/jackson/databind/introspect/CollectorBase
instanceKlass com/fasterxml/jackson/databind/deser/impl/CreatorCollector
instanceKlass com/fasterxml/jackson/core/JsonLocation
instanceKlass com/fasterxml/jackson/databind/annotation/JsonValueInstantiator
instanceKlass com/fasterxml/jackson/databind/jsontype/impl/SubTypeValidator
instanceKlass com/fasterxml/jackson/databind/deser/std/JdkDeserializers
instanceKlass org/w3c/dom/Document
instanceKlass com/fasterxml/jackson/databind/ext/OptionalHandlerFactory
instanceKlass com/fasterxml/jackson/databind/util/ArrayIterator
instanceKlass com/fasterxml/jackson/annotation/JsonIdentityInfo
instanceKlass com/fasterxml/jackson/annotation/JsonAutoDetect
instanceKlass com/fasterxml/jackson/databind/introspect/POJOPropertiesCollector
instanceKlass com/fasterxml/jackson/databind/type/ClassStack
instanceKlass org/springframework/web/servlet/mvc/method/annotation/AbstractMessageConverterMethodArgumentResolver$EmptyBodyCheckingHttpInputMessage
instanceKlass org/springframework/util/MimeType$$Lambda$640
instanceKlass org/springframework/util/CollectionUtils$MultiValueMapAdapter$$Lambda$639
instanceKlass org/apache/tomcat/util/http/NamesEnumerator
instanceKlass org/springframework/util/CollectionUtils$MultiValueMapAdapter
instanceKlass java/time/zone/ZoneOffsetTransitionRule
instanceKlass java/time/zone/ZoneRules
instanceKlass org/springframework/http/server/ServerHttpAsyncRequestControl
instanceKlass org/springframework/http/server/ServletServerHttpRequest
instanceKlass org/springframework/web/context/request/async/WebAsyncManager$$Lambda$638
instanceKlass javax/servlet/AsyncListener
instanceKlass javax/servlet/http/CookieNameValidator
instanceKlass javax/servlet/http/Cookie
instanceKlass org/apache/catalina/session/ManagerBase$SessionTiming
instanceKlass org/apache/catalina/session/StandardSessionFacade
instanceKlass java/text/FieldPosition$Delegate
instanceKlass sun/security/provider/SecureRandom$SeederHolder
instanceKlass javax/servlet/http/HttpSessionContext
instanceKlass org/apache/catalina/session/StandardSession
instanceKlass org/springframework/web/bind/annotation/RequestAttribute
instanceKlass org/springframework/web/bind/annotation/SessionAttribute
instanceKlass org/springframework/web/bind/annotation/CookieValue
instanceKlass org/springframework/web/bind/annotation/RequestHeader
instanceKlass org/springframework/web/bind/annotation/RequestBody
instanceKlass org/springframework/web/bind/annotation/MatrixVariable
instanceKlass org/springframework/web/bind/annotation/PathVariable
instanceKlass javax/servlet/http/Part
instanceKlass org/springframework/web/multipart/MultipartFile
instanceKlass org/springframework/web/multipart/support/MultipartResolutionDelegate
instanceKlass org/springframework/web/bind/annotation/RequestPart
instanceKlass org/springframework/web/bind/annotation/RequestParam
instanceKlass org/springframework/ui/ModelMap$$Lambda$637
instanceKlass org/springframework/web/servlet/support/RequestContextUtils
instanceKlass org/springframework/web/bind/support/SimpleSessionStatus
instanceKlass org/springframework/web/bind/support/SessionStatus
